[2025-05-09T12:14:59.409251+02:00] app.ERROR: Database connectie mislukt {"ip":"CLI","url":"N/A","request_id":"2b58cadf04c70ff7","error":"SQLSTATE[HY000] [2002] Kan geen verbinding maken omdat de doelcomputer de verbinding actief heeft geweigerd"} 
[2025-05-09T12:14:59.409880+02:00] app.ERROR: Databaseverbinding mislukt {"ip":"CLI","url":"N/A","request_id":"2b58cadf04c70ff7","error":"SQLSTATE[HY000] [2002] Kan geen verbinding maken omdat de doelcomputer de verbinding actief heeft geweigerd"} 
[2025-05-09T12:14:59.410149+02:00] app.ERROR: SQLSTATE[HY000] [2002] Kan geen verbinding maken omdat de doelcomputer de verbinding actief heeft geweigerd {"ip":"CLI","url":"N/A","request_id":"2b58cadf04c70ff7","file":"C:\\Users\\julia.DPIMEDIA\\AIdoc\\slimmermetai-site\\src\\Infrastructure\\Database\\Database.php","line":32,"trace":"#0 C:\\Users\\julia.DPIMEDIA\\AIdoc\\slimmermetai-site\\src\\Infrastructure\\Database\\Database.php(32): PDO->__construct('mysql:host=127....', 'deb133403n2_use...', 'G_lTt[S7Hx(aWqu...', Array)
#1 C:\\Users\\julia.DPIMEDIA\\AIdoc\\slimmermetai-site\\bootstrap.php(61): App\\Infrastructure\\Database\\Database->connect()
#2 C:\\Users\\julia.DPIMEDIA\\AIdoc\\slimmermetai-site\\bin\\legacy_migrate.php(22): require_once('C:\\\\Users\\\\julia....')
#3 {main}"} 
[2025-05-09T12:16:19.050053+02:00] app.ERROR: Database connectie mislukt {"ip":"CLI","url":"N/A","request_id":"5a93ad59dbedd8d6","error":"SQLSTATE[HY000] [2002] Kan geen verbinding maken omdat de doelcomputer de verbinding actief heeft geweigerd"} 
[2025-05-09T12:16:19.050728+02:00] app.ERROR: Databaseverbinding mislukt {"ip":"CLI","url":"N/A","request_id":"5a93ad59dbedd8d6","error":"SQLSTATE[HY000] [2002] Kan geen verbinding maken omdat de doelcomputer de verbinding actief heeft geweigerd"} 
[2025-05-09T12:16:19.050829+02:00] app.ERROR: SQLSTATE[HY000] [2002] Kan geen verbinding maken omdat de doelcomputer de verbinding actief heeft geweigerd {"ip":"CLI","url":"N/A","request_id":"5a93ad59dbedd8d6","file":"C:\\Users\\julia.DPIMEDIA\\AIdoc\\slimmermetai-site\\src\\Infrastructure\\Database\\Database.php","line":32,"trace":"#0 C:\\Users\\julia.DPIMEDIA\\AIdoc\\slimmermetai-site\\src\\Infrastructure\\Database\\Database.php(32): PDO->__construct('mysql:host=127....', 'deb133403n2_use...', 'G_lTt[S7Hx(aWqu...', Array)
#1 C:\\Users\\julia.DPIMEDIA\\AIdoc\\slimmermetai-site\\bootstrap.php(61): App\\Infrastructure\\Database\\Database->connect()
#2 C:\\Users\\julia.DPIMEDIA\\AIdoc\\slimmermetai-site\\bin\\legacy_migrate.php(22): require_once('C:\\\\Users\\\\julia....')
#3 {main}"} 
[2025-05-09T12:17:08.280162+02:00] app.ERROR: Undefined variable $r {"ip":"CLI","url":"N/A","request_id":"07f9f310a94d6821","file":"C:\\Users\\julia.DPIMEDIA\\AIdoc\\slimmermetai-site\\bin\\legacy_migrate.php","line":91,"type":"WARNING"} 
[2025-05-09T12:26:25.062638+02:00] app.ERROR: Undefined variable $r {"ip":"CLI","url":"N/A","request_id":"4d7711e9140995d3","file":"C:\\Users\\julia.DPIMEDIA\\AIdoc\\slimmermetai-site\\bin\\legacy_migrate.php","line":83,"type":"WARNING"} 
[2025-05-09T12:26:25.063060+02:00] app.ERROR: Attempt to read property "addRoute" on null {"ip":"CLI","url":"N/A","request_id":"4d7711e9140995d3","file":"C:\\Users\\julia.DPIMEDIA\\AIdoc\\slimmermetai-site\\bin\\legacy_migrate.php","line":83,"type":"WARNING"} 
[2025-05-09T12:26:25.063422+02:00] app.ERROR: Undefined variable $r {"ip":"CLI","url":"N/A","request_id":"4d7711e9140995d3","file":"C:\\Users\\julia.DPIMEDIA\\AIdoc\\slimmermetai-site\\bin\\legacy_migrate.php","line":83,"type":"WARNING"} 
[2025-05-09T12:26:25.063459+02:00] app.ERROR: Attempt to read property "addRoute" on null {"ip":"CLI","url":"N/A","request_id":"4d7711e9140995d3","file":"C:\\Users\\julia.DPIMEDIA\\AIdoc\\slimmermetai-site\\bin\\legacy_migrate.php","line":83,"type":"WARNING"} 
[2025-05-09T12:26:25.063763+02:00] app.ERROR: Undefined variable $r {"ip":"CLI","url":"N/A","request_id":"4d7711e9140995d3","file":"C:\\Users\\julia.DPIMEDIA\\AIdoc\\slimmermetai-site\\bin\\legacy_migrate.php","line":83,"type":"WARNING"} 
[2025-05-09T12:26:25.063797+02:00] app.ERROR: Attempt to read property "addRoute" on null {"ip":"CLI","url":"N/A","request_id":"4d7711e9140995d3","file":"C:\\Users\\julia.DPIMEDIA\\AIdoc\\slimmermetai-site\\bin\\legacy_migrate.php","line":83,"type":"WARNING"} 
[2025-05-09T12:26:25.064146+02:00] app.ERROR: Undefined variable $r {"ip":"CLI","url":"N/A","request_id":"4d7711e9140995d3","file":"C:\\Users\\julia.DPIMEDIA\\AIdoc\\slimmermetai-site\\bin\\legacy_migrate.php","line":83,"type":"WARNING"} 
[2025-05-09T12:26:25.064183+02:00] app.ERROR: Attempt to read property "addRoute" on null {"ip":"CLI","url":"N/A","request_id":"4d7711e9140995d3","file":"C:\\Users\\julia.DPIMEDIA\\AIdoc\\slimmermetai-site\\bin\\legacy_migrate.php","line":83,"type":"WARNING"} 
[2025-05-09T12:26:25.065080+02:00] app.ERROR: Undefined variable $r {"ip":"CLI","url":"N/A","request_id":"4d7711e9140995d3","file":"C:\\Users\\julia.DPIMEDIA\\AIdoc\\slimmermetai-site\\bin\\legacy_migrate.php","line":83,"type":"WARNING"} 
[2025-05-09T12:26:25.065117+02:00] app.ERROR: Attempt to read property "addRoute" on null {"ip":"CLI","url":"N/A","request_id":"4d7711e9140995d3","file":"C:\\Users\\julia.DPIMEDIA\\AIdoc\\slimmermetai-site\\bin\\legacy_migrate.php","line":83,"type":"WARNING"} 
[2025-05-09T12:26:25.065425+02:00] app.ERROR: Undefined variable $r {"ip":"CLI","url":"N/A","request_id":"4d7711e9140995d3","file":"C:\\Users\\julia.DPIMEDIA\\AIdoc\\slimmermetai-site\\bin\\legacy_migrate.php","line":83,"type":"WARNING"} 
[2025-05-09T12:26:25.065459+02:00] app.ERROR: Attempt to read property "addRoute" on null {"ip":"CLI","url":"N/A","request_id":"4d7711e9140995d3","file":"C:\\Users\\julia.DPIMEDIA\\AIdoc\\slimmermetai-site\\bin\\legacy_migrate.php","line":83,"type":"WARNING"} 
[2025-05-09T12:26:25.065772+02:00] app.ERROR: Undefined variable $r {"ip":"CLI","url":"N/A","request_id":"4d7711e9140995d3","file":"C:\\Users\\julia.DPIMEDIA\\AIdoc\\slimmermetai-site\\bin\\legacy_migrate.php","line":83,"type":"WARNING"} 
[2025-05-09T12:26:25.065806+02:00] app.ERROR: Attempt to read property "addRoute" on null {"ip":"CLI","url":"N/A","request_id":"4d7711e9140995d3","file":"C:\\Users\\julia.DPIMEDIA\\AIdoc\\slimmermetai-site\\bin\\legacy_migrate.php","line":83,"type":"WARNING"} 
[2025-05-09T12:26:25.066096+02:00] app.ERROR: Undefined variable $r {"ip":"CLI","url":"N/A","request_id":"4d7711e9140995d3","file":"C:\\Users\\julia.DPIMEDIA\\AIdoc\\slimmermetai-site\\bin\\legacy_migrate.php","line":83,"type":"WARNING"} 
[2025-05-09T12:26:25.066128+02:00] app.ERROR: Attempt to read property "addRoute" on null {"ip":"CLI","url":"N/A","request_id":"4d7711e9140995d3","file":"C:\\Users\\julia.DPIMEDIA\\AIdoc\\slimmermetai-site\\bin\\legacy_migrate.php","line":83,"type":"WARNING"} 
[2025-05-09T12:26:25.066420+02:00] app.ERROR: Undefined variable $r {"ip":"CLI","url":"N/A","request_id":"4d7711e9140995d3","file":"C:\\Users\\julia.DPIMEDIA\\AIdoc\\slimmermetai-site\\bin\\legacy_migrate.php","line":83,"type":"WARNING"} 
[2025-05-09T12:26:25.066452+02:00] app.ERROR: Attempt to read property "addRoute" on null {"ip":"CLI","url":"N/A","request_id":"4d7711e9140995d3","file":"C:\\Users\\julia.DPIMEDIA\\AIdoc\\slimmermetai-site\\bin\\legacy_migrate.php","line":83,"type":"WARNING"} 
[2025-05-09T12:26:25.067414+02:00] app.ERROR: Undefined variable $r {"ip":"CLI","url":"N/A","request_id":"4d7711e9140995d3","file":"C:\\Users\\julia.DPIMEDIA\\AIdoc\\slimmermetai-site\\bin\\legacy_migrate.php","line":83,"type":"WARNING"} 
[2025-05-09T12:26:25.067463+02:00] app.ERROR: Attempt to read property "addRoute" on null {"ip":"CLI","url":"N/A","request_id":"4d7711e9140995d3","file":"C:\\Users\\julia.DPIMEDIA\\AIdoc\\slimmermetai-site\\bin\\legacy_migrate.php","line":83,"type":"WARNING"} 
[2025-05-09T12:26:25.068993+02:00] app.ERROR: Undefined variable $r {"ip":"CLI","url":"N/A","request_id":"4d7711e9140995d3","file":"C:\\Users\\julia.DPIMEDIA\\AIdoc\\slimmermetai-site\\bin\\legacy_migrate.php","line":83,"type":"WARNING"} 
[2025-05-09T12:26:25.069056+02:00] app.ERROR: Attempt to read property "addRoute" on null {"ip":"CLI","url":"N/A","request_id":"4d7711e9140995d3","file":"C:\\Users\\julia.DPIMEDIA\\AIdoc\\slimmermetai-site\\bin\\legacy_migrate.php","line":83,"type":"WARNING"} 
[2025-05-09T12:26:25.069552+02:00] app.ERROR: Undefined variable $r {"ip":"CLI","url":"N/A","request_id":"4d7711e9140995d3","file":"C:\\Users\\julia.DPIMEDIA\\AIdoc\\slimmermetai-site\\bin\\legacy_migrate.php","line":83,"type":"WARNING"} 
[2025-05-09T12:26:25.069595+02:00] app.ERROR: Attempt to read property "addRoute" on null {"ip":"CLI","url":"N/A","request_id":"4d7711e9140995d3","file":"C:\\Users\\julia.DPIMEDIA\\AIdoc\\slimmermetai-site\\bin\\legacy_migrate.php","line":83,"type":"WARNING"} 
[2025-05-09T12:26:25.069924+02:00] app.ERROR: Undefined variable $r {"ip":"CLI","url":"N/A","request_id":"4d7711e9140995d3","file":"C:\\Users\\julia.DPIMEDIA\\AIdoc\\slimmermetai-site\\bin\\legacy_migrate.php","line":83,"type":"WARNING"} 
[2025-05-09T12:26:25.069967+02:00] app.ERROR: Attempt to read property "addRoute" on null {"ip":"CLI","url":"N/A","request_id":"4d7711e9140995d3","file":"C:\\Users\\julia.DPIMEDIA\\AIdoc\\slimmermetai-site\\bin\\legacy_migrate.php","line":83,"type":"WARNING"} 
[2025-05-09T12:26:25.070633+02:00] app.ERROR: Undefined variable $r {"ip":"CLI","url":"N/A","request_id":"4d7711e9140995d3","file":"C:\\Users\\julia.DPIMEDIA\\AIdoc\\slimmermetai-site\\bin\\legacy_migrate.php","line":83,"type":"WARNING"} 
[2025-05-09T12:26:25.070683+02:00] app.ERROR: Attempt to read property "addRoute" on null {"ip":"CLI","url":"N/A","request_id":"4d7711e9140995d3","file":"C:\\Users\\julia.DPIMEDIA\\AIdoc\\slimmermetai-site\\bin\\legacy_migrate.php","line":83,"type":"WARNING"} 
[2025-05-09T12:26:25.071223+02:00] app.ERROR: Undefined variable $r {"ip":"CLI","url":"N/A","request_id":"4d7711e9140995d3","file":"C:\\Users\\julia.DPIMEDIA\\AIdoc\\slimmermetai-site\\bin\\legacy_migrate.php","line":83,"type":"WARNING"} 
[2025-05-09T12:26:25.071274+02:00] app.ERROR: Attempt to read property "addRoute" on null {"ip":"CLI","url":"N/A","request_id":"4d7711e9140995d3","file":"C:\\Users\\julia.DPIMEDIA\\AIdoc\\slimmermetai-site\\bin\\legacy_migrate.php","line":83,"type":"WARNING"} 
[2025-05-09T12:26:25.072905+02:00] app.ERROR: Undefined variable $r {"ip":"CLI","url":"N/A","request_id":"4d7711e9140995d3","file":"C:\\Users\\julia.DPIMEDIA\\AIdoc\\slimmermetai-site\\bin\\legacy_migrate.php","line":83,"type":"WARNING"} 
[2025-05-09T12:26:25.072957+02:00] app.ERROR: Attempt to read property "addRoute" on null {"ip":"CLI","url":"N/A","request_id":"4d7711e9140995d3","file":"C:\\Users\\julia.DPIMEDIA\\AIdoc\\slimmermetai-site\\bin\\legacy_migrate.php","line":83,"type":"WARNING"} 
[2025-05-09T12:26:25.073270+02:00] app.ERROR: Undefined variable $r {"ip":"CLI","url":"N/A","request_id":"4d7711e9140995d3","file":"C:\\Users\\julia.DPIMEDIA\\AIdoc\\slimmermetai-site\\bin\\legacy_migrate.php","line":83,"type":"WARNING"} 
[2025-05-09T12:26:25.073309+02:00] app.ERROR: Attempt to read property "addRoute" on null {"ip":"CLI","url":"N/A","request_id":"4d7711e9140995d3","file":"C:\\Users\\julia.DPIMEDIA\\AIdoc\\slimmermetai-site\\bin\\legacy_migrate.php","line":83,"type":"WARNING"} 
[2025-05-09T12:26:25.073637+02:00] app.ERROR: Undefined variable $r {"ip":"CLI","url":"N/A","request_id":"4d7711e9140995d3","file":"C:\\Users\\julia.DPIMEDIA\\AIdoc\\slimmermetai-site\\bin\\legacy_migrate.php","line":83,"type":"WARNING"} 
[2025-05-09T12:26:25.073671+02:00] app.ERROR: Attempt to read property "addRoute" on null {"ip":"CLI","url":"N/A","request_id":"4d7711e9140995d3","file":"C:\\Users\\julia.DPIMEDIA\\AIdoc\\slimmermetai-site\\bin\\legacy_migrate.php","line":83,"type":"WARNING"} 
[2025-05-09T12:26:25.074076+02:00] app.ERROR: Undefined variable $r {"ip":"CLI","url":"N/A","request_id":"4d7711e9140995d3","file":"C:\\Users\\julia.DPIMEDIA\\AIdoc\\slimmermetai-site\\bin\\legacy_migrate.php","line":83,"type":"WARNING"} 
[2025-05-09T12:26:25.074110+02:00] app.ERROR: Attempt to read property "addRoute" on null {"ip":"CLI","url":"N/A","request_id":"4d7711e9140995d3","file":"C:\\Users\\julia.DPIMEDIA\\AIdoc\\slimmermetai-site\\bin\\legacy_migrate.php","line":83,"type":"WARNING"} 
[2025-05-09T12:26:25.075027+02:00] app.ERROR: Undefined variable $r {"ip":"CLI","url":"N/A","request_id":"4d7711e9140995d3","file":"C:\\Users\\julia.DPIMEDIA\\AIdoc\\slimmermetai-site\\bin\\legacy_migrate.php","line":83,"type":"WARNING"} 
[2025-05-09T12:26:25.075070+02:00] app.ERROR: Attempt to read property "addRoute" on null {"ip":"CLI","url":"N/A","request_id":"4d7711e9140995d3","file":"C:\\Users\\julia.DPIMEDIA\\AIdoc\\slimmermetai-site\\bin\\legacy_migrate.php","line":83,"type":"WARNING"} 
[2025-05-09T12:26:25.075705+02:00] app.ERROR: Undefined variable $r {"ip":"CLI","url":"N/A","request_id":"4d7711e9140995d3","file":"C:\\Users\\julia.DPIMEDIA\\AIdoc\\slimmermetai-site\\bin\\legacy_migrate.php","line":83,"type":"WARNING"} 
[2025-05-09T12:26:25.075741+02:00] app.ERROR: Attempt to read property "addRoute" on null {"ip":"CLI","url":"N/A","request_id":"4d7711e9140995d3","file":"C:\\Users\\julia.DPIMEDIA\\AIdoc\\slimmermetai-site\\bin\\legacy_migrate.php","line":83,"type":"WARNING"} 
[2025-05-09T12:26:25.076070+02:00] app.ERROR: Undefined variable $r {"ip":"CLI","url":"N/A","request_id":"4d7711e9140995d3","file":"C:\\Users\\julia.DPIMEDIA\\AIdoc\\slimmermetai-site\\bin\\legacy_migrate.php","line":83,"type":"WARNING"} 
[2025-05-09T12:26:25.076105+02:00] app.ERROR: Attempt to read property "addRoute" on null {"ip":"CLI","url":"N/A","request_id":"4d7711e9140995d3","file":"C:\\Users\\julia.DPIMEDIA\\AIdoc\\slimmermetai-site\\bin\\legacy_migrate.php","line":83,"type":"WARNING"} 
[2025-05-09T12:26:25.077574+02:00] app.ERROR: Undefined variable $r {"ip":"CLI","url":"N/A","request_id":"4d7711e9140995d3","file":"C:\\Users\\julia.DPIMEDIA\\AIdoc\\slimmermetai-site\\bin\\legacy_migrate.php","line":83,"type":"WARNING"} 
[2025-05-09T12:26:25.077611+02:00] app.ERROR: Attempt to read property "addRoute" on null {"ip":"CLI","url":"N/A","request_id":"4d7711e9140995d3","file":"C:\\Users\\julia.DPIMEDIA\\AIdoc\\slimmermetai-site\\bin\\legacy_migrate.php","line":83,"type":"WARNING"} 
[2025-05-09T12:26:25.077916+02:00] app.ERROR: Undefined variable $r {"ip":"CLI","url":"N/A","request_id":"4d7711e9140995d3","file":"C:\\Users\\julia.DPIMEDIA\\AIdoc\\slimmermetai-site\\bin\\legacy_migrate.php","line":83,"type":"WARNING"} 
[2025-05-09T12:26:25.077950+02:00] app.ERROR: Attempt to read property "addRoute" on null {"ip":"CLI","url":"N/A","request_id":"4d7711e9140995d3","file":"C:\\Users\\julia.DPIMEDIA\\AIdoc\\slimmermetai-site\\bin\\legacy_migrate.php","line":83,"type":"WARNING"} 
[2025-05-09T12:26:25.080689+02:00] app.ERROR: Undefined variable $r {"ip":"CLI","url":"N/A","request_id":"4d7711e9140995d3","file":"C:\\Users\\julia.DPIMEDIA\\AIdoc\\slimmermetai-site\\bin\\legacy_migrate.php","line":83,"type":"WARNING"} 
[2025-05-09T12:26:25.080777+02:00] app.ERROR: Attempt to read property "addRoute" on null {"ip":"CLI","url":"N/A","request_id":"4d7711e9140995d3","file":"C:\\Users\\julia.DPIMEDIA\\AIdoc\\slimmermetai-site\\bin\\legacy_migrate.php","line":83,"type":"WARNING"} 
[2025-05-09T12:26:25.084088+02:00] app.ERROR: Undefined variable $r {"ip":"CLI","url":"N/A","request_id":"4d7711e9140995d3","file":"C:\\Users\\julia.DPIMEDIA\\AIdoc\\slimmermetai-site\\bin\\legacy_migrate.php","line":83,"type":"WARNING"} 
[2025-05-09T12:26:25.084168+02:00] app.ERROR: Attempt to read property "addRoute" on null {"ip":"CLI","url":"N/A","request_id":"4d7711e9140995d3","file":"C:\\Users\\julia.DPIMEDIA\\AIdoc\\slimmermetai-site\\bin\\legacy_migrate.php","line":83,"type":"WARNING"} 
[2025-05-09T12:26:25.086057+02:00] app.ERROR: Undefined variable $r {"ip":"CLI","url":"N/A","request_id":"4d7711e9140995d3","file":"C:\\Users\\julia.DPIMEDIA\\AIdoc\\slimmermetai-site\\bin\\legacy_migrate.php","line":83,"type":"WARNING"} 
[2025-05-09T12:26:25.086114+02:00] app.ERROR: Attempt to read property "addRoute" on null {"ip":"CLI","url":"N/A","request_id":"4d7711e9140995d3","file":"C:\\Users\\julia.DPIMEDIA\\AIdoc\\slimmermetai-site\\bin\\legacy_migrate.php","line":83,"type":"WARNING"} 
[2025-05-09T12:26:25.086463+02:00] app.ERROR: Undefined variable $r {"ip":"CLI","url":"N/A","request_id":"4d7711e9140995d3","file":"C:\\Users\\julia.DPIMEDIA\\AIdoc\\slimmermetai-site\\bin\\legacy_migrate.php","line":83,"type":"WARNING"} 
[2025-05-09T12:26:25.086564+02:00] app.ERROR: Attempt to read property "addRoute" on null {"ip":"CLI","url":"N/A","request_id":"4d7711e9140995d3","file":"C:\\Users\\julia.DPIMEDIA\\AIdoc\\slimmermetai-site\\bin\\legacy_migrate.php","line":83,"type":"WARNING"} 
[2025-05-09T12:26:25.088675+02:00] app.ERROR: Undefined variable $r {"ip":"CLI","url":"N/A","request_id":"4d7711e9140995d3","file":"C:\\Users\\julia.DPIMEDIA\\AIdoc\\slimmermetai-site\\bin\\legacy_migrate.php","line":83,"type":"WARNING"} 
[2025-05-09T12:26:25.088731+02:00] app.ERROR: Attempt to read property "addRoute" on null {"ip":"CLI","url":"N/A","request_id":"4d7711e9140995d3","file":"C:\\Users\\julia.DPIMEDIA\\AIdoc\\slimmermetai-site\\bin\\legacy_migrate.php","line":83,"type":"WARNING"} 
[2025-05-09T12:26:25.089058+02:00] app.ERROR: Undefined variable $r {"ip":"CLI","url":"N/A","request_id":"4d7711e9140995d3","file":"C:\\Users\\julia.DPIMEDIA\\AIdoc\\slimmermetai-site\\bin\\legacy_migrate.php","line":83,"type":"WARNING"} 
[2025-05-09T12:26:25.089094+02:00] app.ERROR: Attempt to read property "addRoute" on null {"ip":"CLI","url":"N/A","request_id":"4d7711e9140995d3","file":"C:\\Users\\julia.DPIMEDIA\\AIdoc\\slimmermetai-site\\bin\\legacy_migrate.php","line":83,"type":"WARNING"} 
[2025-05-09T12:26:25.089404+02:00] app.ERROR: Undefined variable $r {"ip":"CLI","url":"N/A","request_id":"4d7711e9140995d3","file":"C:\\Users\\julia.DPIMEDIA\\AIdoc\\slimmermetai-site\\bin\\legacy_migrate.php","line":83,"type":"WARNING"} 
[2025-05-09T12:26:25.089437+02:00] app.ERROR: Attempt to read property "addRoute" on null {"ip":"CLI","url":"N/A","request_id":"4d7711e9140995d3","file":"C:\\Users\\julia.DPIMEDIA\\AIdoc\\slimmermetai-site\\bin\\legacy_migrate.php","line":83,"type":"WARNING"} 
[2025-05-09T12:26:25.089750+02:00] app.ERROR: Undefined variable $r {"ip":"CLI","url":"N/A","request_id":"4d7711e9140995d3","file":"C:\\Users\\julia.DPIMEDIA\\AIdoc\\slimmermetai-site\\bin\\legacy_migrate.php","line":83,"type":"WARNING"} 
[2025-05-09T12:26:25.089783+02:00] app.ERROR: Attempt to read property "addRoute" on null {"ip":"CLI","url":"N/A","request_id":"4d7711e9140995d3","file":"C:\\Users\\julia.DPIMEDIA\\AIdoc\\slimmermetai-site\\bin\\legacy_migrate.php","line":83,"type":"WARNING"} 
[2025-05-09T12:26:25.090081+02:00] app.ERROR: Undefined variable $r {"ip":"CLI","url":"N/A","request_id":"4d7711e9140995d3","file":"C:\\Users\\julia.DPIMEDIA\\AIdoc\\slimmermetai-site\\bin\\legacy_migrate.php","line":83,"type":"WARNING"} 
[2025-05-09T12:26:25.090113+02:00] app.ERROR: Attempt to read property "addRoute" on null {"ip":"CLI","url":"N/A","request_id":"4d7711e9140995d3","file":"C:\\Users\\julia.DPIMEDIA\\AIdoc\\slimmermetai-site\\bin\\legacy_migrate.php","line":83,"type":"WARNING"} 
[2025-05-09T12:26:25.090412+02:00] app.ERROR: Undefined variable $r {"ip":"CLI","url":"N/A","request_id":"4d7711e9140995d3","file":"C:\\Users\\julia.DPIMEDIA\\AIdoc\\slimmermetai-site\\bin\\legacy_migrate.php","line":83,"type":"WARNING"} 
[2025-05-09T12:26:25.090445+02:00] app.ERROR: Attempt to read property "addRoute" on null {"ip":"CLI","url":"N/A","request_id":"4d7711e9140995d3","file":"C:\\Users\\julia.DPIMEDIA\\AIdoc\\slimmermetai-site\\bin\\legacy_migrate.php","line":83,"type":"WARNING"} 
[2025-05-09T12:26:25.090834+02:00] app.ERROR: Undefined variable $r {"ip":"CLI","url":"N/A","request_id":"4d7711e9140995d3","file":"C:\\Users\\julia.DPIMEDIA\\AIdoc\\slimmermetai-site\\bin\\legacy_migrate.php","line":83,"type":"WARNING"} 
[2025-05-09T12:26:25.090868+02:00] app.ERROR: Attempt to read property "addRoute" on null {"ip":"CLI","url":"N/A","request_id":"4d7711e9140995d3","file":"C:\\Users\\julia.DPIMEDIA\\AIdoc\\slimmermetai-site\\bin\\legacy_migrate.php","line":83,"type":"WARNING"} 
[2025-05-09T12:26:25.091936+02:00] app.ERROR: Undefined variable $r {"ip":"CLI","url":"N/A","request_id":"4d7711e9140995d3","file":"C:\\Users\\julia.DPIMEDIA\\AIdoc\\slimmermetai-site\\bin\\legacy_migrate.php","line":83,"type":"WARNING"} 
[2025-05-09T12:26:25.091979+02:00] app.ERROR: Attempt to read property "addRoute" on null {"ip":"CLI","url":"N/A","request_id":"4d7711e9140995d3","file":"C:\\Users\\julia.DPIMEDIA\\AIdoc\\slimmermetai-site\\bin\\legacy_migrate.php","line":83,"type":"WARNING"} 
[2025-05-09T12:26:25.092303+02:00] app.ERROR: Undefined variable $r {"ip":"CLI","url":"N/A","request_id":"4d7711e9140995d3","file":"C:\\Users\\julia.DPIMEDIA\\AIdoc\\slimmermetai-site\\bin\\legacy_migrate.php","line":83,"type":"WARNING"} 
[2025-05-09T12:26:25.092337+02:00] app.ERROR: Attempt to read property "addRoute" on null {"ip":"CLI","url":"N/A","request_id":"4d7711e9140995d3","file":"C:\\Users\\julia.DPIMEDIA\\AIdoc\\slimmermetai-site\\bin\\legacy_migrate.php","line":83,"type":"WARNING"} 
[2025-05-09T12:26:25.092687+02:00] app.ERROR: Undefined variable $r {"ip":"CLI","url":"N/A","request_id":"4d7711e9140995d3","file":"C:\\Users\\julia.DPIMEDIA\\AIdoc\\slimmermetai-site\\bin\\legacy_migrate.php","line":83,"type":"WARNING"} 
[2025-05-09T12:26:25.092727+02:00] app.ERROR: Attempt to read property "addRoute" on null {"ip":"CLI","url":"N/A","request_id":"4d7711e9140995d3","file":"C:\\Users\\julia.DPIMEDIA\\AIdoc\\slimmermetai-site\\bin\\legacy_migrate.php","line":83,"type":"WARNING"} 
[2025-05-09T12:26:25.093200+02:00] app.ERROR: Undefined variable $r {"ip":"CLI","url":"N/A","request_id":"4d7711e9140995d3","file":"C:\\Users\\julia.DPIMEDIA\\AIdoc\\slimmermetai-site\\bin\\legacy_migrate.php","line":83,"type":"WARNING"} 
[2025-05-09T12:26:25.093236+02:00] app.ERROR: Attempt to read property "addRoute" on null {"ip":"CLI","url":"N/A","request_id":"4d7711e9140995d3","file":"C:\\Users\\julia.DPIMEDIA\\AIdoc\\slimmermetai-site\\bin\\legacy_migrate.php","line":83,"type":"WARNING"} 
[2025-05-09T12:26:25.093541+02:00] app.ERROR: Undefined variable $r {"ip":"CLI","url":"N/A","request_id":"4d7711e9140995d3","file":"C:\\Users\\julia.DPIMEDIA\\AIdoc\\slimmermetai-site\\bin\\legacy_migrate.php","line":83,"type":"WARNING"} 
[2025-05-09T12:26:25.093577+02:00] app.ERROR: Attempt to read property "addRoute" on null {"ip":"CLI","url":"N/A","request_id":"4d7711e9140995d3","file":"C:\\Users\\julia.DPIMEDIA\\AIdoc\\slimmermetai-site\\bin\\legacy_migrate.php","line":83,"type":"WARNING"} 
[2025-05-09T12:26:25.093876+02:00] app.ERROR: Undefined variable $r {"ip":"CLI","url":"N/A","request_id":"4d7711e9140995d3","file":"C:\\Users\\julia.DPIMEDIA\\AIdoc\\slimmermetai-site\\bin\\legacy_migrate.php","line":83,"type":"WARNING"} 
[2025-05-09T12:26:25.093909+02:00] app.ERROR: Attempt to read property "addRoute" on null {"ip":"CLI","url":"N/A","request_id":"4d7711e9140995d3","file":"C:\\Users\\julia.DPIMEDIA\\AIdoc\\slimmermetai-site\\bin\\legacy_migrate.php","line":83,"type":"WARNING"} 
[2025-05-09T12:26:25.094206+02:00] app.ERROR: Undefined variable $r {"ip":"CLI","url":"N/A","request_id":"4d7711e9140995d3","file":"C:\\Users\\julia.DPIMEDIA\\AIdoc\\slimmermetai-site\\bin\\legacy_migrate.php","line":83,"type":"WARNING"} 
[2025-05-09T12:26:25.094239+02:00] app.ERROR: Attempt to read property "addRoute" on null {"ip":"CLI","url":"N/A","request_id":"4d7711e9140995d3","file":"C:\\Users\\julia.DPIMEDIA\\AIdoc\\slimmermetai-site\\bin\\legacy_migrate.php","line":83,"type":"WARNING"} 
[2025-05-09T12:26:25.094536+02:00] app.ERROR: Undefined variable $r {"ip":"CLI","url":"N/A","request_id":"4d7711e9140995d3","file":"C:\\Users\\julia.DPIMEDIA\\AIdoc\\slimmermetai-site\\bin\\legacy_migrate.php","line":83,"type":"WARNING"} 
[2025-05-09T12:26:25.094569+02:00] app.ERROR: Attempt to read property "addRoute" on null {"ip":"CLI","url":"N/A","request_id":"4d7711e9140995d3","file":"C:\\Users\\julia.DPIMEDIA\\AIdoc\\slimmermetai-site\\bin\\legacy_migrate.php","line":83,"type":"WARNING"} 
[2025-05-09T12:27:47.429887+02:00] app.ERROR: Undefined variable $r {"ip":"CLI","url":"N/A","request_id":"ff87c7b4c794cdc3","file":"C:\\Users\\julia.DPIMEDIA\\AIdoc\\slimmermetai-site\\bin\\legacy_migrate.php","line":83,"type":"WARNING"} 
[2025-05-09T12:27:47.430400+02:00] app.ERROR: Attempt to read property "addRoute" on null {"ip":"CLI","url":"N/A","request_id":"ff87c7b4c794cdc3","file":"C:\\Users\\julia.DPIMEDIA\\AIdoc\\slimmermetai-site\\bin\\legacy_migrate.php","line":83,"type":"WARNING"} 
[2025-05-09T12:27:47.434675+02:00] app.ERROR: Undefined variable $r {"ip":"CLI","url":"N/A","request_id":"ff87c7b4c794cdc3","file":"C:\\Users\\julia.DPIMEDIA\\AIdoc\\slimmermetai-site\\bin\\legacy_migrate.php","line":83,"type":"WARNING"} 
[2025-05-09T12:27:47.434776+02:00] app.ERROR: Attempt to read property "addRoute" on null {"ip":"CLI","url":"N/A","request_id":"ff87c7b4c794cdc3","file":"C:\\Users\\julia.DPIMEDIA\\AIdoc\\slimmermetai-site\\bin\\legacy_migrate.php","line":83,"type":"WARNING"} 
[2025-05-09T12:27:47.440144+02:00] app.ERROR: Undefined variable $r {"ip":"CLI","url":"N/A","request_id":"ff87c7b4c794cdc3","file":"C:\\Users\\julia.DPIMEDIA\\AIdoc\\slimmermetai-site\\bin\\legacy_migrate.php","line":83,"type":"WARNING"} 
[2025-05-09T12:27:47.440269+02:00] app.ERROR: Attempt to read property "addRoute" on null {"ip":"CLI","url":"N/A","request_id":"ff87c7b4c794cdc3","file":"C:\\Users\\julia.DPIMEDIA\\AIdoc\\slimmermetai-site\\bin\\legacy_migrate.php","line":83,"type":"WARNING"} 
[2025-05-09T12:27:47.446752+02:00] app.ERROR: Undefined variable $r {"ip":"CLI","url":"N/A","request_id":"ff87c7b4c794cdc3","file":"C:\\Users\\julia.DPIMEDIA\\AIdoc\\slimmermetai-site\\bin\\legacy_migrate.php","line":83,"type":"WARNING"} 
[2025-05-09T12:27:47.446848+02:00] app.ERROR: Attempt to read property "addRoute" on null {"ip":"CLI","url":"N/A","request_id":"ff87c7b4c794cdc3","file":"C:\\Users\\julia.DPIMEDIA\\AIdoc\\slimmermetai-site\\bin\\legacy_migrate.php","line":83,"type":"WARNING"} 
[2025-05-09T12:27:47.453449+02:00] app.ERROR: Undefined variable $r {"ip":"CLI","url":"N/A","request_id":"ff87c7b4c794cdc3","file":"C:\\Users\\julia.DPIMEDIA\\AIdoc\\slimmermetai-site\\bin\\legacy_migrate.php","line":83,"type":"WARNING"} 
[2025-05-09T12:27:47.453549+02:00] app.ERROR: Attempt to read property "addRoute" on null {"ip":"CLI","url":"N/A","request_id":"ff87c7b4c794cdc3","file":"C:\\Users\\julia.DPIMEDIA\\AIdoc\\slimmermetai-site\\bin\\legacy_migrate.php","line":83,"type":"WARNING"} 
[2025-05-09T12:27:47.459688+02:00] app.ERROR: Undefined variable $r {"ip":"CLI","url":"N/A","request_id":"ff87c7b4c794cdc3","file":"C:\\Users\\julia.DPIMEDIA\\AIdoc\\slimmermetai-site\\bin\\legacy_migrate.php","line":83,"type":"WARNING"} 
[2025-05-09T12:27:47.459807+02:00] app.ERROR: Attempt to read property "addRoute" on null {"ip":"CLI","url":"N/A","request_id":"ff87c7b4c794cdc3","file":"C:\\Users\\julia.DPIMEDIA\\AIdoc\\slimmermetai-site\\bin\\legacy_migrate.php","line":83,"type":"WARNING"} 
[2025-05-09T12:27:47.465373+02:00] app.ERROR: Undefined variable $r {"ip":"CLI","url":"N/A","request_id":"ff87c7b4c794cdc3","file":"C:\\Users\\julia.DPIMEDIA\\AIdoc\\slimmermetai-site\\bin\\legacy_migrate.php","line":83,"type":"WARNING"} 
[2025-05-09T12:27:47.465547+02:00] app.ERROR: Attempt to read property "addRoute" on null {"ip":"CLI","url":"N/A","request_id":"ff87c7b4c794cdc3","file":"C:\\Users\\julia.DPIMEDIA\\AIdoc\\slimmermetai-site\\bin\\legacy_migrate.php","line":83,"type":"WARNING"} 
[2025-05-09T12:27:47.471612+02:00] app.ERROR: Undefined variable $r {"ip":"CLI","url":"N/A","request_id":"ff87c7b4c794cdc3","file":"C:\\Users\\julia.DPIMEDIA\\AIdoc\\slimmermetai-site\\bin\\legacy_migrate.php","line":83,"type":"WARNING"} 
[2025-05-09T12:27:47.471740+02:00] app.ERROR: Attempt to read property "addRoute" on null {"ip":"CLI","url":"N/A","request_id":"ff87c7b4c794cdc3","file":"C:\\Users\\julia.DPIMEDIA\\AIdoc\\slimmermetai-site\\bin\\legacy_migrate.php","line":83,"type":"WARNING"} 
[2025-05-09T12:27:47.477915+02:00] app.ERROR: Undefined variable $r {"ip":"CLI","url":"N/A","request_id":"ff87c7b4c794cdc3","file":"C:\\Users\\julia.DPIMEDIA\\AIdoc\\slimmermetai-site\\bin\\legacy_migrate.php","line":83,"type":"WARNING"} 
[2025-05-09T12:27:47.478027+02:00] app.ERROR: Attempt to read property "addRoute" on null {"ip":"CLI","url":"N/A","request_id":"ff87c7b4c794cdc3","file":"C:\\Users\\julia.DPIMEDIA\\AIdoc\\slimmermetai-site\\bin\\legacy_migrate.php","line":83,"type":"WARNING"} 
[2025-05-09T12:27:47.483652+02:00] app.ERROR: Undefined variable $r {"ip":"CLI","url":"N/A","request_id":"ff87c7b4c794cdc3","file":"C:\\Users\\julia.DPIMEDIA\\AIdoc\\slimmermetai-site\\bin\\legacy_migrate.php","line":83,"type":"WARNING"} 
[2025-05-09T12:27:47.483742+02:00] app.ERROR: Attempt to read property "addRoute" on null {"ip":"CLI","url":"N/A","request_id":"ff87c7b4c794cdc3","file":"C:\\Users\\julia.DPIMEDIA\\AIdoc\\slimmermetai-site\\bin\\legacy_migrate.php","line":83,"type":"WARNING"} 
[2025-05-09T12:27:47.490661+02:00] app.ERROR: Undefined variable $r {"ip":"CLI","url":"N/A","request_id":"ff87c7b4c794cdc3","file":"C:\\Users\\julia.DPIMEDIA\\AIdoc\\slimmermetai-site\\bin\\legacy_migrate.php","line":83,"type":"WARNING"} 
[2025-05-09T12:27:47.490775+02:00] app.ERROR: Attempt to read property "addRoute" on null {"ip":"CLI","url":"N/A","request_id":"ff87c7b4c794cdc3","file":"C:\\Users\\julia.DPIMEDIA\\AIdoc\\slimmermetai-site\\bin\\legacy_migrate.php","line":83,"type":"WARNING"} 
[2025-05-09T12:27:47.496049+02:00] app.ERROR: Undefined variable $r {"ip":"CLI","url":"N/A","request_id":"ff87c7b4c794cdc3","file":"C:\\Users\\julia.DPIMEDIA\\AIdoc\\slimmermetai-site\\bin\\legacy_migrate.php","line":83,"type":"WARNING"} 
[2025-05-09T12:27:47.496147+02:00] app.ERROR: Attempt to read property "addRoute" on null {"ip":"CLI","url":"N/A","request_id":"ff87c7b4c794cdc3","file":"C:\\Users\\julia.DPIMEDIA\\AIdoc\\slimmermetai-site\\bin\\legacy_migrate.php","line":83,"type":"WARNING"} 
[2025-05-09T12:27:47.500926+02:00] app.ERROR: Undefined variable $r {"ip":"CLI","url":"N/A","request_id":"ff87c7b4c794cdc3","file":"C:\\Users\\julia.DPIMEDIA\\AIdoc\\slimmermetai-site\\bin\\legacy_migrate.php","line":83,"type":"WARNING"} 
[2025-05-09T12:27:47.501007+02:00] app.ERROR: Attempt to read property "addRoute" on null {"ip":"CLI","url":"N/A","request_id":"ff87c7b4c794cdc3","file":"C:\\Users\\julia.DPIMEDIA\\AIdoc\\slimmermetai-site\\bin\\legacy_migrate.php","line":83,"type":"WARNING"} 
[2025-05-09T12:27:47.506721+02:00] app.ERROR: Undefined variable $r {"ip":"CLI","url":"N/A","request_id":"ff87c7b4c794cdc3","file":"C:\\Users\\julia.DPIMEDIA\\AIdoc\\slimmermetai-site\\bin\\legacy_migrate.php","line":83,"type":"WARNING"} 
[2025-05-09T12:27:47.506840+02:00] app.ERROR: Attempt to read property "addRoute" on null {"ip":"CLI","url":"N/A","request_id":"ff87c7b4c794cdc3","file":"C:\\Users\\julia.DPIMEDIA\\AIdoc\\slimmermetai-site\\bin\\legacy_migrate.php","line":83,"type":"WARNING"} 
[2025-05-09T12:27:47.512279+02:00] app.ERROR: Undefined variable $r {"ip":"CLI","url":"N/A","request_id":"ff87c7b4c794cdc3","file":"C:\\Users\\julia.DPIMEDIA\\AIdoc\\slimmermetai-site\\bin\\legacy_migrate.php","line":83,"type":"WARNING"} 
[2025-05-09T12:27:47.512387+02:00] app.ERROR: Attempt to read property "addRoute" on null {"ip":"CLI","url":"N/A","request_id":"ff87c7b4c794cdc3","file":"C:\\Users\\julia.DPIMEDIA\\AIdoc\\slimmermetai-site\\bin\\legacy_migrate.php","line":83,"type":"WARNING"} 
[2025-05-09T12:27:47.520559+02:00] app.ERROR: Undefined variable $r {"ip":"CLI","url":"N/A","request_id":"ff87c7b4c794cdc3","file":"C:\\Users\\julia.DPIMEDIA\\AIdoc\\slimmermetai-site\\bin\\legacy_migrate.php","line":83,"type":"WARNING"} 
[2025-05-09T12:27:47.520661+02:00] app.ERROR: Attempt to read property "addRoute" on null {"ip":"CLI","url":"N/A","request_id":"ff87c7b4c794cdc3","file":"C:\\Users\\julia.DPIMEDIA\\AIdoc\\slimmermetai-site\\bin\\legacy_migrate.php","line":83,"type":"WARNING"} 
[2025-05-09T12:27:47.526757+02:00] app.ERROR: Undefined variable $r {"ip":"CLI","url":"N/A","request_id":"ff87c7b4c794cdc3","file":"C:\\Users\\julia.DPIMEDIA\\AIdoc\\slimmermetai-site\\bin\\legacy_migrate.php","line":83,"type":"WARNING"} 
[2025-05-09T12:27:47.526840+02:00] app.ERROR: Attempt to read property "addRoute" on null {"ip":"CLI","url":"N/A","request_id":"ff87c7b4c794cdc3","file":"C:\\Users\\julia.DPIMEDIA\\AIdoc\\slimmermetai-site\\bin\\legacy_migrate.php","line":83,"type":"WARNING"} 
[2025-05-09T12:27:47.532046+02:00] app.ERROR: Undefined variable $r {"ip":"CLI","url":"N/A","request_id":"ff87c7b4c794cdc3","file":"C:\\Users\\julia.DPIMEDIA\\AIdoc\\slimmermetai-site\\bin\\legacy_migrate.php","line":83,"type":"WARNING"} 
[2025-05-09T12:27:47.532158+02:00] app.ERROR: Attempt to read property "addRoute" on null {"ip":"CLI","url":"N/A","request_id":"ff87c7b4c794cdc3","file":"C:\\Users\\julia.DPIMEDIA\\AIdoc\\slimmermetai-site\\bin\\legacy_migrate.php","line":83,"type":"WARNING"} 
[2025-05-09T12:27:47.537300+02:00] app.ERROR: Undefined variable $r {"ip":"CLI","url":"N/A","request_id":"ff87c7b4c794cdc3","file":"C:\\Users\\julia.DPIMEDIA\\AIdoc\\slimmermetai-site\\bin\\legacy_migrate.php","line":83,"type":"WARNING"} 
[2025-05-09T12:27:47.537402+02:00] app.ERROR: Attempt to read property "addRoute" on null {"ip":"CLI","url":"N/A","request_id":"ff87c7b4c794cdc3","file":"C:\\Users\\julia.DPIMEDIA\\AIdoc\\slimmermetai-site\\bin\\legacy_migrate.php","line":83,"type":"WARNING"} 
[2025-05-09T12:27:47.542935+02:00] app.ERROR: Undefined variable $r {"ip":"CLI","url":"N/A","request_id":"ff87c7b4c794cdc3","file":"C:\\Users\\julia.DPIMEDIA\\AIdoc\\slimmermetai-site\\bin\\legacy_migrate.php","line":83,"type":"WARNING"} 
[2025-05-09T12:27:47.543036+02:00] app.ERROR: Attempt to read property "addRoute" on null {"ip":"CLI","url":"N/A","request_id":"ff87c7b4c794cdc3","file":"C:\\Users\\julia.DPIMEDIA\\AIdoc\\slimmermetai-site\\bin\\legacy_migrate.php","line":83,"type":"WARNING"} 
[2025-05-09T12:27:47.547874+02:00] app.ERROR: Undefined variable $r {"ip":"CLI","url":"N/A","request_id":"ff87c7b4c794cdc3","file":"C:\\Users\\julia.DPIMEDIA\\AIdoc\\slimmermetai-site\\bin\\legacy_migrate.php","line":83,"type":"WARNING"} 
[2025-05-09T12:27:47.547961+02:00] app.ERROR: Attempt to read property "addRoute" on null {"ip":"CLI","url":"N/A","request_id":"ff87c7b4c794cdc3","file":"C:\\Users\\julia.DPIMEDIA\\AIdoc\\slimmermetai-site\\bin\\legacy_migrate.php","line":83,"type":"WARNING"} 
[2025-05-09T12:27:47.552579+02:00] app.ERROR: Undefined variable $r {"ip":"CLI","url":"N/A","request_id":"ff87c7b4c794cdc3","file":"C:\\Users\\julia.DPIMEDIA\\AIdoc\\slimmermetai-site\\bin\\legacy_migrate.php","line":83,"type":"WARNING"} 
[2025-05-09T12:27:47.552683+02:00] app.ERROR: Attempt to read property "addRoute" on null {"ip":"CLI","url":"N/A","request_id":"ff87c7b4c794cdc3","file":"C:\\Users\\julia.DPIMEDIA\\AIdoc\\slimmermetai-site\\bin\\legacy_migrate.php","line":83,"type":"WARNING"} 
[2025-05-09T12:27:47.560226+02:00] app.ERROR: Undefined variable $r {"ip":"CLI","url":"N/A","request_id":"ff87c7b4c794cdc3","file":"C:\\Users\\julia.DPIMEDIA\\AIdoc\\slimmermetai-site\\bin\\legacy_migrate.php","line":83,"type":"WARNING"} 
[2025-05-09T12:27:47.560338+02:00] app.ERROR: Attempt to read property "addRoute" on null {"ip":"CLI","url":"N/A","request_id":"ff87c7b4c794cdc3","file":"C:\\Users\\julia.DPIMEDIA\\AIdoc\\slimmermetai-site\\bin\\legacy_migrate.php","line":83,"type":"WARNING"} 
[2025-05-09T12:27:47.565385+02:00] app.ERROR: Undefined variable $r {"ip":"CLI","url":"N/A","request_id":"ff87c7b4c794cdc3","file":"C:\\Users\\julia.DPIMEDIA\\AIdoc\\slimmermetai-site\\bin\\legacy_migrate.php","line":83,"type":"WARNING"} 
[2025-05-09T12:27:47.565505+02:00] app.ERROR: Attempt to read property "addRoute" on null {"ip":"CLI","url":"N/A","request_id":"ff87c7b4c794cdc3","file":"C:\\Users\\julia.DPIMEDIA\\AIdoc\\slimmermetai-site\\bin\\legacy_migrate.php","line":83,"type":"WARNING"} 
[2025-05-09T12:27:47.574915+02:00] app.ERROR: Undefined variable $r {"ip":"CLI","url":"N/A","request_id":"ff87c7b4c794cdc3","file":"C:\\Users\\julia.DPIMEDIA\\AIdoc\\slimmermetai-site\\bin\\legacy_migrate.php","line":83,"type":"WARNING"} 
[2025-05-09T12:27:47.575022+02:00] app.ERROR: Attempt to read property "addRoute" on null {"ip":"CLI","url":"N/A","request_id":"ff87c7b4c794cdc3","file":"C:\\Users\\julia.DPIMEDIA\\AIdoc\\slimmermetai-site\\bin\\legacy_migrate.php","line":83,"type":"WARNING"} 
[2025-05-09T12:27:47.583547+02:00] app.ERROR: Undefined variable $r {"ip":"CLI","url":"N/A","request_id":"ff87c7b4c794cdc3","file":"C:\\Users\\julia.DPIMEDIA\\AIdoc\\slimmermetai-site\\bin\\legacy_migrate.php","line":83,"type":"WARNING"} 
[2025-05-09T12:27:47.583633+02:00] app.ERROR: Attempt to read property "addRoute" on null {"ip":"CLI","url":"N/A","request_id":"ff87c7b4c794cdc3","file":"C:\\Users\\julia.DPIMEDIA\\AIdoc\\slimmermetai-site\\bin\\legacy_migrate.php","line":83,"type":"WARNING"} 
[2025-05-09T12:27:47.590861+02:00] app.ERROR: Undefined variable $r {"ip":"CLI","url":"N/A","request_id":"ff87c7b4c794cdc3","file":"C:\\Users\\julia.DPIMEDIA\\AIdoc\\slimmermetai-site\\bin\\legacy_migrate.php","line":83,"type":"WARNING"} 
[2025-05-09T12:27:47.590982+02:00] app.ERROR: Attempt to read property "addRoute" on null {"ip":"CLI","url":"N/A","request_id":"ff87c7b4c794cdc3","file":"C:\\Users\\julia.DPIMEDIA\\AIdoc\\slimmermetai-site\\bin\\legacy_migrate.php","line":83,"type":"WARNING"} 
[2025-05-09T12:27:47.597053+02:00] app.ERROR: Undefined variable $r {"ip":"CLI","url":"N/A","request_id":"ff87c7b4c794cdc3","file":"C:\\Users\\julia.DPIMEDIA\\AIdoc\\slimmermetai-site\\bin\\legacy_migrate.php","line":83,"type":"WARNING"} 
[2025-05-09T12:27:47.597169+02:00] app.ERROR: Attempt to read property "addRoute" on null {"ip":"CLI","url":"N/A","request_id":"ff87c7b4c794cdc3","file":"C:\\Users\\julia.DPIMEDIA\\AIdoc\\slimmermetai-site\\bin\\legacy_migrate.php","line":83,"type":"WARNING"} 
[2025-05-09T12:27:47.604540+02:00] app.ERROR: Undefined variable $r {"ip":"CLI","url":"N/A","request_id":"ff87c7b4c794cdc3","file":"C:\\Users\\julia.DPIMEDIA\\AIdoc\\slimmermetai-site\\bin\\legacy_migrate.php","line":83,"type":"WARNING"} 
[2025-05-09T12:27:47.604666+02:00] app.ERROR: Attempt to read property "addRoute" on null {"ip":"CLI","url":"N/A","request_id":"ff87c7b4c794cdc3","file":"C:\\Users\\julia.DPIMEDIA\\AIdoc\\slimmermetai-site\\bin\\legacy_migrate.php","line":83,"type":"WARNING"} 
[2025-05-09T12:27:47.609952+02:00] app.ERROR: Undefined variable $r {"ip":"CLI","url":"N/A","request_id":"ff87c7b4c794cdc3","file":"C:\\Users\\julia.DPIMEDIA\\AIdoc\\slimmermetai-site\\bin\\legacy_migrate.php","line":83,"type":"WARNING"} 
[2025-05-09T12:27:47.610059+02:00] app.ERROR: Attempt to read property "addRoute" on null {"ip":"CLI","url":"N/A","request_id":"ff87c7b4c794cdc3","file":"C:\\Users\\julia.DPIMEDIA\\AIdoc\\slimmermetai-site\\bin\\legacy_migrate.php","line":83,"type":"WARNING"} 
[2025-05-09T12:27:47.614524+02:00] app.ERROR: Undefined variable $r {"ip":"CLI","url":"N/A","request_id":"ff87c7b4c794cdc3","file":"C:\\Users\\julia.DPIMEDIA\\AIdoc\\slimmermetai-site\\bin\\legacy_migrate.php","line":83,"type":"WARNING"} 
[2025-05-09T12:27:47.614625+02:00] app.ERROR: Attempt to read property "addRoute" on null {"ip":"CLI","url":"N/A","request_id":"ff87c7b4c794cdc3","file":"C:\\Users\\julia.DPIMEDIA\\AIdoc\\slimmermetai-site\\bin\\legacy_migrate.php","line":83,"type":"WARNING"} 
[2025-05-09T12:27:47.620174+02:00] app.ERROR: Undefined variable $r {"ip":"CLI","url":"N/A","request_id":"ff87c7b4c794cdc3","file":"C:\\Users\\julia.DPIMEDIA\\AIdoc\\slimmermetai-site\\bin\\legacy_migrate.php","line":83,"type":"WARNING"} 
[2025-05-09T12:27:47.620272+02:00] app.ERROR: Attempt to read property "addRoute" on null {"ip":"CLI","url":"N/A","request_id":"ff87c7b4c794cdc3","file":"C:\\Users\\julia.DPIMEDIA\\AIdoc\\slimmermetai-site\\bin\\legacy_migrate.php","line":83,"type":"WARNING"} 
[2025-05-09T12:27:47.629167+02:00] app.ERROR: Undefined variable $r {"ip":"CLI","url":"N/A","request_id":"ff87c7b4c794cdc3","file":"C:\\Users\\julia.DPIMEDIA\\AIdoc\\slimmermetai-site\\bin\\legacy_migrate.php","line":83,"type":"WARNING"} 
[2025-05-09T12:27:47.629283+02:00] app.ERROR: Attempt to read property "addRoute" on null {"ip":"CLI","url":"N/A","request_id":"ff87c7b4c794cdc3","file":"C:\\Users\\julia.DPIMEDIA\\AIdoc\\slimmermetai-site\\bin\\legacy_migrate.php","line":83,"type":"WARNING"} 
[2025-05-09T12:27:47.635208+02:00] app.ERROR: Undefined variable $r {"ip":"CLI","url":"N/A","request_id":"ff87c7b4c794cdc3","file":"C:\\Users\\julia.DPIMEDIA\\AIdoc\\slimmermetai-site\\bin\\legacy_migrate.php","line":83,"type":"WARNING"} 
[2025-05-09T12:27:47.635330+02:00] app.ERROR: Attempt to read property "addRoute" on null {"ip":"CLI","url":"N/A","request_id":"ff87c7b4c794cdc3","file":"C:\\Users\\julia.DPIMEDIA\\AIdoc\\slimmermetai-site\\bin\\legacy_migrate.php","line":83,"type":"WARNING"} 
[2025-05-09T12:27:47.641228+02:00] app.ERROR: Undefined variable $r {"ip":"CLI","url":"N/A","request_id":"ff87c7b4c794cdc3","file":"C:\\Users\\julia.DPIMEDIA\\AIdoc\\slimmermetai-site\\bin\\legacy_migrate.php","line":83,"type":"WARNING"} 
[2025-05-09T12:27:47.641329+02:00] app.ERROR: Attempt to read property "addRoute" on null {"ip":"CLI","url":"N/A","request_id":"ff87c7b4c794cdc3","file":"C:\\Users\\julia.DPIMEDIA\\AIdoc\\slimmermetai-site\\bin\\legacy_migrate.php","line":83,"type":"WARNING"} 
[2025-05-09T12:27:47.647157+02:00] app.ERROR: Undefined variable $r {"ip":"CLI","url":"N/A","request_id":"ff87c7b4c794cdc3","file":"C:\\Users\\julia.DPIMEDIA\\AIdoc\\slimmermetai-site\\bin\\legacy_migrate.php","line":83,"type":"WARNING"} 
[2025-05-09T12:27:47.647265+02:00] app.ERROR: Attempt to read property "addRoute" on null {"ip":"CLI","url":"N/A","request_id":"ff87c7b4c794cdc3","file":"C:\\Users\\julia.DPIMEDIA\\AIdoc\\slimmermetai-site\\bin\\legacy_migrate.php","line":83,"type":"WARNING"} 
[2025-05-09T12:27:47.657361+02:00] app.ERROR: Undefined variable $r {"ip":"CLI","url":"N/A","request_id":"ff87c7b4c794cdc3","file":"C:\\Users\\julia.DPIMEDIA\\AIdoc\\slimmermetai-site\\bin\\legacy_migrate.php","line":83,"type":"WARNING"} 
[2025-05-09T12:27:47.657480+02:00] app.ERROR: Attempt to read property "addRoute" on null {"ip":"CLI","url":"N/A","request_id":"ff87c7b4c794cdc3","file":"C:\\Users\\julia.DPIMEDIA\\AIdoc\\slimmermetai-site\\bin\\legacy_migrate.php","line":83,"type":"WARNING"} 
[2025-05-09T12:27:47.664632+02:00] app.ERROR: Undefined variable $r {"ip":"CLI","url":"N/A","request_id":"ff87c7b4c794cdc3","file":"C:\\Users\\julia.DPIMEDIA\\AIdoc\\slimmermetai-site\\bin\\legacy_migrate.php","line":83,"type":"WARNING"} 
[2025-05-09T12:27:47.664761+02:00] app.ERROR: Attempt to read property "addRoute" on null {"ip":"CLI","url":"N/A","request_id":"ff87c7b4c794cdc3","file":"C:\\Users\\julia.DPIMEDIA\\AIdoc\\slimmermetai-site\\bin\\legacy_migrate.php","line":83,"type":"WARNING"} 
[2025-05-09T12:27:47.671929+02:00] app.ERROR: Undefined variable $r {"ip":"CLI","url":"N/A","request_id":"ff87c7b4c794cdc3","file":"C:\\Users\\julia.DPIMEDIA\\AIdoc\\slimmermetai-site\\bin\\legacy_migrate.php","line":83,"type":"WARNING"} 
[2025-05-09T12:27:47.672054+02:00] app.ERROR: Attempt to read property "addRoute" on null {"ip":"CLI","url":"N/A","request_id":"ff87c7b4c794cdc3","file":"C:\\Users\\julia.DPIMEDIA\\AIdoc\\slimmermetai-site\\bin\\legacy_migrate.php","line":83,"type":"WARNING"} 
[2025-05-09T12:27:47.683889+02:00] app.ERROR: Undefined variable $r {"ip":"CLI","url":"N/A","request_id":"ff87c7b4c794cdc3","file":"C:\\Users\\julia.DPIMEDIA\\AIdoc\\slimmermetai-site\\bin\\legacy_migrate.php","line":83,"type":"WARNING"} 
[2025-05-09T12:27:47.684015+02:00] app.ERROR: Attempt to read property "addRoute" on null {"ip":"CLI","url":"N/A","request_id":"ff87c7b4c794cdc3","file":"C:\\Users\\julia.DPIMEDIA\\AIdoc\\slimmermetai-site\\bin\\legacy_migrate.php","line":83,"type":"WARNING"} 
[2025-05-09T12:27:47.692517+02:00] app.ERROR: Undefined variable $r {"ip":"CLI","url":"N/A","request_id":"ff87c7b4c794cdc3","file":"C:\\Users\\julia.DPIMEDIA\\AIdoc\\slimmermetai-site\\bin\\legacy_migrate.php","line":83,"type":"WARNING"} 
[2025-05-09T12:27:47.692658+02:00] app.ERROR: Attempt to read property "addRoute" on null {"ip":"CLI","url":"N/A","request_id":"ff87c7b4c794cdc3","file":"C:\\Users\\julia.DPIMEDIA\\AIdoc\\slimmermetai-site\\bin\\legacy_migrate.php","line":83,"type":"WARNING"} 
[2025-05-09T12:27:47.700902+02:00] app.ERROR: Undefined variable $r {"ip":"CLI","url":"N/A","request_id":"ff87c7b4c794cdc3","file":"C:\\Users\\julia.DPIMEDIA\\AIdoc\\slimmermetai-site\\bin\\legacy_migrate.php","line":83,"type":"WARNING"} 
[2025-05-09T12:27:47.701136+02:00] app.ERROR: Attempt to read property "addRoute" on null {"ip":"CLI","url":"N/A","request_id":"ff87c7b4c794cdc3","file":"C:\\Users\\julia.DPIMEDIA\\AIdoc\\slimmermetai-site\\bin\\legacy_migrate.php","line":83,"type":"WARNING"} 
[2025-05-09T12:27:47.708277+02:00] app.ERROR: Undefined variable $r {"ip":"CLI","url":"N/A","request_id":"ff87c7b4c794cdc3","file":"C:\\Users\\julia.DPIMEDIA\\AIdoc\\slimmermetai-site\\bin\\legacy_migrate.php","line":83,"type":"WARNING"} 
[2025-05-09T12:27:47.708393+02:00] app.ERROR: Attempt to read property "addRoute" on null {"ip":"CLI","url":"N/A","request_id":"ff87c7b4c794cdc3","file":"C:\\Users\\julia.DPIMEDIA\\AIdoc\\slimmermetai-site\\bin\\legacy_migrate.php","line":83,"type":"WARNING"} 
[2025-05-09T12:27:47.708648+02:00] app.ERROR: Undefined variable $r {"ip":"CLI","url":"N/A","request_id":"ff87c7b4c794cdc3","file":"C:\\Users\\julia.DPIMEDIA\\AIdoc\\slimmermetai-site\\bin\\legacy_migrate.php","line":93,"type":"WARNING"} 
[2025-05-09T12:36:18.396980+02:00] app.ERROR: Undefined variable $r {"ip":"CLI","url":"N/A","request_id":"2473ba2e777295cd","file":"C:\\Users\\julia.DPIMEDIA\\AIdoc\\slimmermetai-site\\bin\\legacy_migrate.php","line":82,"type":"WARNING"} 
[2025-05-09T12:36:18.397327+02:00] app.ERROR: Attempt to read property "addRoute" on null {"ip":"CLI","url":"N/A","request_id":"2473ba2e777295cd","file":"C:\\Users\\julia.DPIMEDIA\\AIdoc\\slimmermetai-site\\bin\\legacy_migrate.php","line":82,"type":"WARNING"} 
[2025-05-09T12:36:18.397714+02:00] app.ERROR: Undefined variable $r {"ip":"CLI","url":"N/A","request_id":"2473ba2e777295cd","file":"C:\\Users\\julia.DPIMEDIA\\AIdoc\\slimmermetai-site\\bin\\legacy_migrate.php","line":82,"type":"WARNING"} 
[2025-05-09T12:36:18.397753+02:00] app.ERROR: Attempt to read property "addRoute" on null {"ip":"CLI","url":"N/A","request_id":"2473ba2e777295cd","file":"C:\\Users\\julia.DPIMEDIA\\AIdoc\\slimmermetai-site\\bin\\legacy_migrate.php","line":82,"type":"WARNING"} 
[2025-05-09T12:36:18.398060+02:00] app.ERROR: Undefined variable $r {"ip":"CLI","url":"N/A","request_id":"2473ba2e777295cd","file":"C:\\Users\\julia.DPIMEDIA\\AIdoc\\slimmermetai-site\\bin\\legacy_migrate.php","line":82,"type":"WARNING"} 
[2025-05-09T12:36:18.398095+02:00] app.ERROR: Attempt to read property "addRoute" on null {"ip":"CLI","url":"N/A","request_id":"2473ba2e777295cd","file":"C:\\Users\\julia.DPIMEDIA\\AIdoc\\slimmermetai-site\\bin\\legacy_migrate.php","line":82,"type":"WARNING"} 
[2025-05-09T12:36:18.398398+02:00] app.ERROR: Undefined variable $r {"ip":"CLI","url":"N/A","request_id":"2473ba2e777295cd","file":"C:\\Users\\julia.DPIMEDIA\\AIdoc\\slimmermetai-site\\bin\\legacy_migrate.php","line":82,"type":"WARNING"} 
[2025-05-09T12:36:18.398432+02:00] app.ERROR: Attempt to read property "addRoute" on null {"ip":"CLI","url":"N/A","request_id":"2473ba2e777295cd","file":"C:\\Users\\julia.DPIMEDIA\\AIdoc\\slimmermetai-site\\bin\\legacy_migrate.php","line":82,"type":"WARNING"} 
[2025-05-09T12:36:18.399307+02:00] app.ERROR: Undefined variable $r {"ip":"CLI","url":"N/A","request_id":"2473ba2e777295cd","file":"C:\\Users\\julia.DPIMEDIA\\AIdoc\\slimmermetai-site\\bin\\legacy_migrate.php","line":82,"type":"WARNING"} 
[2025-05-09T12:36:18.399342+02:00] app.ERROR: Attempt to read property "addRoute" on null {"ip":"CLI","url":"N/A","request_id":"2473ba2e777295cd","file":"C:\\Users\\julia.DPIMEDIA\\AIdoc\\slimmermetai-site\\bin\\legacy_migrate.php","line":82,"type":"WARNING"} 
[2025-05-09T12:36:18.399648+02:00] app.ERROR: Undefined variable $r {"ip":"CLI","url":"N/A","request_id":"2473ba2e777295cd","file":"C:\\Users\\julia.DPIMEDIA\\AIdoc\\slimmermetai-site\\bin\\legacy_migrate.php","line":82,"type":"WARNING"} 
[2025-05-09T12:36:18.399684+02:00] app.ERROR: Attempt to read property "addRoute" on null {"ip":"CLI","url":"N/A","request_id":"2473ba2e777295cd","file":"C:\\Users\\julia.DPIMEDIA\\AIdoc\\slimmermetai-site\\bin\\legacy_migrate.php","line":82,"type":"WARNING"} 
[2025-05-09T12:36:18.400003+02:00] app.ERROR: Undefined variable $r {"ip":"CLI","url":"N/A","request_id":"2473ba2e777295cd","file":"C:\\Users\\julia.DPIMEDIA\\AIdoc\\slimmermetai-site\\bin\\legacy_migrate.php","line":82,"type":"WARNING"} 
[2025-05-09T12:36:18.400075+02:00] app.ERROR: Attempt to read property "addRoute" on null {"ip":"CLI","url":"N/A","request_id":"2473ba2e777295cd","file":"C:\\Users\\julia.DPIMEDIA\\AIdoc\\slimmermetai-site\\bin\\legacy_migrate.php","line":82,"type":"WARNING"} 
[2025-05-09T12:36:18.400384+02:00] app.ERROR: Undefined variable $r {"ip":"CLI","url":"N/A","request_id":"2473ba2e777295cd","file":"C:\\Users\\julia.DPIMEDIA\\AIdoc\\slimmermetai-site\\bin\\legacy_migrate.php","line":82,"type":"WARNING"} 
[2025-05-09T12:36:18.400417+02:00] app.ERROR: Attempt to read property "addRoute" on null {"ip":"CLI","url":"N/A","request_id":"2473ba2e777295cd","file":"C:\\Users\\julia.DPIMEDIA\\AIdoc\\slimmermetai-site\\bin\\legacy_migrate.php","line":82,"type":"WARNING"} 
[2025-05-09T12:36:18.400746+02:00] app.ERROR: Undefined variable $r {"ip":"CLI","url":"N/A","request_id":"2473ba2e777295cd","file":"C:\\Users\\julia.DPIMEDIA\\AIdoc\\slimmermetai-site\\bin\\legacy_migrate.php","line":82,"type":"WARNING"} 
[2025-05-09T12:36:18.400781+02:00] app.ERROR: Attempt to read property "addRoute" on null {"ip":"CLI","url":"N/A","request_id":"2473ba2e777295cd","file":"C:\\Users\\julia.DPIMEDIA\\AIdoc\\slimmermetai-site\\bin\\legacy_migrate.php","line":82,"type":"WARNING"} 
[2025-05-09T12:36:18.401427+02:00] app.ERROR: Undefined variable $r {"ip":"CLI","url":"N/A","request_id":"2473ba2e777295cd","file":"C:\\Users\\julia.DPIMEDIA\\AIdoc\\slimmermetai-site\\bin\\legacy_migrate.php","line":82,"type":"WARNING"} 
[2025-05-09T12:36:18.401464+02:00] app.ERROR: Attempt to read property "addRoute" on null {"ip":"CLI","url":"N/A","request_id":"2473ba2e777295cd","file":"C:\\Users\\julia.DPIMEDIA\\AIdoc\\slimmermetai-site\\bin\\legacy_migrate.php","line":82,"type":"WARNING"} 
[2025-05-09T12:36:18.402556+02:00] app.ERROR: Undefined variable $r {"ip":"CLI","url":"N/A","request_id":"2473ba2e777295cd","file":"C:\\Users\\julia.DPIMEDIA\\AIdoc\\slimmermetai-site\\bin\\legacy_migrate.php","line":82,"type":"WARNING"} 
[2025-05-09T12:36:18.402599+02:00] app.ERROR: Attempt to read property "addRoute" on null {"ip":"CLI","url":"N/A","request_id":"2473ba2e777295cd","file":"C:\\Users\\julia.DPIMEDIA\\AIdoc\\slimmermetai-site\\bin\\legacy_migrate.php","line":82,"type":"WARNING"} 
[2025-05-09T12:36:18.402939+02:00] app.ERROR: Undefined variable $r {"ip":"CLI","url":"N/A","request_id":"2473ba2e777295cd","file":"C:\\Users\\julia.DPIMEDIA\\AIdoc\\slimmermetai-site\\bin\\legacy_migrate.php","line":82,"type":"WARNING"} 
[2025-05-09T12:36:18.403007+02:00] app.ERROR: Attempt to read property "addRoute" on null {"ip":"CLI","url":"N/A","request_id":"2473ba2e777295cd","file":"C:\\Users\\julia.DPIMEDIA\\AIdoc\\slimmermetai-site\\bin\\legacy_migrate.php","line":82,"type":"WARNING"} 
[2025-05-09T12:36:18.403338+02:00] app.ERROR: Undefined variable $r {"ip":"CLI","url":"N/A","request_id":"2473ba2e777295cd","file":"C:\\Users\\julia.DPIMEDIA\\AIdoc\\slimmermetai-site\\bin\\legacy_migrate.php","line":82,"type":"WARNING"} 
[2025-05-09T12:36:18.403372+02:00] app.ERROR: Attempt to read property "addRoute" on null {"ip":"CLI","url":"N/A","request_id":"2473ba2e777295cd","file":"C:\\Users\\julia.DPIMEDIA\\AIdoc\\slimmermetai-site\\bin\\legacy_migrate.php","line":82,"type":"WARNING"} 
[2025-05-09T12:36:18.403771+02:00] app.ERROR: Undefined variable $r {"ip":"CLI","url":"N/A","request_id":"2473ba2e777295cd","file":"C:\\Users\\julia.DPIMEDIA\\AIdoc\\slimmermetai-site\\bin\\legacy_migrate.php","line":82,"type":"WARNING"} 
[2025-05-09T12:36:18.403804+02:00] app.ERROR: Attempt to read property "addRoute" on null {"ip":"CLI","url":"N/A","request_id":"2473ba2e777295cd","file":"C:\\Users\\julia.DPIMEDIA\\AIdoc\\slimmermetai-site\\bin\\legacy_migrate.php","line":82,"type":"WARNING"} 
[2025-05-09T12:36:18.404098+02:00] app.ERROR: Undefined variable $r {"ip":"CLI","url":"N/A","request_id":"2473ba2e777295cd","file":"C:\\Users\\julia.DPIMEDIA\\AIdoc\\slimmermetai-site\\bin\\legacy_migrate.php","line":82,"type":"WARNING"} 
[2025-05-09T12:36:18.404180+02:00] app.ERROR: Attempt to read property "addRoute" on null {"ip":"CLI","url":"N/A","request_id":"2473ba2e777295cd","file":"C:\\Users\\julia.DPIMEDIA\\AIdoc\\slimmermetai-site\\bin\\legacy_migrate.php","line":82,"type":"WARNING"} 
[2025-05-09T12:36:18.405546+02:00] app.ERROR: Undefined variable $r {"ip":"CLI","url":"N/A","request_id":"2473ba2e777295cd","file":"C:\\Users\\julia.DPIMEDIA\\AIdoc\\slimmermetai-site\\bin\\legacy_migrate.php","line":82,"type":"WARNING"} 
[2025-05-09T12:36:18.405585+02:00] app.ERROR: Attempt to read property "addRoute" on null {"ip":"CLI","url":"N/A","request_id":"2473ba2e777295cd","file":"C:\\Users\\julia.DPIMEDIA\\AIdoc\\slimmermetai-site\\bin\\legacy_migrate.php","line":82,"type":"WARNING"} 
[2025-05-09T12:36:18.405911+02:00] app.ERROR: Undefined variable $r {"ip":"CLI","url":"N/A","request_id":"2473ba2e777295cd","file":"C:\\Users\\julia.DPIMEDIA\\AIdoc\\slimmermetai-site\\bin\\legacy_migrate.php","line":82,"type":"WARNING"} 
[2025-05-09T12:36:18.405944+02:00] app.ERROR: Attempt to read property "addRoute" on null {"ip":"CLI","url":"N/A","request_id":"2473ba2e777295cd","file":"C:\\Users\\julia.DPIMEDIA\\AIdoc\\slimmermetai-site\\bin\\legacy_migrate.php","line":82,"type":"WARNING"} 
[2025-05-09T12:36:18.406242+02:00] app.ERROR: Undefined variable $r {"ip":"CLI","url":"N/A","request_id":"2473ba2e777295cd","file":"C:\\Users\\julia.DPIMEDIA\\AIdoc\\slimmermetai-site\\bin\\legacy_migrate.php","line":82,"type":"WARNING"} 
[2025-05-09T12:36:18.406274+02:00] app.ERROR: Attempt to read property "addRoute" on null {"ip":"CLI","url":"N/A","request_id":"2473ba2e777295cd","file":"C:\\Users\\julia.DPIMEDIA\\AIdoc\\slimmermetai-site\\bin\\legacy_migrate.php","line":82,"type":"WARNING"} 
[2025-05-09T12:36:18.406668+02:00] app.ERROR: Undefined variable $r {"ip":"CLI","url":"N/A","request_id":"2473ba2e777295cd","file":"C:\\Users\\julia.DPIMEDIA\\AIdoc\\slimmermetai-site\\bin\\legacy_migrate.php","line":82,"type":"WARNING"} 
[2025-05-09T12:36:18.406701+02:00] app.ERROR: Attempt to read property "addRoute" on null {"ip":"CLI","url":"N/A","request_id":"2473ba2e777295cd","file":"C:\\Users\\julia.DPIMEDIA\\AIdoc\\slimmermetai-site\\bin\\legacy_migrate.php","line":82,"type":"WARNING"} 
[2025-05-09T12:36:18.407572+02:00] app.ERROR: Undefined variable $r {"ip":"CLI","url":"N/A","request_id":"2473ba2e777295cd","file":"C:\\Users\\julia.DPIMEDIA\\AIdoc\\slimmermetai-site\\bin\\legacy_migrate.php","line":82,"type":"WARNING"} 
[2025-05-09T12:36:18.407607+02:00] app.ERROR: Attempt to read property "addRoute" on null {"ip":"CLI","url":"N/A","request_id":"2473ba2e777295cd","file":"C:\\Users\\julia.DPIMEDIA\\AIdoc\\slimmermetai-site\\bin\\legacy_migrate.php","line":82,"type":"WARNING"} 
[2025-05-09T12:36:18.408215+02:00] app.ERROR: Undefined variable $r {"ip":"CLI","url":"N/A","request_id":"2473ba2e777295cd","file":"C:\\Users\\julia.DPIMEDIA\\AIdoc\\slimmermetai-site\\bin\\legacy_migrate.php","line":82,"type":"WARNING"} 
[2025-05-09T12:36:18.408249+02:00] app.ERROR: Attempt to read property "addRoute" on null {"ip":"CLI","url":"N/A","request_id":"2473ba2e777295cd","file":"C:\\Users\\julia.DPIMEDIA\\AIdoc\\slimmermetai-site\\bin\\legacy_migrate.php","line":82,"type":"WARNING"} 
[2025-05-09T12:36:18.408557+02:00] app.ERROR: Undefined variable $r {"ip":"CLI","url":"N/A","request_id":"2473ba2e777295cd","file":"C:\\Users\\julia.DPIMEDIA\\AIdoc\\slimmermetai-site\\bin\\legacy_migrate.php","line":82,"type":"WARNING"} 
[2025-05-09T12:36:18.408591+02:00] app.ERROR: Attempt to read property "addRoute" on null {"ip":"CLI","url":"N/A","request_id":"2473ba2e777295cd","file":"C:\\Users\\julia.DPIMEDIA\\AIdoc\\slimmermetai-site\\bin\\legacy_migrate.php","line":82,"type":"WARNING"} 
[2025-05-09T12:36:18.410029+02:00] app.ERROR: Undefined variable $r {"ip":"CLI","url":"N/A","request_id":"2473ba2e777295cd","file":"C:\\Users\\julia.DPIMEDIA\\AIdoc\\slimmermetai-site\\bin\\legacy_migrate.php","line":82,"type":"WARNING"} 
[2025-05-09T12:36:18.410065+02:00] app.ERROR: Attempt to read property "addRoute" on null {"ip":"CLI","url":"N/A","request_id":"2473ba2e777295cd","file":"C:\\Users\\julia.DPIMEDIA\\AIdoc\\slimmermetai-site\\bin\\legacy_migrate.php","line":82,"type":"WARNING"} 
[2025-05-09T12:36:18.410373+02:00] app.ERROR: Undefined variable $r {"ip":"CLI","url":"N/A","request_id":"2473ba2e777295cd","file":"C:\\Users\\julia.DPIMEDIA\\AIdoc\\slimmermetai-site\\bin\\legacy_migrate.php","line":82,"type":"WARNING"} 
[2025-05-09T12:36:18.410413+02:00] app.ERROR: Attempt to read property "addRoute" on null {"ip":"CLI","url":"N/A","request_id":"2473ba2e777295cd","file":"C:\\Users\\julia.DPIMEDIA\\AIdoc\\slimmermetai-site\\bin\\legacy_migrate.php","line":82,"type":"WARNING"} 
[2025-05-09T12:36:18.412299+02:00] app.ERROR: Undefined variable $r {"ip":"CLI","url":"N/A","request_id":"2473ba2e777295cd","file":"C:\\Users\\julia.DPIMEDIA\\AIdoc\\slimmermetai-site\\bin\\legacy_migrate.php","line":82,"type":"WARNING"} 
[2025-05-09T12:36:18.412336+02:00] app.ERROR: Attempt to read property "addRoute" on null {"ip":"CLI","url":"N/A","request_id":"2473ba2e777295cd","file":"C:\\Users\\julia.DPIMEDIA\\AIdoc\\slimmermetai-site\\bin\\legacy_migrate.php","line":82,"type":"WARNING"} 
[2025-05-09T12:36:18.414478+02:00] app.ERROR: Undefined variable $r {"ip":"CLI","url":"N/A","request_id":"2473ba2e777295cd","file":"C:\\Users\\julia.DPIMEDIA\\AIdoc\\slimmermetai-site\\bin\\legacy_migrate.php","line":82,"type":"WARNING"} 
[2025-05-09T12:36:18.414516+02:00] app.ERROR: Attempt to read property "addRoute" on null {"ip":"CLI","url":"N/A","request_id":"2473ba2e777295cd","file":"C:\\Users\\julia.DPIMEDIA\\AIdoc\\slimmermetai-site\\bin\\legacy_migrate.php","line":82,"type":"WARNING"} 
[2025-05-09T12:36:18.415711+02:00] app.ERROR: Undefined variable $r {"ip":"CLI","url":"N/A","request_id":"2473ba2e777295cd","file":"C:\\Users\\julia.DPIMEDIA\\AIdoc\\slimmermetai-site\\bin\\legacy_migrate.php","line":82,"type":"WARNING"} 
[2025-05-09T12:36:18.415747+02:00] app.ERROR: Attempt to read property "addRoute" on null {"ip":"CLI","url":"N/A","request_id":"2473ba2e777295cd","file":"C:\\Users\\julia.DPIMEDIA\\AIdoc\\slimmermetai-site\\bin\\legacy_migrate.php","line":82,"type":"WARNING"} 
[2025-05-09T12:36:18.416063+02:00] app.ERROR: Undefined variable $r {"ip":"CLI","url":"N/A","request_id":"2473ba2e777295cd","file":"C:\\Users\\julia.DPIMEDIA\\AIdoc\\slimmermetai-site\\bin\\legacy_migrate.php","line":82,"type":"WARNING"} 
[2025-05-09T12:36:18.416096+02:00] app.ERROR: Attempt to read property "addRoute" on null {"ip":"CLI","url":"N/A","request_id":"2473ba2e777295cd","file":"C:\\Users\\julia.DPIMEDIA\\AIdoc\\slimmermetai-site\\bin\\legacy_migrate.php","line":82,"type":"WARNING"} 
[2025-05-09T12:36:18.417731+02:00] app.ERROR: Undefined variable $r {"ip":"CLI","url":"N/A","request_id":"2473ba2e777295cd","file":"C:\\Users\\julia.DPIMEDIA\\AIdoc\\slimmermetai-site\\bin\\legacy_migrate.php","line":82,"type":"WARNING"} 
[2025-05-09T12:36:18.417771+02:00] app.ERROR: Attempt to read property "addRoute" on null {"ip":"CLI","url":"N/A","request_id":"2473ba2e777295cd","file":"C:\\Users\\julia.DPIMEDIA\\AIdoc\\slimmermetai-site\\bin\\legacy_migrate.php","line":82,"type":"WARNING"} 
[2025-05-09T12:36:18.418087+02:00] app.ERROR: Undefined variable $r {"ip":"CLI","url":"N/A","request_id":"2473ba2e777295cd","file":"C:\\Users\\julia.DPIMEDIA\\AIdoc\\slimmermetai-site\\bin\\legacy_migrate.php","line":82,"type":"WARNING"} 
[2025-05-09T12:36:18.418123+02:00] app.ERROR: Attempt to read property "addRoute" on null {"ip":"CLI","url":"N/A","request_id":"2473ba2e777295cd","file":"C:\\Users\\julia.DPIMEDIA\\AIdoc\\slimmermetai-site\\bin\\legacy_migrate.php","line":82,"type":"WARNING"} 
[2025-05-09T12:36:18.418441+02:00] app.ERROR: Undefined variable $r {"ip":"CLI","url":"N/A","request_id":"2473ba2e777295cd","file":"C:\\Users\\julia.DPIMEDIA\\AIdoc\\slimmermetai-site\\bin\\legacy_migrate.php","line":82,"type":"WARNING"} 
[2025-05-09T12:36:18.418476+02:00] app.ERROR: Attempt to read property "addRoute" on null {"ip":"CLI","url":"N/A","request_id":"2473ba2e777295cd","file":"C:\\Users\\julia.DPIMEDIA\\AIdoc\\slimmermetai-site\\bin\\legacy_migrate.php","line":82,"type":"WARNING"} 
[2025-05-09T12:36:18.418779+02:00] app.ERROR: Undefined variable $r {"ip":"CLI","url":"N/A","request_id":"2473ba2e777295cd","file":"C:\\Users\\julia.DPIMEDIA\\AIdoc\\slimmermetai-site\\bin\\legacy_migrate.php","line":82,"type":"WARNING"} 
[2025-05-09T12:36:18.418818+02:00] app.ERROR: Attempt to read property "addRoute" on null {"ip":"CLI","url":"N/A","request_id":"2473ba2e777295cd","file":"C:\\Users\\julia.DPIMEDIA\\AIdoc\\slimmermetai-site\\bin\\legacy_migrate.php","line":82,"type":"WARNING"} 
[2025-05-09T12:36:18.419112+02:00] app.ERROR: Undefined variable $r {"ip":"CLI","url":"N/A","request_id":"2473ba2e777295cd","file":"C:\\Users\\julia.DPIMEDIA\\AIdoc\\slimmermetai-site\\bin\\legacy_migrate.php","line":82,"type":"WARNING"} 
[2025-05-09T12:36:18.419146+02:00] app.ERROR: Attempt to read property "addRoute" on null {"ip":"CLI","url":"N/A","request_id":"2473ba2e777295cd","file":"C:\\Users\\julia.DPIMEDIA\\AIdoc\\slimmermetai-site\\bin\\legacy_migrate.php","line":82,"type":"WARNING"} 
[2025-05-09T12:36:18.419460+02:00] app.ERROR: Undefined variable $r {"ip":"CLI","url":"N/A","request_id":"2473ba2e777295cd","file":"C:\\Users\\julia.DPIMEDIA\\AIdoc\\slimmermetai-site\\bin\\legacy_migrate.php","line":82,"type":"WARNING"} 
[2025-05-09T12:36:18.419495+02:00] app.ERROR: Attempt to read property "addRoute" on null {"ip":"CLI","url":"N/A","request_id":"2473ba2e777295cd","file":"C:\\Users\\julia.DPIMEDIA\\AIdoc\\slimmermetai-site\\bin\\legacy_migrate.php","line":82,"type":"WARNING"} 
[2025-05-09T12:36:18.419885+02:00] app.ERROR: Undefined variable $r {"ip":"CLI","url":"N/A","request_id":"2473ba2e777295cd","file":"C:\\Users\\julia.DPIMEDIA\\AIdoc\\slimmermetai-site\\bin\\legacy_migrate.php","line":82,"type":"WARNING"} 
[2025-05-09T12:36:18.419918+02:00] app.ERROR: Attempt to read property "addRoute" on null {"ip":"CLI","url":"N/A","request_id":"2473ba2e777295cd","file":"C:\\Users\\julia.DPIMEDIA\\AIdoc\\slimmermetai-site\\bin\\legacy_migrate.php","line":82,"type":"WARNING"} 
[2025-05-09T12:36:18.420979+02:00] app.ERROR: Undefined variable $r {"ip":"CLI","url":"N/A","request_id":"2473ba2e777295cd","file":"C:\\Users\\julia.DPIMEDIA\\AIdoc\\slimmermetai-site\\bin\\legacy_migrate.php","line":82,"type":"WARNING"} 
[2025-05-09T12:36:18.421015+02:00] app.ERROR: Attempt to read property "addRoute" on null {"ip":"CLI","url":"N/A","request_id":"2473ba2e777295cd","file":"C:\\Users\\julia.DPIMEDIA\\AIdoc\\slimmermetai-site\\bin\\legacy_migrate.php","line":82,"type":"WARNING"} 
[2025-05-09T12:36:18.421313+02:00] app.ERROR: Undefined variable $r {"ip":"CLI","url":"N/A","request_id":"2473ba2e777295cd","file":"C:\\Users\\julia.DPIMEDIA\\AIdoc\\slimmermetai-site\\bin\\legacy_migrate.php","line":82,"type":"WARNING"} 
[2025-05-09T12:36:18.421346+02:00] app.ERROR: Attempt to read property "addRoute" on null {"ip":"CLI","url":"N/A","request_id":"2473ba2e777295cd","file":"C:\\Users\\julia.DPIMEDIA\\AIdoc\\slimmermetai-site\\bin\\legacy_migrate.php","line":82,"type":"WARNING"} 
[2025-05-09T12:36:18.421664+02:00] app.ERROR: Undefined variable $r {"ip":"CLI","url":"N/A","request_id":"2473ba2e777295cd","file":"C:\\Users\\julia.DPIMEDIA\\AIdoc\\slimmermetai-site\\bin\\legacy_migrate.php","line":82,"type":"WARNING"} 
[2025-05-09T12:36:18.421701+02:00] app.ERROR: Attempt to read property "addRoute" on null {"ip":"CLI","url":"N/A","request_id":"2473ba2e777295cd","file":"C:\\Users\\julia.DPIMEDIA\\AIdoc\\slimmermetai-site\\bin\\legacy_migrate.php","line":82,"type":"WARNING"} 
[2025-05-09T12:36:18.422099+02:00] app.ERROR: Undefined variable $r {"ip":"CLI","url":"N/A","request_id":"2473ba2e777295cd","file":"C:\\Users\\julia.DPIMEDIA\\AIdoc\\slimmermetai-site\\bin\\legacy_migrate.php","line":82,"type":"WARNING"} 
[2025-05-09T12:36:18.422133+02:00] app.ERROR: Attempt to read property "addRoute" on null {"ip":"CLI","url":"N/A","request_id":"2473ba2e777295cd","file":"C:\\Users\\julia.DPIMEDIA\\AIdoc\\slimmermetai-site\\bin\\legacy_migrate.php","line":82,"type":"WARNING"} 
[2025-05-09T12:36:18.422477+02:00] app.ERROR: Undefined variable $r {"ip":"CLI","url":"N/A","request_id":"2473ba2e777295cd","file":"C:\\Users\\julia.DPIMEDIA\\AIdoc\\slimmermetai-site\\bin\\legacy_migrate.php","line":82,"type":"WARNING"} 
[2025-05-09T12:36:18.422513+02:00] app.ERROR: Attempt to read property "addRoute" on null {"ip":"CLI","url":"N/A","request_id":"2473ba2e777295cd","file":"C:\\Users\\julia.DPIMEDIA\\AIdoc\\slimmermetai-site\\bin\\legacy_migrate.php","line":82,"type":"WARNING"} 
[2025-05-09T12:36:18.422804+02:00] app.ERROR: Undefined variable $r {"ip":"CLI","url":"N/A","request_id":"2473ba2e777295cd","file":"C:\\Users\\julia.DPIMEDIA\\AIdoc\\slimmermetai-site\\bin\\legacy_migrate.php","line":82,"type":"WARNING"} 
[2025-05-09T12:36:18.422837+02:00] app.ERROR: Attempt to read property "addRoute" on null {"ip":"CLI","url":"N/A","request_id":"2473ba2e777295cd","file":"C:\\Users\\julia.DPIMEDIA\\AIdoc\\slimmermetai-site\\bin\\legacy_migrate.php","line":82,"type":"WARNING"} 
[2025-05-09T12:36:18.423128+02:00] app.ERROR: Undefined variable $r {"ip":"CLI","url":"N/A","request_id":"2473ba2e777295cd","file":"C:\\Users\\julia.DPIMEDIA\\AIdoc\\slimmermetai-site\\bin\\legacy_migrate.php","line":82,"type":"WARNING"} 
[2025-05-09T12:36:18.423161+02:00] app.ERROR: Attempt to read property "addRoute" on null {"ip":"CLI","url":"N/A","request_id":"2473ba2e777295cd","file":"C:\\Users\\julia.DPIMEDIA\\AIdoc\\slimmermetai-site\\bin\\legacy_migrate.php","line":82,"type":"WARNING"} 
[2025-05-09T12:36:18.423449+02:00] app.ERROR: Undefined variable $r {"ip":"CLI","url":"N/A","request_id":"2473ba2e777295cd","file":"C:\\Users\\julia.DPIMEDIA\\AIdoc\\slimmermetai-site\\bin\\legacy_migrate.php","line":82,"type":"WARNING"} 
[2025-05-09T12:36:18.423491+02:00] app.ERROR: Attempt to read property "addRoute" on null {"ip":"CLI","url":"N/A","request_id":"2473ba2e777295cd","file":"C:\\Users\\julia.DPIMEDIA\\AIdoc\\slimmermetai-site\\bin\\legacy_migrate.php","line":82,"type":"WARNING"} 
[2025-05-09T12:36:18.423637+02:00] app.ERROR: Undefined variable $r {"ip":"CLI","url":"N/A","request_id":"2473ba2e777295cd","file":"C:\\Users\\julia.DPIMEDIA\\AIdoc\\slimmermetai-site\\bin\\legacy_migrate.php","line":92,"type":"WARNING"} 
