[2025-06-04T08:39:44.537357+02:00] app.ERROR: Unhandled exception {"ip":"::1","url":"/over-mij","request_id":"88da046cbad522bc","exception":"[object] (Error(code: 0): Call to undefined function asset_url() at C:\\Users\\julia.DPIMEDIA\\AIdoc\\slimmermetai-site\\resources\\views\\over-mij\\index.php:26)"} 
[2025-06-04T08:53:26.964724+02:00] app.ERROR: Unhandled exception {"ip":"::1","url":"/over-mij","request_id":"bf13c58d1d984f87","exception":"[object] (Error(code: 0): Call to undefined function asset_url() at C:\\Users\\julia.DPIMEDIA\\AIdoc\\slimmermetai-site\\resources\\views\\over-mij\\index.php:26)"} 
[2025-06-04T08:55:00.248416+02:00] app.ERROR: Unhandled exception {"ip":"::1","url":"/over-mij","request_id":"4701797ea2165f4d","exception":"[object] (Error(code: 0): Call to undefined function asset_url() at C:\\Users\\julia.DPIMEDIA\\AIdoc\\slimmermetai-site\\resources\\views\\over-mij\\index.php:26)"} 
[2025-06-04T08:58:38.195946+02:00] app.ERROR: Unhandled exception {"ip":"::1","url":"/over-mij","request_id":"dea0172030411a88","exception":"[object] (Error(code: 0): Call to undefined function asset_url() at C:\\Users\\julia.DPIMEDIA\\AIdoc\\slimmermetai-site\\resources\\views\\over-mij\\index.php:26)"} 
[2025-06-04T09:10:07.275763+02:00] app.ERROR: Unhandled exception {"ip":"::1","url":"/over-mij","request_id":"37d595433de539d9","exception":"[object] (Error(code: 0): Call to undefined function asset_url() at C:\\Users\\julia.DPIMEDIA\\AIdoc\\slimmermetai-site\\resources\\views\\over-mij\\index.php:59)"} 
[2025-06-04T09:14:37.651281+02:00] app.ERROR: Unhandled exception {"ip":"::1","url":"/over-mij","request_id":"dbf3ac26c3f01dc0","exception":"[object] (Error(code: 0): Call to undefined function asset_url() at C:\\Users\\julia.DPIMEDIA\\AIdoc\\slimmermetai-site\\resources\\views\\over-mij\\index.php:59)"} 
[2025-06-04T09:14:43.716023+02:00] app.ERROR: Unhandled exception {"ip":"::1","url":"/over-mij","request_id":"dc09bd687ba8ceca","exception":"[object] (Error(code: 0): Call to undefined function asset_url() at C:\\Users\\julia.DPIMEDIA\\AIdoc\\slimmermetai-site\\resources\\views\\over-mij\\index.php:59)"} 
[2025-06-04T09:14:51.123619+02:00] app.ERROR: Unhandled exception {"ip":"::1","url":"/over-mij","request_id":"cfc12acf6c1a0ab3","exception":"[object] (Error(code: 0): Call to undefined function asset_url() at C:\\Users\\julia.DPIMEDIA\\AIdoc\\slimmermetai-site\\resources\\views\\over-mij\\index.php:59)"} 
[2025-06-04T09:19:29.077562+02:00] app.ERROR: Unhandled exception {"ip":"::1","url":"/over-mij","request_id":"64112d6bfcefebfb","exception":"[object] (Error(code: 0): Call to undefined function asset_url() at C:\\Users\\julia.DPIMEDIA\\AIdoc\\slimmermetai-site\\resources\\views\\over-mij\\index.php:26)"} 
[2025-06-04T09:23:21.633025+02:00] app.ERROR: Unhandled exception {"ip":"::1","url":"/over-mij","request_id":"39d6035bb80a05b0","exception":"[object] (Error(code: 0): Call to undefined function asset_url() at C:\\Users\\julia.DPIMEDIA\\AIdoc\\slimmermetai-site\\resources\\views\\over-mij\\index.php:26)"} 
[2025-06-04T09:23:25.002017+02:00] app.ERROR: Unhandled exception {"ip":"::1","url":"/over-mij","request_id":"aab39c6749b7d36e","exception":"[object] (Error(code: 0): Call to undefined function asset_url() at C:\\Users\\julia.DPIMEDIA\\AIdoc\\slimmermetai-site\\resources\\views\\over-mij\\index.php:26)"} 
[2025-06-04T09:23:48.846909+02:00] app.ERROR: Unhandled exception {"ip":"::1","url":"/over-mij","request_id":"9b0eb37498c22b80","exception":"[object] (Error(code: 0): Call to undefined function asset_url() at C:\\Users\\julia.DPIMEDIA\\AIdoc\\slimmermetai-site\\resources\\views\\over-mij\\index.php:26)"} 
[2025-06-04T09:24:00.969176+02:00] app.ERROR: Unhandled exception {"ip":"::1","url":"/over-mij","request_id":"919b194b71b5bf5d","exception":"[object] (Error(code: 0): Call to undefined function asset_url() at C:\\Users\\julia.DPIMEDIA\\AIdoc\\slimmermetai-site\\resources\\views\\over-mij\\index.php:26)"} 
[2025-06-04T09:24:36.812460+02:00] app.ERROR: Unhandled exception {"ip":"::1","url":"/over-mij","request_id":"9bdaa1bcd2b05918","exception":"[object] (Error(code: 0): Call to undefined function asset_url() at C:\\Users\\julia.DPIMEDIA\\AIdoc\\slimmermetai-site\\resources\\views\\over-mij\\index.php:26)"} 
[2025-06-04T12:33:14.016145+02:00] app.ERROR: Stripe sessie creatie mislukt {"ip":"127.0.0.1","url":"/api/stripe/checkout","request_id":"8b166371693c1806","error":"Invalid API Key provided: sk_test_*************cdef"} 
[2025-06-04T12:33:14.017633+02:00] app.ERROR: Invalid API Key provided: sk_test_*************cdef {"ip":"127.0.0.1","url":"/api/stripe/checkout","request_id":"8b166371693c1806","error":"(Status 401) Invalid API Key provided: sk_test_*************cdef"} 
[2025-06-04T12:36:23.495694+02:00] app.INFO: Using mock Stripe session for development {"ip":"127.0.0.1","url":"/api/stripe/checkout","request_id":"016af8d6743a2686"} 
[2025-06-04T12:57:22.168226+02:00] app.INFO: Using mock Stripe session for development {"ip":"127.0.0.1","url":"/api/stripe/checkout","request_id":"d6fe6e8dac19ea1c"} 
[2025-06-04T13:55:06.103031+02:00] app.ERROR: Stripe sessie creatie mislukt {"ip":"127.0.0.1","url":"/api/stripe/checkout","request_id":"12168bd6f56853d6","error":"Invalid API Key provided: sk_test_*********************************************************************wxyz"} 
[2025-06-04T13:55:06.105758+02:00] app.ERROR: Invalid API Key provided: sk_test_*********************************************************************wxyz {"ip":"127.0.0.1","url":"/api/stripe/checkout","request_id":"12168bd6f56853d6","error":"Error sending request to Stripe: (Status 401) Invalid API Key provided: sk_test_*********************************************************************wxyz
Stripe\\Exception\\AuthenticationException: Invalid API Key provided: sk_test_*********************************************************************wxyz in C:\\Users\\julia.DPIMEDIA\\AIdoc\\slimmermetai-site\\vendor\\stripe\\stripe-php\\lib\\Exception\\ApiErrorException.php:38
Stack trace:
#0 C:\\Users\\julia.DPIMEDIA\\AIdoc\\slimmermetai-site\\vendor\\stripe\\stripe-php\\lib\\ApiRequestor.php(235): Stripe\\Exception\\ApiErrorException::factory('Invalid API Key...', 401, '{\\n  \"error\": {\\n...', Array, Object(Stripe\\Util\\CaseInsensitiveArray), NULL)
#1 C:\\Users\\julia.DPIMEDIA\\AIdoc\\slimmermetai-site\\vendor\\stripe\\stripe-php\\lib\\ApiRequestor.php(193): Stripe\\ApiRequestor::_specificV1APIError('{\\n  \"error\": {\\n...', 401, Object(Stripe\\Util\\CaseInsensitiveArray), Array, Array)
#2 C:\\Users\\julia.DPIMEDIA\\AIdoc\\slimmermetai-site\\vendor\\stripe\\stripe-php\\lib\\ApiRequestor.php(650): Stripe\\ApiRequestor->handleErrorResponse('{\\n  \"error\": {\\n...', 401, Object(Stripe\\Util\\CaseInsensitiveArray), Array, 'v1')
#3 C:\\Users\\julia.DPIMEDIA\\AIdoc\\slimmermetai-site\\vendor\\stripe\\stripe-php\\lib\\ApiRequestor.php(137): Stripe\\ApiRequestor->_interpretResponse('{\\n  \"error\": {\\n...', 401, Object(Stripe\\Util\\CaseInsensitiveArray), 'v1')
#4 C:\\Users\\julia.DPIMEDIA\\AIdoc\\slimmermetai-site\\vendor\\stripe\\stripe-php\\lib\\ApiOperations\\Request.php(111): Stripe\\ApiRequestor->request('post', '/v1/checkout/se...', Array, Array, 'v1', Array)
#5 C:\\Users\\julia.DPIMEDIA\\AIdoc\\slimmermetai-site\\vendor\\stripe\\stripe-php\\lib\\Checkout\\Session.php(141): Stripe\\ApiResource::_staticRequest('post', '/v1/checkout/se...', Array, NULL)
#6 C:\\Users\\julia.DPIMEDIA\\AIdoc\\slimmermetai-site\\src\\Application\\Service\\StripeService.php(76): Stripe\\Checkout\\Session::create(Array)
#7 C:\\Users\\julia.DPIMEDIA\\AIdoc\\slimmermetai-site\\src\\Http\\Controller\\StripeController.php(22): App\\Application\\Service\\StripeService->createCheckoutSession(Array, 'http://localhos...', 'http://localhos...', Array)
#8 C:\\Users\\julia.DPIMEDIA\\AIdoc\\slimmermetai-site\\src\\Http\\Routing\\FastRouteRequestHandler.php(91): App\\Http\\Controller\\StripeController->createSession()
#9 C:\\Users\\julia.DPIMEDIA\\AIdoc\\slimmermetai-site\\src\\Http\\Routing\\FastRouteRequestHandler.php(40): App\\Http\\Routing\\FastRouteRequestHandler->invokeHandler(Array, Object(GuzzleHttp\\Psr7\\ServerRequest), Array)
#10 C:\\Users\\julia.DPIMEDIA\\AIdoc\\slimmermetai-site\\src\\Http\\Middleware\\MiddlewareDispatcher.php(38): App\\Http\\Routing\\FastRouteRequestHandler->handle(Object(GuzzleHttp\\Psr7\\ServerRequest))
#11 C:\\Users\\julia.DPIMEDIA\\AIdoc\\slimmermetai-site\\src\\Http\\Middleware\\AuthenticationMiddleware.php(40): App\\Http\\Middleware\\MiddlewareDispatcher->handle(Object(GuzzleHttp\\Psr7\\ServerRequest))
#12 C:\\Users\\julia.DPIMEDIA\\AIdoc\\slimmermetai-site\\src\\Http\\Middleware\\MiddlewareDispatcher.php(36): App\\Http\\Middleware\\AuthenticationMiddleware->process(Object(GuzzleHttp\\Psr7\\ServerRequest), Object(App\\Http\\Middleware\\MiddlewareDispatcher))
#13 C:\\Users\\julia.DPIMEDIA\\AIdoc\\slimmermetai-site\\src\\Http\\Middleware\\CsrfMiddleware.php(33): App\\Http\\Middleware\\MiddlewareDispatcher->handle(Object(GuzzleHttp\\Psr7\\ServerRequest))
#14 C:\\Users\\julia.DPIMEDIA\\AIdoc\\slimmermetai-site\\src\\Http\\Middleware\\MiddlewareDispatcher.php(36): App\\Http\\Middleware\\CsrfMiddleware->process(Object(GuzzleHttp\\Psr7\\ServerRequest), Object(App\\Http\\Middleware\\MiddlewareDispatcher))
#15 C:\\Users\\julia.DPIMEDIA\\AIdoc\\slimmermetai-site\\src\\Http\\Middleware\\BodyParsingMiddleware.php(42): App\\Http\\Middleware\\MiddlewareDispatcher->handle(Object(GuzzleHttp\\Psr7\\ServerRequest))
#16 C:\\Users\\julia.DPIMEDIA\\AIdoc\\slimmermetai-site\\src\\Http\\Middleware\\MiddlewareDispatcher.php(36): App\\Http\\Middleware\\BodyParsingMiddleware->process(Object(GuzzleHttp\\Psr7\\ServerRequest), Object(App\\Http\\Middleware\\MiddlewareDispatcher))
#17 C:\\Users\\julia.DPIMEDIA\\AIdoc\\slimmermetai-site\\src\\Http\\Middleware\\CorsMiddleware.php(40): App\\Http\\Middleware\\MiddlewareDispatcher->handle(Object(GuzzleHttp\\Psr7\\ServerRequest))
#18 C:\\Users\\julia.DPIMEDIA\\AIdoc\\slimmermetai-site\\src\\Http\\Middleware\\MiddlewareDispatcher.php(36): App\\Http\\Middleware\\CorsMiddleware->process(Object(GuzzleHttp\\Psr7\\ServerRequest), Object(App\\Http\\Middleware\\MiddlewareDispatcher))
#19 C:\\Users\\julia.DPIMEDIA\\AIdoc\\slimmermetai-site\\src\\Http\\Middleware\\ErrorHandlingMiddleware.php(38): App\\Http\\Middleware\\MiddlewareDispatcher->handle(Object(GuzzleHttp\\Psr7\\ServerRequest))
#20 C:\\Users\\julia.DPIMEDIA\\AIdoc\\slimmermetai-site\\src\\Http\\Middleware\\MiddlewareDispatcher.php(36): App\\Http\\Middleware\\ErrorHandlingMiddleware->process(Object(GuzzleHttp\\Psr7\\ServerRequest), Object(App\\Http\\Middleware\\MiddlewareDispatcher))
#21 C:\\Users\\julia.DPIMEDIA\\AIdoc\\slimmermetai-site\\public_html\\index.php(243): App\\Http\\Middleware\\MiddlewareDispatcher->handle(Object(GuzzleHttp\\Psr7\\ServerRequest))
#22 C:\\Users\\julia.DPIMEDIA\\AIdoc\\slimmermetai-site\\router.php(18): require('C:\\\\Users\\\\julia....')
#23 {main}"} 
[2025-06-04T13:55:10.385328+02:00] app.ERROR: Stripe sessie creatie mislukt {"ip":"127.0.0.1","url":"/api/stripe/checkout","request_id":"636e04c3ba4e9f5a","error":"Invalid API Key provided: sk_test_*********************************************************************wxyz"} 
[2025-06-04T13:55:10.386390+02:00] app.ERROR: Invalid API Key provided: sk_test_*********************************************************************wxyz {"ip":"127.0.0.1","url":"/api/stripe/checkout","request_id":"636e04c3ba4e9f5a","error":"Error sending request to Stripe: (Status 401) Invalid API Key provided: sk_test_*********************************************************************wxyz
Stripe\\Exception\\AuthenticationException: Invalid API Key provided: sk_test_*********************************************************************wxyz in C:\\Users\\julia.DPIMEDIA\\AIdoc\\slimmermetai-site\\vendor\\stripe\\stripe-php\\lib\\Exception\\ApiErrorException.php:38
Stack trace:
#0 C:\\Users\\julia.DPIMEDIA\\AIdoc\\slimmermetai-site\\vendor\\stripe\\stripe-php\\lib\\ApiRequestor.php(235): Stripe\\Exception\\ApiErrorException::factory('Invalid API Key...', 401, '{\\n  \"error\": {\\n...', Array, Object(Stripe\\Util\\CaseInsensitiveArray), NULL)
#1 C:\\Users\\julia.DPIMEDIA\\AIdoc\\slimmermetai-site\\vendor\\stripe\\stripe-php\\lib\\ApiRequestor.php(193): Stripe\\ApiRequestor::_specificV1APIError('{\\n  \"error\": {\\n...', 401, Object(Stripe\\Util\\CaseInsensitiveArray), Array, Array)
#2 C:\\Users\\julia.DPIMEDIA\\AIdoc\\slimmermetai-site\\vendor\\stripe\\stripe-php\\lib\\ApiRequestor.php(650): Stripe\\ApiRequestor->handleErrorResponse('{\\n  \"error\": {\\n...', 401, Object(Stripe\\Util\\CaseInsensitiveArray), Array, 'v1')
#3 C:\\Users\\julia.DPIMEDIA\\AIdoc\\slimmermetai-site\\vendor\\stripe\\stripe-php\\lib\\ApiRequestor.php(137): Stripe\\ApiRequestor->_interpretResponse('{\\n  \"error\": {\\n...', 401, Object(Stripe\\Util\\CaseInsensitiveArray), 'v1')
#4 C:\\Users\\julia.DPIMEDIA\\AIdoc\\slimmermetai-site\\vendor\\stripe\\stripe-php\\lib\\ApiOperations\\Request.php(111): Stripe\\ApiRequestor->request('post', '/v1/checkout/se...', Array, Array, 'v1', Array)
#5 C:\\Users\\julia.DPIMEDIA\\AIdoc\\slimmermetai-site\\vendor\\stripe\\stripe-php\\lib\\Checkout\\Session.php(141): Stripe\\ApiResource::_staticRequest('post', '/v1/checkout/se...', Array, NULL)
#6 C:\\Users\\julia.DPIMEDIA\\AIdoc\\slimmermetai-site\\src\\Application\\Service\\StripeService.php(76): Stripe\\Checkout\\Session::create(Array)
#7 C:\\Users\\julia.DPIMEDIA\\AIdoc\\slimmermetai-site\\src\\Http\\Controller\\StripeController.php(22): App\\Application\\Service\\StripeService->createCheckoutSession(Array, 'http://localhos...', 'http://localhos...', Array)
#8 C:\\Users\\julia.DPIMEDIA\\AIdoc\\slimmermetai-site\\src\\Http\\Routing\\FastRouteRequestHandler.php(91): App\\Http\\Controller\\StripeController->createSession()
#9 C:\\Users\\julia.DPIMEDIA\\AIdoc\\slimmermetai-site\\src\\Http\\Routing\\FastRouteRequestHandler.php(40): App\\Http\\Routing\\FastRouteRequestHandler->invokeHandler(Array, Object(GuzzleHttp\\Psr7\\ServerRequest), Array)
#10 C:\\Users\\julia.DPIMEDIA\\AIdoc\\slimmermetai-site\\src\\Http\\Middleware\\MiddlewareDispatcher.php(38): App\\Http\\Routing\\FastRouteRequestHandler->handle(Object(GuzzleHttp\\Psr7\\ServerRequest))
#11 C:\\Users\\julia.DPIMEDIA\\AIdoc\\slimmermetai-site\\src\\Http\\Middleware\\AuthenticationMiddleware.php(40): App\\Http\\Middleware\\MiddlewareDispatcher->handle(Object(GuzzleHttp\\Psr7\\ServerRequest))
#12 C:\\Users\\julia.DPIMEDIA\\AIdoc\\slimmermetai-site\\src\\Http\\Middleware\\MiddlewareDispatcher.php(36): App\\Http\\Middleware\\AuthenticationMiddleware->process(Object(GuzzleHttp\\Psr7\\ServerRequest), Object(App\\Http\\Middleware\\MiddlewareDispatcher))
#13 C:\\Users\\julia.DPIMEDIA\\AIdoc\\slimmermetai-site\\src\\Http\\Middleware\\CsrfMiddleware.php(33): App\\Http\\Middleware\\MiddlewareDispatcher->handle(Object(GuzzleHttp\\Psr7\\ServerRequest))
#14 C:\\Users\\julia.DPIMEDIA\\AIdoc\\slimmermetai-site\\src\\Http\\Middleware\\MiddlewareDispatcher.php(36): App\\Http\\Middleware\\CsrfMiddleware->process(Object(GuzzleHttp\\Psr7\\ServerRequest), Object(App\\Http\\Middleware\\MiddlewareDispatcher))
#15 C:\\Users\\julia.DPIMEDIA\\AIdoc\\slimmermetai-site\\src\\Http\\Middleware\\BodyParsingMiddleware.php(42): App\\Http\\Middleware\\MiddlewareDispatcher->handle(Object(GuzzleHttp\\Psr7\\ServerRequest))
#16 C:\\Users\\julia.DPIMEDIA\\AIdoc\\slimmermetai-site\\src\\Http\\Middleware\\MiddlewareDispatcher.php(36): App\\Http\\Middleware\\BodyParsingMiddleware->process(Object(GuzzleHttp\\Psr7\\ServerRequest), Object(App\\Http\\Middleware\\MiddlewareDispatcher))
#17 C:\\Users\\julia.DPIMEDIA\\AIdoc\\slimmermetai-site\\src\\Http\\Middleware\\CorsMiddleware.php(40): App\\Http\\Middleware\\MiddlewareDispatcher->handle(Object(GuzzleHttp\\Psr7\\ServerRequest))
#18 C:\\Users\\julia.DPIMEDIA\\AIdoc\\slimmermetai-site\\src\\Http\\Middleware\\MiddlewareDispatcher.php(36): App\\Http\\Middleware\\CorsMiddleware->process(Object(GuzzleHttp\\Psr7\\ServerRequest), Object(App\\Http\\Middleware\\MiddlewareDispatcher))
#19 C:\\Users\\julia.DPIMEDIA\\AIdoc\\slimmermetai-site\\src\\Http\\Middleware\\ErrorHandlingMiddleware.php(38): App\\Http\\Middleware\\MiddlewareDispatcher->handle(Object(GuzzleHttp\\Psr7\\ServerRequest))
#20 C:\\Users\\julia.DPIMEDIA\\AIdoc\\slimmermetai-site\\src\\Http\\Middleware\\MiddlewareDispatcher.php(36): App\\Http\\Middleware\\ErrorHandlingMiddleware->process(Object(GuzzleHttp\\Psr7\\ServerRequest), Object(App\\Http\\Middleware\\MiddlewareDispatcher))
#21 C:\\Users\\julia.DPIMEDIA\\AIdoc\\slimmermetai-site\\public_html\\index.php(243): App\\Http\\Middleware\\MiddlewareDispatcher->handle(Object(GuzzleHttp\\Psr7\\ServerRequest))
#22 C:\\Users\\julia.DPIMEDIA\\AIdoc\\slimmermetai-site\\router.php(18): require('C:\\\\Users\\\\julia....')
#23 {main}"} 
[2025-06-04T13:55:10.908433+02:00] app.ERROR: Stripe sessie creatie mislukt {"ip":"127.0.0.1","url":"/api/stripe/checkout","request_id":"d5a96dd47118c764","error":"Invalid API Key provided: sk_test_*********************************************************************wxyz"} 
[2025-06-04T13:55:10.909264+02:00] app.ERROR: Invalid API Key provided: sk_test_*********************************************************************wxyz {"ip":"127.0.0.1","url":"/api/stripe/checkout","request_id":"d5a96dd47118c764","error":"Error sending request to Stripe: (Status 401) Invalid API Key provided: sk_test_*********************************************************************wxyz
Stripe\\Exception\\AuthenticationException: Invalid API Key provided: sk_test_*********************************************************************wxyz in C:\\Users\\julia.DPIMEDIA\\AIdoc\\slimmermetai-site\\vendor\\stripe\\stripe-php\\lib\\Exception\\ApiErrorException.php:38
Stack trace:
#0 C:\\Users\\julia.DPIMEDIA\\AIdoc\\slimmermetai-site\\vendor\\stripe\\stripe-php\\lib\\ApiRequestor.php(235): Stripe\\Exception\\ApiErrorException::factory('Invalid API Key...', 401, '{\\n  \"error\": {\\n...', Array, Object(Stripe\\Util\\CaseInsensitiveArray), NULL)
#1 C:\\Users\\julia.DPIMEDIA\\AIdoc\\slimmermetai-site\\vendor\\stripe\\stripe-php\\lib\\ApiRequestor.php(193): Stripe\\ApiRequestor::_specificV1APIError('{\\n  \"error\": {\\n...', 401, Object(Stripe\\Util\\CaseInsensitiveArray), Array, Array)
#2 C:\\Users\\julia.DPIMEDIA\\AIdoc\\slimmermetai-site\\vendor\\stripe\\stripe-php\\lib\\ApiRequestor.php(650): Stripe\\ApiRequestor->handleErrorResponse('{\\n  \"error\": {\\n...', 401, Object(Stripe\\Util\\CaseInsensitiveArray), Array, 'v1')
#3 C:\\Users\\julia.DPIMEDIA\\AIdoc\\slimmermetai-site\\vendor\\stripe\\stripe-php\\lib\\ApiRequestor.php(137): Stripe\\ApiRequestor->_interpretResponse('{\\n  \"error\": {\\n...', 401, Object(Stripe\\Util\\CaseInsensitiveArray), 'v1')
#4 C:\\Users\\julia.DPIMEDIA\\AIdoc\\slimmermetai-site\\vendor\\stripe\\stripe-php\\lib\\ApiOperations\\Request.php(111): Stripe\\ApiRequestor->request('post', '/v1/checkout/se...', Array, Array, 'v1', Array)
#5 C:\\Users\\julia.DPIMEDIA\\AIdoc\\slimmermetai-site\\vendor\\stripe\\stripe-php\\lib\\Checkout\\Session.php(141): Stripe\\ApiResource::_staticRequest('post', '/v1/checkout/se...', Array, NULL)
#6 C:\\Users\\julia.DPIMEDIA\\AIdoc\\slimmermetai-site\\src\\Application\\Service\\StripeService.php(76): Stripe\\Checkout\\Session::create(Array)
#7 C:\\Users\\julia.DPIMEDIA\\AIdoc\\slimmermetai-site\\src\\Http\\Controller\\StripeController.php(22): App\\Application\\Service\\StripeService->createCheckoutSession(Array, 'http://localhos...', 'http://localhos...', Array)
#8 C:\\Users\\julia.DPIMEDIA\\AIdoc\\slimmermetai-site\\src\\Http\\Routing\\FastRouteRequestHandler.php(91): App\\Http\\Controller\\StripeController->createSession()
#9 C:\\Users\\julia.DPIMEDIA\\AIdoc\\slimmermetai-site\\src\\Http\\Routing\\FastRouteRequestHandler.php(40): App\\Http\\Routing\\FastRouteRequestHandler->invokeHandler(Array, Object(GuzzleHttp\\Psr7\\ServerRequest), Array)
#10 C:\\Users\\julia.DPIMEDIA\\AIdoc\\slimmermetai-site\\src\\Http\\Middleware\\MiddlewareDispatcher.php(38): App\\Http\\Routing\\FastRouteRequestHandler->handle(Object(GuzzleHttp\\Psr7\\ServerRequest))
#11 C:\\Users\\julia.DPIMEDIA\\AIdoc\\slimmermetai-site\\src\\Http\\Middleware\\AuthenticationMiddleware.php(40): App\\Http\\Middleware\\MiddlewareDispatcher->handle(Object(GuzzleHttp\\Psr7\\ServerRequest))
#12 C:\\Users\\julia.DPIMEDIA\\AIdoc\\slimmermetai-site\\src\\Http\\Middleware\\MiddlewareDispatcher.php(36): App\\Http\\Middleware\\AuthenticationMiddleware->process(Object(GuzzleHttp\\Psr7\\ServerRequest), Object(App\\Http\\Middleware\\MiddlewareDispatcher))
#13 C:\\Users\\julia.DPIMEDIA\\AIdoc\\slimmermetai-site\\src\\Http\\Middleware\\CsrfMiddleware.php(33): App\\Http\\Middleware\\MiddlewareDispatcher->handle(Object(GuzzleHttp\\Psr7\\ServerRequest))
#14 C:\\Users\\julia.DPIMEDIA\\AIdoc\\slimmermetai-site\\src\\Http\\Middleware\\MiddlewareDispatcher.php(36): App\\Http\\Middleware\\CsrfMiddleware->process(Object(GuzzleHttp\\Psr7\\ServerRequest), Object(App\\Http\\Middleware\\MiddlewareDispatcher))
#15 C:\\Users\\julia.DPIMEDIA\\AIdoc\\slimmermetai-site\\src\\Http\\Middleware\\BodyParsingMiddleware.php(42): App\\Http\\Middleware\\MiddlewareDispatcher->handle(Object(GuzzleHttp\\Psr7\\ServerRequest))
#16 C:\\Users\\julia.DPIMEDIA\\AIdoc\\slimmermetai-site\\src\\Http\\Middleware\\MiddlewareDispatcher.php(36): App\\Http\\Middleware\\BodyParsingMiddleware->process(Object(GuzzleHttp\\Psr7\\ServerRequest), Object(App\\Http\\Middleware\\MiddlewareDispatcher))
#17 C:\\Users\\julia.DPIMEDIA\\AIdoc\\slimmermetai-site\\src\\Http\\Middleware\\CorsMiddleware.php(40): App\\Http\\Middleware\\MiddlewareDispatcher->handle(Object(GuzzleHttp\\Psr7\\ServerRequest))
#18 C:\\Users\\julia.DPIMEDIA\\AIdoc\\slimmermetai-site\\src\\Http\\Middleware\\MiddlewareDispatcher.php(36): App\\Http\\Middleware\\CorsMiddleware->process(Object(GuzzleHttp\\Psr7\\ServerRequest), Object(App\\Http\\Middleware\\MiddlewareDispatcher))
#19 C:\\Users\\julia.DPIMEDIA\\AIdoc\\slimmermetai-site\\src\\Http\\Middleware\\ErrorHandlingMiddleware.php(38): App\\Http\\Middleware\\MiddlewareDispatcher->handle(Object(GuzzleHttp\\Psr7\\ServerRequest))
#20 C:\\Users\\julia.DPIMEDIA\\AIdoc\\slimmermetai-site\\src\\Http\\Middleware\\MiddlewareDispatcher.php(36): App\\Http\\Middleware\\ErrorHandlingMiddleware->process(Object(GuzzleHttp\\Psr7\\ServerRequest), Object(App\\Http\\Middleware\\MiddlewareDispatcher))
#21 C:\\Users\\julia.DPIMEDIA\\AIdoc\\slimmermetai-site\\public_html\\index.php(243): App\\Http\\Middleware\\MiddlewareDispatcher->handle(Object(GuzzleHttp\\Psr7\\ServerRequest))
#22 C:\\Users\\julia.DPIMEDIA\\AIdoc\\slimmermetai-site\\router.php(18): require('C:\\\\Users\\\\julia....')
#23 {main}"} 
[2025-06-04T15:26:49.964920+02:00] app.ERROR: Stripe sessie creatie mislukt {"ip":"127.0.0.1","url":"/api/stripe/checkout","request_id":"1b207f6ac86ce953","error":"Invalid API Key provided: sk_test_***********************************************************************************************sFgP"} 
[2025-06-04T15:26:49.968710+02:00] app.ERROR: Invalid API Key provided: sk_test_***********************************************************************************************sFgP {"ip":"127.0.0.1","url":"/api/stripe/checkout","request_id":"1b207f6ac86ce953","error":"Error sending request to Stripe: (Status 401) Invalid API Key provided: sk_test_***********************************************************************************************sFgP
Stripe\\Exception\\AuthenticationException: Invalid API Key provided: sk_test_***********************************************************************************************sFgP in C:\\Users\\julia.DPIMEDIA\\AIdoc\\slimmermetai-site\\vendor\\stripe\\stripe-php\\lib\\Exception\\ApiErrorException.php:38
Stack trace:
#0 C:\\Users\\julia.DPIMEDIA\\AIdoc\\slimmermetai-site\\vendor\\stripe\\stripe-php\\lib\\ApiRequestor.php(235): Stripe\\Exception\\ApiErrorException::factory('Invalid API Key...', 401, '{\\n  \"error\": {\\n...', Array, Object(Stripe\\Util\\CaseInsensitiveArray), NULL)
#1 C:\\Users\\julia.DPIMEDIA\\AIdoc\\slimmermetai-site\\vendor\\stripe\\stripe-php\\lib\\ApiRequestor.php(193): Stripe\\ApiRequestor::_specificV1APIError('{\\n  \"error\": {\\n...', 401, Object(Stripe\\Util\\CaseInsensitiveArray), Array, Array)
#2 C:\\Users\\julia.DPIMEDIA\\AIdoc\\slimmermetai-site\\vendor\\stripe\\stripe-php\\lib\\ApiRequestor.php(650): Stripe\\ApiRequestor->handleErrorResponse('{\\n  \"error\": {\\n...', 401, Object(Stripe\\Util\\CaseInsensitiveArray), Array, 'v1')
#3 C:\\Users\\julia.DPIMEDIA\\AIdoc\\slimmermetai-site\\vendor\\stripe\\stripe-php\\lib\\ApiRequestor.php(137): Stripe\\ApiRequestor->_interpretResponse('{\\n  \"error\": {\\n...', 401, Object(Stripe\\Util\\CaseInsensitiveArray), 'v1')
#4 C:\\Users\\julia.DPIMEDIA\\AIdoc\\slimmermetai-site\\vendor\\stripe\\stripe-php\\lib\\ApiOperations\\Request.php(111): Stripe\\ApiRequestor->request('post', '/v1/checkout/se...', Array, Array, 'v1', Array)
#5 C:\\Users\\julia.DPIMEDIA\\AIdoc\\slimmermetai-site\\vendor\\stripe\\stripe-php\\lib\\Checkout\\Session.php(141): Stripe\\ApiResource::_staticRequest('post', '/v1/checkout/se...', Array, NULL)
#6 C:\\Users\\julia.DPIMEDIA\\AIdoc\\slimmermetai-site\\src\\Application\\Service\\StripeService.php(77): Stripe\\Checkout\\Session::create(Array)
#7 C:\\Users\\julia.DPIMEDIA\\AIdoc\\slimmermetai-site\\src\\Http\\Controller\\StripeController.php(22): App\\Application\\Service\\StripeService->createCheckoutSession(Array, 'http://localhos...', 'http://localhos...', Array)
#8 C:\\Users\\julia.DPIMEDIA\\AIdoc\\slimmermetai-site\\src\\Http\\Routing\\FastRouteRequestHandler.php(91): App\\Http\\Controller\\StripeController->createSession()
#9 C:\\Users\\julia.DPIMEDIA\\AIdoc\\slimmermetai-site\\src\\Http\\Routing\\FastRouteRequestHandler.php(40): App\\Http\\Routing\\FastRouteRequestHandler->invokeHandler(Array, Object(GuzzleHttp\\Psr7\\ServerRequest), Array)
#10 C:\\Users\\julia.DPIMEDIA\\AIdoc\\slimmermetai-site\\src\\Http\\Middleware\\MiddlewareDispatcher.php(38): App\\Http\\Routing\\FastRouteRequestHandler->handle(Object(GuzzleHttp\\Psr7\\ServerRequest))
#11 C:\\Users\\julia.DPIMEDIA\\AIdoc\\slimmermetai-site\\src\\Http\\Middleware\\AuthenticationMiddleware.php(40): App\\Http\\Middleware\\MiddlewareDispatcher->handle(Object(GuzzleHttp\\Psr7\\ServerRequest))
#12 C:\\Users\\julia.DPIMEDIA\\AIdoc\\slimmermetai-site\\src\\Http\\Middleware\\MiddlewareDispatcher.php(36): App\\Http\\Middleware\\AuthenticationMiddleware->process(Object(GuzzleHttp\\Psr7\\ServerRequest), Object(App\\Http\\Middleware\\MiddlewareDispatcher))
#13 C:\\Users\\julia.DPIMEDIA\\AIdoc\\slimmermetai-site\\src\\Http\\Middleware\\CsrfMiddleware.php(33): App\\Http\\Middleware\\MiddlewareDispatcher->handle(Object(GuzzleHttp\\Psr7\\ServerRequest))
#14 C:\\Users\\julia.DPIMEDIA\\AIdoc\\slimmermetai-site\\src\\Http\\Middleware\\MiddlewareDispatcher.php(36): App\\Http\\Middleware\\CsrfMiddleware->process(Object(GuzzleHttp\\Psr7\\ServerRequest), Object(App\\Http\\Middleware\\MiddlewareDispatcher))
#15 C:\\Users\\julia.DPIMEDIA\\AIdoc\\slimmermetai-site\\src\\Http\\Middleware\\BodyParsingMiddleware.php(42): App\\Http\\Middleware\\MiddlewareDispatcher->handle(Object(GuzzleHttp\\Psr7\\ServerRequest))
#16 C:\\Users\\julia.DPIMEDIA\\AIdoc\\slimmermetai-site\\src\\Http\\Middleware\\MiddlewareDispatcher.php(36): App\\Http\\Middleware\\BodyParsingMiddleware->process(Object(GuzzleHttp\\Psr7\\ServerRequest), Object(App\\Http\\Middleware\\MiddlewareDispatcher))
#17 C:\\Users\\julia.DPIMEDIA\\AIdoc\\slimmermetai-site\\src\\Http\\Middleware\\CorsMiddleware.php(40): App\\Http\\Middleware\\MiddlewareDispatcher->handle(Object(GuzzleHttp\\Psr7\\ServerRequest))
#18 C:\\Users\\julia.DPIMEDIA\\AIdoc\\slimmermetai-site\\src\\Http\\Middleware\\MiddlewareDispatcher.php(36): App\\Http\\Middleware\\CorsMiddleware->process(Object(GuzzleHttp\\Psr7\\ServerRequest), Object(App\\Http\\Middleware\\MiddlewareDispatcher))
#19 C:\\Users\\julia.DPIMEDIA\\AIdoc\\slimmermetai-site\\src\\Http\\Middleware\\ErrorHandlingMiddleware.php(38): App\\Http\\Middleware\\MiddlewareDispatcher->handle(Object(GuzzleHttp\\Psr7\\ServerRequest))
#20 C:\\Users\\julia.DPIMEDIA\\AIdoc\\slimmermetai-site\\src\\Http\\Middleware\\MiddlewareDispatcher.php(36): App\\Http\\Middleware\\ErrorHandlingMiddleware->process(Object(GuzzleHttp\\Psr7\\ServerRequest), Object(App\\Http\\Middleware\\MiddlewareDispatcher))
#21 C:\\Users\\julia.DPIMEDIA\\AIdoc\\slimmermetai-site\\public_html\\index.php(243): App\\Http\\Middleware\\MiddlewareDispatcher->handle(Object(GuzzleHttp\\Psr7\\ServerRequest))
#22 C:\\Users\\julia.DPIMEDIA\\AIdoc\\slimmermetai-site\\router.php(18): require('C:\\\\Users\\\\julia....')
#23 {main}"} 
[2025-06-04T15:26:50.289415+02:00] app.ERROR: Stripe sessie creatie mislukt {"ip":"127.0.0.1","url":"/api/stripe/checkout","request_id":"bf80358511c52f98","error":"Invalid API Key provided: sk_test_***********************************************************************************************sFgP"} 
[2025-06-04T15:26:50.290264+02:00] app.ERROR: Invalid API Key provided: sk_test_***********************************************************************************************sFgP {"ip":"127.0.0.1","url":"/api/stripe/checkout","request_id":"bf80358511c52f98","error":"Error sending request to Stripe: (Status 401) Invalid API Key provided: sk_test_***********************************************************************************************sFgP
Stripe\\Exception\\AuthenticationException: Invalid API Key provided: sk_test_***********************************************************************************************sFgP in C:\\Users\\julia.DPIMEDIA\\AIdoc\\slimmermetai-site\\vendor\\stripe\\stripe-php\\lib\\Exception\\ApiErrorException.php:38
Stack trace:
#0 C:\\Users\\julia.DPIMEDIA\\AIdoc\\slimmermetai-site\\vendor\\stripe\\stripe-php\\lib\\ApiRequestor.php(235): Stripe\\Exception\\ApiErrorException::factory('Invalid API Key...', 401, '{\\n  \"error\": {\\n...', Array, Object(Stripe\\Util\\CaseInsensitiveArray), NULL)
#1 C:\\Users\\julia.DPIMEDIA\\AIdoc\\slimmermetai-site\\vendor\\stripe\\stripe-php\\lib\\ApiRequestor.php(193): Stripe\\ApiRequestor::_specificV1APIError('{\\n  \"error\": {\\n...', 401, Object(Stripe\\Util\\CaseInsensitiveArray), Array, Array)
#2 C:\\Users\\julia.DPIMEDIA\\AIdoc\\slimmermetai-site\\vendor\\stripe\\stripe-php\\lib\\ApiRequestor.php(650): Stripe\\ApiRequestor->handleErrorResponse('{\\n  \"error\": {\\n...', 401, Object(Stripe\\Util\\CaseInsensitiveArray), Array, 'v1')
#3 C:\\Users\\julia.DPIMEDIA\\AIdoc\\slimmermetai-site\\vendor\\stripe\\stripe-php\\lib\\ApiRequestor.php(137): Stripe\\ApiRequestor->_interpretResponse('{\\n  \"error\": {\\n...', 401, Object(Stripe\\Util\\CaseInsensitiveArray), 'v1')
#4 C:\\Users\\julia.DPIMEDIA\\AIdoc\\slimmermetai-site\\vendor\\stripe\\stripe-php\\lib\\ApiOperations\\Request.php(111): Stripe\\ApiRequestor->request('post', '/v1/checkout/se...', Array, Array, 'v1', Array)
#5 C:\\Users\\julia.DPIMEDIA\\AIdoc\\slimmermetai-site\\vendor\\stripe\\stripe-php\\lib\\Checkout\\Session.php(141): Stripe\\ApiResource::_staticRequest('post', '/v1/checkout/se...', Array, NULL)
#6 C:\\Users\\julia.DPIMEDIA\\AIdoc\\slimmermetai-site\\src\\Application\\Service\\StripeService.php(77): Stripe\\Checkout\\Session::create(Array)
#7 C:\\Users\\julia.DPIMEDIA\\AIdoc\\slimmermetai-site\\src\\Http\\Controller\\StripeController.php(22): App\\Application\\Service\\StripeService->createCheckoutSession(Array, 'http://localhos...', 'http://localhos...', Array)
#8 C:\\Users\\julia.DPIMEDIA\\AIdoc\\slimmermetai-site\\src\\Http\\Routing\\FastRouteRequestHandler.php(91): App\\Http\\Controller\\StripeController->createSession()
#9 C:\\Users\\julia.DPIMEDIA\\AIdoc\\slimmermetai-site\\src\\Http\\Routing\\FastRouteRequestHandler.php(40): App\\Http\\Routing\\FastRouteRequestHandler->invokeHandler(Array, Object(GuzzleHttp\\Psr7\\ServerRequest), Array)
#10 C:\\Users\\julia.DPIMEDIA\\AIdoc\\slimmermetai-site\\src\\Http\\Middleware\\MiddlewareDispatcher.php(38): App\\Http\\Routing\\FastRouteRequestHandler->handle(Object(GuzzleHttp\\Psr7\\ServerRequest))
#11 C:\\Users\\julia.DPIMEDIA\\AIdoc\\slimmermetai-site\\src\\Http\\Middleware\\AuthenticationMiddleware.php(40): App\\Http\\Middleware\\MiddlewareDispatcher->handle(Object(GuzzleHttp\\Psr7\\ServerRequest))
#12 C:\\Users\\julia.DPIMEDIA\\AIdoc\\slimmermetai-site\\src\\Http\\Middleware\\MiddlewareDispatcher.php(36): App\\Http\\Middleware\\AuthenticationMiddleware->process(Object(GuzzleHttp\\Psr7\\ServerRequest), Object(App\\Http\\Middleware\\MiddlewareDispatcher))
#13 C:\\Users\\julia.DPIMEDIA\\AIdoc\\slimmermetai-site\\src\\Http\\Middleware\\CsrfMiddleware.php(33): App\\Http\\Middleware\\MiddlewareDispatcher->handle(Object(GuzzleHttp\\Psr7\\ServerRequest))
#14 C:\\Users\\julia.DPIMEDIA\\AIdoc\\slimmermetai-site\\src\\Http\\Middleware\\MiddlewareDispatcher.php(36): App\\Http\\Middleware\\CsrfMiddleware->process(Object(GuzzleHttp\\Psr7\\ServerRequest), Object(App\\Http\\Middleware\\MiddlewareDispatcher))
#15 C:\\Users\\julia.DPIMEDIA\\AIdoc\\slimmermetai-site\\src\\Http\\Middleware\\BodyParsingMiddleware.php(42): App\\Http\\Middleware\\MiddlewareDispatcher->handle(Object(GuzzleHttp\\Psr7\\ServerRequest))
#16 C:\\Users\\julia.DPIMEDIA\\AIdoc\\slimmermetai-site\\src\\Http\\Middleware\\MiddlewareDispatcher.php(36): App\\Http\\Middleware\\BodyParsingMiddleware->process(Object(GuzzleHttp\\Psr7\\ServerRequest), Object(App\\Http\\Middleware\\MiddlewareDispatcher))
#17 C:\\Users\\julia.DPIMEDIA\\AIdoc\\slimmermetai-site\\src\\Http\\Middleware\\CorsMiddleware.php(40): App\\Http\\Middleware\\MiddlewareDispatcher->handle(Object(GuzzleHttp\\Psr7\\ServerRequest))
#18 C:\\Users\\julia.DPIMEDIA\\AIdoc\\slimmermetai-site\\src\\Http\\Middleware\\MiddlewareDispatcher.php(36): App\\Http\\Middleware\\CorsMiddleware->process(Object(GuzzleHttp\\Psr7\\ServerRequest), Object(App\\Http\\Middleware\\MiddlewareDispatcher))
#19 C:\\Users\\julia.DPIMEDIA\\AIdoc\\slimmermetai-site\\src\\Http\\Middleware\\ErrorHandlingMiddleware.php(38): App\\Http\\Middleware\\MiddlewareDispatcher->handle(Object(GuzzleHttp\\Psr7\\ServerRequest))
#20 C:\\Users\\julia.DPIMEDIA\\AIdoc\\slimmermetai-site\\src\\Http\\Middleware\\MiddlewareDispatcher.php(36): App\\Http\\Middleware\\ErrorHandlingMiddleware->process(Object(GuzzleHttp\\Psr7\\ServerRequest), Object(App\\Http\\Middleware\\MiddlewareDispatcher))
#21 C:\\Users\\julia.DPIMEDIA\\AIdoc\\slimmermetai-site\\public_html\\index.php(243): App\\Http\\Middleware\\MiddlewareDispatcher->handle(Object(GuzzleHttp\\Psr7\\ServerRequest))
#22 C:\\Users\\julia.DPIMEDIA\\AIdoc\\slimmermetai-site\\router.php(18): require('C:\\\\Users\\\\julia....')
#23 {main}"} 
[2025-06-04T15:26:50.957657+02:00] app.ERROR: Stripe sessie creatie mislukt {"ip":"127.0.0.1","url":"/api/stripe/checkout","request_id":"1c157cef52fa3f9d","error":"Invalid API Key provided: sk_test_***********************************************************************************************sFgP"} 
[2025-06-04T15:26:50.958402+02:00] app.ERROR: Invalid API Key provided: sk_test_***********************************************************************************************sFgP {"ip":"127.0.0.1","url":"/api/stripe/checkout","request_id":"1c157cef52fa3f9d","error":"Error sending request to Stripe: (Status 401) Invalid API Key provided: sk_test_***********************************************************************************************sFgP
Stripe\\Exception\\AuthenticationException: Invalid API Key provided: sk_test_***********************************************************************************************sFgP in C:\\Users\\julia.DPIMEDIA\\AIdoc\\slimmermetai-site\\vendor\\stripe\\stripe-php\\lib\\Exception\\ApiErrorException.php:38
Stack trace:
#0 C:\\Users\\julia.DPIMEDIA\\AIdoc\\slimmermetai-site\\vendor\\stripe\\stripe-php\\lib\\ApiRequestor.php(235): Stripe\\Exception\\ApiErrorException::factory('Invalid API Key...', 401, '{\\n  \"error\": {\\n...', Array, Object(Stripe\\Util\\CaseInsensitiveArray), NULL)
#1 C:\\Users\\julia.DPIMEDIA\\AIdoc\\slimmermetai-site\\vendor\\stripe\\stripe-php\\lib\\ApiRequestor.php(193): Stripe\\ApiRequestor::_specificV1APIError('{\\n  \"error\": {\\n...', 401, Object(Stripe\\Util\\CaseInsensitiveArray), Array, Array)
#2 C:\\Users\\julia.DPIMEDIA\\AIdoc\\slimmermetai-site\\vendor\\stripe\\stripe-php\\lib\\ApiRequestor.php(650): Stripe\\ApiRequestor->handleErrorResponse('{\\n  \"error\": {\\n...', 401, Object(Stripe\\Util\\CaseInsensitiveArray), Array, 'v1')
#3 C:\\Users\\julia.DPIMEDIA\\AIdoc\\slimmermetai-site\\vendor\\stripe\\stripe-php\\lib\\ApiRequestor.php(137): Stripe\\ApiRequestor->_interpretResponse('{\\n  \"error\": {\\n...', 401, Object(Stripe\\Util\\CaseInsensitiveArray), 'v1')
#4 C:\\Users\\julia.DPIMEDIA\\AIdoc\\slimmermetai-site\\vendor\\stripe\\stripe-php\\lib\\ApiOperations\\Request.php(111): Stripe\\ApiRequestor->request('post', '/v1/checkout/se...', Array, Array, 'v1', Array)
#5 C:\\Users\\julia.DPIMEDIA\\AIdoc\\slimmermetai-site\\vendor\\stripe\\stripe-php\\lib\\Checkout\\Session.php(141): Stripe\\ApiResource::_staticRequest('post', '/v1/checkout/se...', Array, NULL)
#6 C:\\Users\\julia.DPIMEDIA\\AIdoc\\slimmermetai-site\\src\\Application\\Service\\StripeService.php(77): Stripe\\Checkout\\Session::create(Array)
#7 C:\\Users\\julia.DPIMEDIA\\AIdoc\\slimmermetai-site\\src\\Http\\Controller\\StripeController.php(22): App\\Application\\Service\\StripeService->createCheckoutSession(Array, 'http://localhos...', 'http://localhos...', Array)
#8 C:\\Users\\julia.DPIMEDIA\\AIdoc\\slimmermetai-site\\src\\Http\\Routing\\FastRouteRequestHandler.php(91): App\\Http\\Controller\\StripeController->createSession()
#9 C:\\Users\\julia.DPIMEDIA\\AIdoc\\slimmermetai-site\\src\\Http\\Routing\\FastRouteRequestHandler.php(40): App\\Http\\Routing\\FastRouteRequestHandler->invokeHandler(Array, Object(GuzzleHttp\\Psr7\\ServerRequest), Array)
#10 C:\\Users\\julia.DPIMEDIA\\AIdoc\\slimmermetai-site\\src\\Http\\Middleware\\MiddlewareDispatcher.php(38): App\\Http\\Routing\\FastRouteRequestHandler->handle(Object(GuzzleHttp\\Psr7\\ServerRequest))
#11 C:\\Users\\julia.DPIMEDIA\\AIdoc\\slimmermetai-site\\src\\Http\\Middleware\\AuthenticationMiddleware.php(40): App\\Http\\Middleware\\MiddlewareDispatcher->handle(Object(GuzzleHttp\\Psr7\\ServerRequest))
#12 C:\\Users\\julia.DPIMEDIA\\AIdoc\\slimmermetai-site\\src\\Http\\Middleware\\MiddlewareDispatcher.php(36): App\\Http\\Middleware\\AuthenticationMiddleware->process(Object(GuzzleHttp\\Psr7\\ServerRequest), Object(App\\Http\\Middleware\\MiddlewareDispatcher))
#13 C:\\Users\\julia.DPIMEDIA\\AIdoc\\slimmermetai-site\\src\\Http\\Middleware\\CsrfMiddleware.php(33): App\\Http\\Middleware\\MiddlewareDispatcher->handle(Object(GuzzleHttp\\Psr7\\ServerRequest))
#14 C:\\Users\\julia.DPIMEDIA\\AIdoc\\slimmermetai-site\\src\\Http\\Middleware\\MiddlewareDispatcher.php(36): App\\Http\\Middleware\\CsrfMiddleware->process(Object(GuzzleHttp\\Psr7\\ServerRequest), Object(App\\Http\\Middleware\\MiddlewareDispatcher))
#15 C:\\Users\\julia.DPIMEDIA\\AIdoc\\slimmermetai-site\\src\\Http\\Middleware\\BodyParsingMiddleware.php(42): App\\Http\\Middleware\\MiddlewareDispatcher->handle(Object(GuzzleHttp\\Psr7\\ServerRequest))
#16 C:\\Users\\julia.DPIMEDIA\\AIdoc\\slimmermetai-site\\src\\Http\\Middleware\\MiddlewareDispatcher.php(36): App\\Http\\Middleware\\BodyParsingMiddleware->process(Object(GuzzleHttp\\Psr7\\ServerRequest), Object(App\\Http\\Middleware\\MiddlewareDispatcher))
#17 C:\\Users\\julia.DPIMEDIA\\AIdoc\\slimmermetai-site\\src\\Http\\Middleware\\CorsMiddleware.php(40): App\\Http\\Middleware\\MiddlewareDispatcher->handle(Object(GuzzleHttp\\Psr7\\ServerRequest))
#18 C:\\Users\\julia.DPIMEDIA\\AIdoc\\slimmermetai-site\\src\\Http\\Middleware\\MiddlewareDispatcher.php(36): App\\Http\\Middleware\\CorsMiddleware->process(Object(GuzzleHttp\\Psr7\\ServerRequest), Object(App\\Http\\Middleware\\MiddlewareDispatcher))
#19 C:\\Users\\julia.DPIMEDIA\\AIdoc\\slimmermetai-site\\src\\Http\\Middleware\\ErrorHandlingMiddleware.php(38): App\\Http\\Middleware\\MiddlewareDispatcher->handle(Object(GuzzleHttp\\Psr7\\ServerRequest))
#20 C:\\Users\\julia.DPIMEDIA\\AIdoc\\slimmermetai-site\\src\\Http\\Middleware\\MiddlewareDispatcher.php(36): App\\Http\\Middleware\\ErrorHandlingMiddleware->process(Object(GuzzleHttp\\Psr7\\ServerRequest), Object(App\\Http\\Middleware\\MiddlewareDispatcher))
#21 C:\\Users\\julia.DPIMEDIA\\AIdoc\\slimmermetai-site\\public_html\\index.php(243): App\\Http\\Middleware\\MiddlewareDispatcher->handle(Object(GuzzleHttp\\Psr7\\ServerRequest))
#22 C:\\Users\\julia.DPIMEDIA\\AIdoc\\slimmermetai-site\\router.php(18): require('C:\\\\Users\\\\julia....')
#23 {main}"} 
[2025-06-04T15:30:29.151904+02:00] app.ERROR: Stripe sessie creatie mislukt {"ip":"127.0.0.1","url":"/api/stripe/checkout","request_id":"b55bee53984d3692","error":"Invalid API Key provided: sk_test_***********************************************************************************************sFgP"} 
[2025-06-04T15:30:29.153173+02:00] app.ERROR: Invalid API Key provided: sk_test_***********************************************************************************************sFgP {"ip":"127.0.0.1","url":"/api/stripe/checkout","request_id":"b55bee53984d3692","error":"Error sending request to Stripe: (Status 401) Invalid API Key provided: sk_test_***********************************************************************************************sFgP
Stripe\\Exception\\AuthenticationException: Invalid API Key provided: sk_test_***********************************************************************************************sFgP in C:\\Users\\julia.DPIMEDIA\\AIdoc\\slimmermetai-site\\vendor\\stripe\\stripe-php\\lib\\Exception\\ApiErrorException.php:38
Stack trace:
#0 C:\\Users\\julia.DPIMEDIA\\AIdoc\\slimmermetai-site\\vendor\\stripe\\stripe-php\\lib\\ApiRequestor.php(235): Stripe\\Exception\\ApiErrorException::factory('Invalid API Key...', 401, '{\\n  \"error\": {\\n...', Array, Object(Stripe\\Util\\CaseInsensitiveArray), NULL)
#1 C:\\Users\\julia.DPIMEDIA\\AIdoc\\slimmermetai-site\\vendor\\stripe\\stripe-php\\lib\\ApiRequestor.php(193): Stripe\\ApiRequestor::_specificV1APIError('{\\n  \"error\": {\\n...', 401, Object(Stripe\\Util\\CaseInsensitiveArray), Array, Array)
#2 C:\\Users\\julia.DPIMEDIA\\AIdoc\\slimmermetai-site\\vendor\\stripe\\stripe-php\\lib\\ApiRequestor.php(650): Stripe\\ApiRequestor->handleErrorResponse('{\\n  \"error\": {\\n...', 401, Object(Stripe\\Util\\CaseInsensitiveArray), Array, 'v1')
#3 C:\\Users\\julia.DPIMEDIA\\AIdoc\\slimmermetai-site\\vendor\\stripe\\stripe-php\\lib\\ApiRequestor.php(137): Stripe\\ApiRequestor->_interpretResponse('{\\n  \"error\": {\\n...', 401, Object(Stripe\\Util\\CaseInsensitiveArray), 'v1')
#4 C:\\Users\\julia.DPIMEDIA\\AIdoc\\slimmermetai-site\\vendor\\stripe\\stripe-php\\lib\\ApiOperations\\Request.php(111): Stripe\\ApiRequestor->request('post', '/v1/checkout/se...', Array, Array, 'v1', Array)
#5 C:\\Users\\julia.DPIMEDIA\\AIdoc\\slimmermetai-site\\vendor\\stripe\\stripe-php\\lib\\Checkout\\Session.php(141): Stripe\\ApiResource::_staticRequest('post', '/v1/checkout/se...', Array, NULL)
#6 C:\\Users\\julia.DPIMEDIA\\AIdoc\\slimmermetai-site\\src\\Application\\Service\\StripeService.php(77): Stripe\\Checkout\\Session::create(Array)
#7 C:\\Users\\julia.DPIMEDIA\\AIdoc\\slimmermetai-site\\src\\Http\\Controller\\StripeController.php(22): App\\Application\\Service\\StripeService->createCheckoutSession(Array, 'http://localhos...', 'http://localhos...', Array)
#8 C:\\Users\\julia.DPIMEDIA\\AIdoc\\slimmermetai-site\\src\\Http\\Routing\\FastRouteRequestHandler.php(91): App\\Http\\Controller\\StripeController->createSession()
#9 C:\\Users\\julia.DPIMEDIA\\AIdoc\\slimmermetai-site\\src\\Http\\Routing\\FastRouteRequestHandler.php(40): App\\Http\\Routing\\FastRouteRequestHandler->invokeHandler(Array, Object(GuzzleHttp\\Psr7\\ServerRequest), Array)
#10 C:\\Users\\julia.DPIMEDIA\\AIdoc\\slimmermetai-site\\src\\Http\\Middleware\\MiddlewareDispatcher.php(38): App\\Http\\Routing\\FastRouteRequestHandler->handle(Object(GuzzleHttp\\Psr7\\ServerRequest))
#11 C:\\Users\\julia.DPIMEDIA\\AIdoc\\slimmermetai-site\\src\\Http\\Middleware\\AuthenticationMiddleware.php(40): App\\Http\\Middleware\\MiddlewareDispatcher->handle(Object(GuzzleHttp\\Psr7\\ServerRequest))
#12 C:\\Users\\julia.DPIMEDIA\\AIdoc\\slimmermetai-site\\src\\Http\\Middleware\\MiddlewareDispatcher.php(36): App\\Http\\Middleware\\AuthenticationMiddleware->process(Object(GuzzleHttp\\Psr7\\ServerRequest), Object(App\\Http\\Middleware\\MiddlewareDispatcher))
#13 C:\\Users\\julia.DPIMEDIA\\AIdoc\\slimmermetai-site\\src\\Http\\Middleware\\CsrfMiddleware.php(33): App\\Http\\Middleware\\MiddlewareDispatcher->handle(Object(GuzzleHttp\\Psr7\\ServerRequest))
#14 C:\\Users\\julia.DPIMEDIA\\AIdoc\\slimmermetai-site\\src\\Http\\Middleware\\MiddlewareDispatcher.php(36): App\\Http\\Middleware\\CsrfMiddleware->process(Object(GuzzleHttp\\Psr7\\ServerRequest), Object(App\\Http\\Middleware\\MiddlewareDispatcher))
#15 C:\\Users\\julia.DPIMEDIA\\AIdoc\\slimmermetai-site\\src\\Http\\Middleware\\BodyParsingMiddleware.php(42): App\\Http\\Middleware\\MiddlewareDispatcher->handle(Object(GuzzleHttp\\Psr7\\ServerRequest))
#16 C:\\Users\\julia.DPIMEDIA\\AIdoc\\slimmermetai-site\\src\\Http\\Middleware\\MiddlewareDispatcher.php(36): App\\Http\\Middleware\\BodyParsingMiddleware->process(Object(GuzzleHttp\\Psr7\\ServerRequest), Object(App\\Http\\Middleware\\MiddlewareDispatcher))
#17 C:\\Users\\julia.DPIMEDIA\\AIdoc\\slimmermetai-site\\src\\Http\\Middleware\\CorsMiddleware.php(40): App\\Http\\Middleware\\MiddlewareDispatcher->handle(Object(GuzzleHttp\\Psr7\\ServerRequest))
#18 C:\\Users\\julia.DPIMEDIA\\AIdoc\\slimmermetai-site\\src\\Http\\Middleware\\MiddlewareDispatcher.php(36): App\\Http\\Middleware\\CorsMiddleware->process(Object(GuzzleHttp\\Psr7\\ServerRequest), Object(App\\Http\\Middleware\\MiddlewareDispatcher))
#19 C:\\Users\\julia.DPIMEDIA\\AIdoc\\slimmermetai-site\\src\\Http\\Middleware\\ErrorHandlingMiddleware.php(38): App\\Http\\Middleware\\MiddlewareDispatcher->handle(Object(GuzzleHttp\\Psr7\\ServerRequest))
#20 C:\\Users\\julia.DPIMEDIA\\AIdoc\\slimmermetai-site\\src\\Http\\Middleware\\MiddlewareDispatcher.php(36): App\\Http\\Middleware\\ErrorHandlingMiddleware->process(Object(GuzzleHttp\\Psr7\\ServerRequest), Object(App\\Http\\Middleware\\MiddlewareDispatcher))
#21 C:\\Users\\julia.DPIMEDIA\\AIdoc\\slimmermetai-site\\public_html\\index.php(243): App\\Http\\Middleware\\MiddlewareDispatcher->handle(Object(GuzzleHttp\\Psr7\\ServerRequest))
#22 C:\\Users\\julia.DPIMEDIA\\AIdoc\\slimmermetai-site\\router.php(18): require('C:\\\\Users\\\\julia....')
#23 {main}"} 
[2025-06-04T15:30:29.462635+02:00] app.ERROR: Stripe sessie creatie mislukt {"ip":"127.0.0.1","url":"/api/stripe/checkout","request_id":"ca532552f5a71049","error":"Invalid API Key provided: sk_test_***********************************************************************************************sFgP"} 
[2025-06-04T15:30:29.463949+02:00] app.ERROR: Invalid API Key provided: sk_test_***********************************************************************************************sFgP {"ip":"127.0.0.1","url":"/api/stripe/checkout","request_id":"ca532552f5a71049","error":"Error sending request to Stripe: (Status 401) Invalid API Key provided: sk_test_***********************************************************************************************sFgP
Stripe\\Exception\\AuthenticationException: Invalid API Key provided: sk_test_***********************************************************************************************sFgP in C:\\Users\\julia.DPIMEDIA\\AIdoc\\slimmermetai-site\\vendor\\stripe\\stripe-php\\lib\\Exception\\ApiErrorException.php:38
Stack trace:
#0 C:\\Users\\julia.DPIMEDIA\\AIdoc\\slimmermetai-site\\vendor\\stripe\\stripe-php\\lib\\ApiRequestor.php(235): Stripe\\Exception\\ApiErrorException::factory('Invalid API Key...', 401, '{\\n  \"error\": {\\n...', Array, Object(Stripe\\Util\\CaseInsensitiveArray), NULL)
#1 C:\\Users\\julia.DPIMEDIA\\AIdoc\\slimmermetai-site\\vendor\\stripe\\stripe-php\\lib\\ApiRequestor.php(193): Stripe\\ApiRequestor::_specificV1APIError('{\\n  \"error\": {\\n...', 401, Object(Stripe\\Util\\CaseInsensitiveArray), Array, Array)
#2 C:\\Users\\julia.DPIMEDIA\\AIdoc\\slimmermetai-site\\vendor\\stripe\\stripe-php\\lib\\ApiRequestor.php(650): Stripe\\ApiRequestor->handleErrorResponse('{\\n  \"error\": {\\n...', 401, Object(Stripe\\Util\\CaseInsensitiveArray), Array, 'v1')
#3 C:\\Users\\julia.DPIMEDIA\\AIdoc\\slimmermetai-site\\vendor\\stripe\\stripe-php\\lib\\ApiRequestor.php(137): Stripe\\ApiRequestor->_interpretResponse('{\\n  \"error\": {\\n...', 401, Object(Stripe\\Util\\CaseInsensitiveArray), 'v1')
#4 C:\\Users\\julia.DPIMEDIA\\AIdoc\\slimmermetai-site\\vendor\\stripe\\stripe-php\\lib\\ApiOperations\\Request.php(111): Stripe\\ApiRequestor->request('post', '/v1/checkout/se...', Array, Array, 'v1', Array)
#5 C:\\Users\\julia.DPIMEDIA\\AIdoc\\slimmermetai-site\\vendor\\stripe\\stripe-php\\lib\\Checkout\\Session.php(141): Stripe\\ApiResource::_staticRequest('post', '/v1/checkout/se...', Array, NULL)
#6 C:\\Users\\julia.DPIMEDIA\\AIdoc\\slimmermetai-site\\src\\Application\\Service\\StripeService.php(77): Stripe\\Checkout\\Session::create(Array)
#7 C:\\Users\\julia.DPIMEDIA\\AIdoc\\slimmermetai-site\\src\\Http\\Controller\\StripeController.php(22): App\\Application\\Service\\StripeService->createCheckoutSession(Array, 'http://localhos...', 'http://localhos...', Array)
#8 C:\\Users\\julia.DPIMEDIA\\AIdoc\\slimmermetai-site\\src\\Http\\Routing\\FastRouteRequestHandler.php(91): App\\Http\\Controller\\StripeController->createSession()
#9 C:\\Users\\julia.DPIMEDIA\\AIdoc\\slimmermetai-site\\src\\Http\\Routing\\FastRouteRequestHandler.php(40): App\\Http\\Routing\\FastRouteRequestHandler->invokeHandler(Array, Object(GuzzleHttp\\Psr7\\ServerRequest), Array)
#10 C:\\Users\\julia.DPIMEDIA\\AIdoc\\slimmermetai-site\\src\\Http\\Middleware\\MiddlewareDispatcher.php(38): App\\Http\\Routing\\FastRouteRequestHandler->handle(Object(GuzzleHttp\\Psr7\\ServerRequest))
#11 C:\\Users\\julia.DPIMEDIA\\AIdoc\\slimmermetai-site\\src\\Http\\Middleware\\AuthenticationMiddleware.php(40): App\\Http\\Middleware\\MiddlewareDispatcher->handle(Object(GuzzleHttp\\Psr7\\ServerRequest))
#12 C:\\Users\\julia.DPIMEDIA\\AIdoc\\slimmermetai-site\\src\\Http\\Middleware\\MiddlewareDispatcher.php(36): App\\Http\\Middleware\\AuthenticationMiddleware->process(Object(GuzzleHttp\\Psr7\\ServerRequest), Object(App\\Http\\Middleware\\MiddlewareDispatcher))
#13 C:\\Users\\julia.DPIMEDIA\\AIdoc\\slimmermetai-site\\src\\Http\\Middleware\\CsrfMiddleware.php(33): App\\Http\\Middleware\\MiddlewareDispatcher->handle(Object(GuzzleHttp\\Psr7\\ServerRequest))
#14 C:\\Users\\julia.DPIMEDIA\\AIdoc\\slimmermetai-site\\src\\Http\\Middleware\\MiddlewareDispatcher.php(36): App\\Http\\Middleware\\CsrfMiddleware->process(Object(GuzzleHttp\\Psr7\\ServerRequest), Object(App\\Http\\Middleware\\MiddlewareDispatcher))
#15 C:\\Users\\julia.DPIMEDIA\\AIdoc\\slimmermetai-site\\src\\Http\\Middleware\\BodyParsingMiddleware.php(42): App\\Http\\Middleware\\MiddlewareDispatcher->handle(Object(GuzzleHttp\\Psr7\\ServerRequest))
#16 C:\\Users\\julia.DPIMEDIA\\AIdoc\\slimmermetai-site\\src\\Http\\Middleware\\MiddlewareDispatcher.php(36): App\\Http\\Middleware\\BodyParsingMiddleware->process(Object(GuzzleHttp\\Psr7\\ServerRequest), Object(App\\Http\\Middleware\\MiddlewareDispatcher))
#17 C:\\Users\\julia.DPIMEDIA\\AIdoc\\slimmermetai-site\\src\\Http\\Middleware\\CorsMiddleware.php(40): App\\Http\\Middleware\\MiddlewareDispatcher->handle(Object(GuzzleHttp\\Psr7\\ServerRequest))
#18 C:\\Users\\julia.DPIMEDIA\\AIdoc\\slimmermetai-site\\src\\Http\\Middleware\\MiddlewareDispatcher.php(36): App\\Http\\Middleware\\CorsMiddleware->process(Object(GuzzleHttp\\Psr7\\ServerRequest), Object(App\\Http\\Middleware\\MiddlewareDispatcher))
#19 C:\\Users\\julia.DPIMEDIA\\AIdoc\\slimmermetai-site\\src\\Http\\Middleware\\ErrorHandlingMiddleware.php(38): App\\Http\\Middleware\\MiddlewareDispatcher->handle(Object(GuzzleHttp\\Psr7\\ServerRequest))
#20 C:\\Users\\julia.DPIMEDIA\\AIdoc\\slimmermetai-site\\src\\Http\\Middleware\\MiddlewareDispatcher.php(36): App\\Http\\Middleware\\ErrorHandlingMiddleware->process(Object(GuzzleHttp\\Psr7\\ServerRequest), Object(App\\Http\\Middleware\\MiddlewareDispatcher))
#21 C:\\Users\\julia.DPIMEDIA\\AIdoc\\slimmermetai-site\\public_html\\index.php(243): App\\Http\\Middleware\\MiddlewareDispatcher->handle(Object(GuzzleHttp\\Psr7\\ServerRequest))
#22 C:\\Users\\julia.DPIMEDIA\\AIdoc\\slimmermetai-site\\router.php(18): require('C:\\\\Users\\\\julia....')
#23 {main}"} 
[2025-06-04T15:30:30.032563+02:00] app.ERROR: Stripe sessie creatie mislukt {"ip":"127.0.0.1","url":"/api/stripe/checkout","request_id":"8b6d7e688fbe0925","error":"Invalid API Key provided: sk_test_***********************************************************************************************sFgP"} 
[2025-06-04T15:30:30.033717+02:00] app.ERROR: Invalid API Key provided: sk_test_***********************************************************************************************sFgP {"ip":"127.0.0.1","url":"/api/stripe/checkout","request_id":"8b6d7e688fbe0925","error":"Error sending request to Stripe: (Status 401) Invalid API Key provided: sk_test_***********************************************************************************************sFgP
Stripe\\Exception\\AuthenticationException: Invalid API Key provided: sk_test_***********************************************************************************************sFgP in C:\\Users\\julia.DPIMEDIA\\AIdoc\\slimmermetai-site\\vendor\\stripe\\stripe-php\\lib\\Exception\\ApiErrorException.php:38
Stack trace:
#0 C:\\Users\\julia.DPIMEDIA\\AIdoc\\slimmermetai-site\\vendor\\stripe\\stripe-php\\lib\\ApiRequestor.php(235): Stripe\\Exception\\ApiErrorException::factory('Invalid API Key...', 401, '{\\n  \"error\": {\\n...', Array, Object(Stripe\\Util\\CaseInsensitiveArray), NULL)
#1 C:\\Users\\julia.DPIMEDIA\\AIdoc\\slimmermetai-site\\vendor\\stripe\\stripe-php\\lib\\ApiRequestor.php(193): Stripe\\ApiRequestor::_specificV1APIError('{\\n  \"error\": {\\n...', 401, Object(Stripe\\Util\\CaseInsensitiveArray), Array, Array)
#2 C:\\Users\\julia.DPIMEDIA\\AIdoc\\slimmermetai-site\\vendor\\stripe\\stripe-php\\lib\\ApiRequestor.php(650): Stripe\\ApiRequestor->handleErrorResponse('{\\n  \"error\": {\\n...', 401, Object(Stripe\\Util\\CaseInsensitiveArray), Array, 'v1')
#3 C:\\Users\\julia.DPIMEDIA\\AIdoc\\slimmermetai-site\\vendor\\stripe\\stripe-php\\lib\\ApiRequestor.php(137): Stripe\\ApiRequestor->_interpretResponse('{\\n  \"error\": {\\n...', 401, Object(Stripe\\Util\\CaseInsensitiveArray), 'v1')
#4 C:\\Users\\julia.DPIMEDIA\\AIdoc\\slimmermetai-site\\vendor\\stripe\\stripe-php\\lib\\ApiOperations\\Request.php(111): Stripe\\ApiRequestor->request('post', '/v1/checkout/se...', Array, Array, 'v1', Array)
#5 C:\\Users\\julia.DPIMEDIA\\AIdoc\\slimmermetai-site\\vendor\\stripe\\stripe-php\\lib\\Checkout\\Session.php(141): Stripe\\ApiResource::_staticRequest('post', '/v1/checkout/se...', Array, NULL)
#6 C:\\Users\\julia.DPIMEDIA\\AIdoc\\slimmermetai-site\\src\\Application\\Service\\StripeService.php(77): Stripe\\Checkout\\Session::create(Array)
#7 C:\\Users\\julia.DPIMEDIA\\AIdoc\\slimmermetai-site\\src\\Http\\Controller\\StripeController.php(22): App\\Application\\Service\\StripeService->createCheckoutSession(Array, 'http://localhos...', 'http://localhos...', Array)
#8 C:\\Users\\julia.DPIMEDIA\\AIdoc\\slimmermetai-site\\src\\Http\\Routing\\FastRouteRequestHandler.php(91): App\\Http\\Controller\\StripeController->createSession()
#9 C:\\Users\\julia.DPIMEDIA\\AIdoc\\slimmermetai-site\\src\\Http\\Routing\\FastRouteRequestHandler.php(40): App\\Http\\Routing\\FastRouteRequestHandler->invokeHandler(Array, Object(GuzzleHttp\\Psr7\\ServerRequest), Array)
#10 C:\\Users\\julia.DPIMEDIA\\AIdoc\\slimmermetai-site\\src\\Http\\Middleware\\MiddlewareDispatcher.php(38): App\\Http\\Routing\\FastRouteRequestHandler->handle(Object(GuzzleHttp\\Psr7\\ServerRequest))
#11 C:\\Users\\julia.DPIMEDIA\\AIdoc\\slimmermetai-site\\src\\Http\\Middleware\\AuthenticationMiddleware.php(40): App\\Http\\Middleware\\MiddlewareDispatcher->handle(Object(GuzzleHttp\\Psr7\\ServerRequest))
#12 C:\\Users\\julia.DPIMEDIA\\AIdoc\\slimmermetai-site\\src\\Http\\Middleware\\MiddlewareDispatcher.php(36): App\\Http\\Middleware\\AuthenticationMiddleware->process(Object(GuzzleHttp\\Psr7\\ServerRequest), Object(App\\Http\\Middleware\\MiddlewareDispatcher))
#13 C:\\Users\\julia.DPIMEDIA\\AIdoc\\slimmermetai-site\\src\\Http\\Middleware\\CsrfMiddleware.php(33): App\\Http\\Middleware\\MiddlewareDispatcher->handle(Object(GuzzleHttp\\Psr7\\ServerRequest))
#14 C:\\Users\\julia.DPIMEDIA\\AIdoc\\slimmermetai-site\\src\\Http\\Middleware\\MiddlewareDispatcher.php(36): App\\Http\\Middleware\\CsrfMiddleware->process(Object(GuzzleHttp\\Psr7\\ServerRequest), Object(App\\Http\\Middleware\\MiddlewareDispatcher))
#15 C:\\Users\\julia.DPIMEDIA\\AIdoc\\slimmermetai-site\\src\\Http\\Middleware\\BodyParsingMiddleware.php(42): App\\Http\\Middleware\\MiddlewareDispatcher->handle(Object(GuzzleHttp\\Psr7\\ServerRequest))
#16 C:\\Users\\julia.DPIMEDIA\\AIdoc\\slimmermetai-site\\src\\Http\\Middleware\\MiddlewareDispatcher.php(36): App\\Http\\Middleware\\BodyParsingMiddleware->process(Object(GuzzleHttp\\Psr7\\ServerRequest), Object(App\\Http\\Middleware\\MiddlewareDispatcher))
#17 C:\\Users\\julia.DPIMEDIA\\AIdoc\\slimmermetai-site\\src\\Http\\Middleware\\CorsMiddleware.php(40): App\\Http\\Middleware\\MiddlewareDispatcher->handle(Object(GuzzleHttp\\Psr7\\ServerRequest))
#18 C:\\Users\\julia.DPIMEDIA\\AIdoc\\slimmermetai-site\\src\\Http\\Middleware\\MiddlewareDispatcher.php(36): App\\Http\\Middleware\\CorsMiddleware->process(Object(GuzzleHttp\\Psr7\\ServerRequest), Object(App\\Http\\Middleware\\MiddlewareDispatcher))
#19 C:\\Users\\julia.DPIMEDIA\\AIdoc\\slimmermetai-site\\src\\Http\\Middleware\\ErrorHandlingMiddleware.php(38): App\\Http\\Middleware\\MiddlewareDispatcher->handle(Object(GuzzleHttp\\Psr7\\ServerRequest))
#20 C:\\Users\\julia.DPIMEDIA\\AIdoc\\slimmermetai-site\\src\\Http\\Middleware\\MiddlewareDispatcher.php(36): App\\Http\\Middleware\\ErrorHandlingMiddleware->process(Object(GuzzleHttp\\Psr7\\ServerRequest), Object(App\\Http\\Middleware\\MiddlewareDispatcher))
#21 C:\\Users\\julia.DPIMEDIA\\AIdoc\\slimmermetai-site\\public_html\\index.php(243): App\\Http\\Middleware\\MiddlewareDispatcher->handle(Object(GuzzleHttp\\Psr7\\ServerRequest))
#22 C:\\Users\\julia.DPIMEDIA\\AIdoc\\slimmermetai-site\\router.php(18): require('C:\\\\Users\\\\julia....')
#23 {main}"} 
[2025-06-04T15:59:56.511220+02:00] app.ERROR: Stripe sessie creatie mislukt {"ip":"127.0.0.1","url":"/api/stripe/checkout","request_id":"bbcef91a63dd4203","error":"Invalid API Key provided: sk_test_***********************************************************************************************sFgP"} 
[2025-06-04T15:59:56.557997+02:00] app.ERROR: Invalid API Key provided: sk_test_***********************************************************************************************sFgP {"ip":"127.0.0.1","url":"/api/stripe/checkout","request_id":"bbcef91a63dd4203","error":"Error sending request to Stripe: (Status 401) Invalid API Key provided: sk_test_***********************************************************************************************sFgP
Stripe\\Exception\\AuthenticationException: Invalid API Key provided: sk_test_***********************************************************************************************sFgP in C:\\Users\\julia.DPIMEDIA\\AIdoc\\slimmermetai-site\\vendor\\stripe\\stripe-php\\lib\\Exception\\ApiErrorException.php:38
Stack trace:
#0 C:\\Users\\julia.DPIMEDIA\\AIdoc\\slimmermetai-site\\vendor\\stripe\\stripe-php\\lib\\ApiRequestor.php(235): Stripe\\Exception\\ApiErrorException::factory('Invalid API Key...', 401, '{\\n  \"error\": {\\n...', Array, Object(Stripe\\Util\\CaseInsensitiveArray), NULL)
#1 C:\\Users\\julia.DPIMEDIA\\AIdoc\\slimmermetai-site\\vendor\\stripe\\stripe-php\\lib\\ApiRequestor.php(193): Stripe\\ApiRequestor::_specificV1APIError('{\\n  \"error\": {\\n...', 401, Object(Stripe\\Util\\CaseInsensitiveArray), Array, Array)
#2 C:\\Users\\julia.DPIMEDIA\\AIdoc\\slimmermetai-site\\vendor\\stripe\\stripe-php\\lib\\ApiRequestor.php(650): Stripe\\ApiRequestor->handleErrorResponse('{\\n  \"error\": {\\n...', 401, Object(Stripe\\Util\\CaseInsensitiveArray), Array, 'v1')
#3 C:\\Users\\julia.DPIMEDIA\\AIdoc\\slimmermetai-site\\vendor\\stripe\\stripe-php\\lib\\ApiRequestor.php(137): Stripe\\ApiRequestor->_interpretResponse('{\\n  \"error\": {\\n...', 401, Object(Stripe\\Util\\CaseInsensitiveArray), 'v1')
#4 C:\\Users\\julia.DPIMEDIA\\AIdoc\\slimmermetai-site\\vendor\\stripe\\stripe-php\\lib\\ApiOperations\\Request.php(111): Stripe\\ApiRequestor->request('post', '/v1/checkout/se...', Array, Array, 'v1', Array)
#5 C:\\Users\\julia.DPIMEDIA\\AIdoc\\slimmermetai-site\\vendor\\stripe\\stripe-php\\lib\\Checkout\\Session.php(141): Stripe\\ApiResource::_staticRequest('post', '/v1/checkout/se...', Array, NULL)
#6 C:\\Users\\julia.DPIMEDIA\\AIdoc\\slimmermetai-site\\src\\Application\\Service\\StripeService.php(77): Stripe\\Checkout\\Session::create(Array)
#7 C:\\Users\\julia.DPIMEDIA\\AIdoc\\slimmermetai-site\\src\\Http\\Controller\\StripeController.php(22): App\\Application\\Service\\StripeService->createCheckoutSession(Array, 'http://localhos...', 'http://localhos...', Array)
#8 C:\\Users\\julia.DPIMEDIA\\AIdoc\\slimmermetai-site\\src\\Http\\Routing\\FastRouteRequestHandler.php(91): App\\Http\\Controller\\StripeController->createSession()
#9 C:\\Users\\julia.DPIMEDIA\\AIdoc\\slimmermetai-site\\src\\Http\\Routing\\FastRouteRequestHandler.php(40): App\\Http\\Routing\\FastRouteRequestHandler->invokeHandler(Array, Object(GuzzleHttp\\Psr7\\ServerRequest), Array)
#10 C:\\Users\\julia.DPIMEDIA\\AIdoc\\slimmermetai-site\\src\\Http\\Middleware\\MiddlewareDispatcher.php(38): App\\Http\\Routing\\FastRouteRequestHandler->handle(Object(GuzzleHttp\\Psr7\\ServerRequest))
#11 C:\\Users\\julia.DPIMEDIA\\AIdoc\\slimmermetai-site\\src\\Http\\Middleware\\AuthenticationMiddleware.php(40): App\\Http\\Middleware\\MiddlewareDispatcher->handle(Object(GuzzleHttp\\Psr7\\ServerRequest))
#12 C:\\Users\\julia.DPIMEDIA\\AIdoc\\slimmermetai-site\\src\\Http\\Middleware\\MiddlewareDispatcher.php(36): App\\Http\\Middleware\\AuthenticationMiddleware->process(Object(GuzzleHttp\\Psr7\\ServerRequest), Object(App\\Http\\Middleware\\MiddlewareDispatcher))
#13 C:\\Users\\julia.DPIMEDIA\\AIdoc\\slimmermetai-site\\src\\Http\\Middleware\\CsrfMiddleware.php(33): App\\Http\\Middleware\\MiddlewareDispatcher->handle(Object(GuzzleHttp\\Psr7\\ServerRequest))
#14 C:\\Users\\julia.DPIMEDIA\\AIdoc\\slimmermetai-site\\src\\Http\\Middleware\\MiddlewareDispatcher.php(36): App\\Http\\Middleware\\CsrfMiddleware->process(Object(GuzzleHttp\\Psr7\\ServerRequest), Object(App\\Http\\Middleware\\MiddlewareDispatcher))
#15 C:\\Users\\julia.DPIMEDIA\\AIdoc\\slimmermetai-site\\src\\Http\\Middleware\\BodyParsingMiddleware.php(42): App\\Http\\Middleware\\MiddlewareDispatcher->handle(Object(GuzzleHttp\\Psr7\\ServerRequest))
#16 C:\\Users\\julia.DPIMEDIA\\AIdoc\\slimmermetai-site\\src\\Http\\Middleware\\MiddlewareDispatcher.php(36): App\\Http\\Middleware\\BodyParsingMiddleware->process(Object(GuzzleHttp\\Psr7\\ServerRequest), Object(App\\Http\\Middleware\\MiddlewareDispatcher))
#17 C:\\Users\\julia.DPIMEDIA\\AIdoc\\slimmermetai-site\\src\\Http\\Middleware\\CorsMiddleware.php(40): App\\Http\\Middleware\\MiddlewareDispatcher->handle(Object(GuzzleHttp\\Psr7\\ServerRequest))
#18 C:\\Users\\julia.DPIMEDIA\\AIdoc\\slimmermetai-site\\src\\Http\\Middleware\\MiddlewareDispatcher.php(36): App\\Http\\Middleware\\CorsMiddleware->process(Object(GuzzleHttp\\Psr7\\ServerRequest), Object(App\\Http\\Middleware\\MiddlewareDispatcher))
#19 C:\\Users\\julia.DPIMEDIA\\AIdoc\\slimmermetai-site\\src\\Http\\Middleware\\ErrorHandlingMiddleware.php(38): App\\Http\\Middleware\\MiddlewareDispatcher->handle(Object(GuzzleHttp\\Psr7\\ServerRequest))
#20 C:\\Users\\julia.DPIMEDIA\\AIdoc\\slimmermetai-site\\src\\Http\\Middleware\\MiddlewareDispatcher.php(36): App\\Http\\Middleware\\ErrorHandlingMiddleware->process(Object(GuzzleHttp\\Psr7\\ServerRequest), Object(App\\Http\\Middleware\\MiddlewareDispatcher))
#21 C:\\Users\\julia.DPIMEDIA\\AIdoc\\slimmermetai-site\\public_html\\index.php(243): App\\Http\\Middleware\\MiddlewareDispatcher->handle(Object(GuzzleHttp\\Psr7\\ServerRequest))
#22 C:\\Users\\julia.DPIMEDIA\\AIdoc\\slimmermetai-site\\router.php(18): require('C:\\\\Users\\\\julia....')
#23 {main}"} 
[2025-06-04T16:15:33.481395+02:00] app.INFO: Using mock Stripe session for development (invalid/missing API key) {"ip":"127.0.0.1","url":"/api/stripe/checkout","request_id":"326c5cb191c1639c"} 
[2025-06-04T16:15:33.483311+02:00] app.INFO: Mock checkout session created {"ip":"127.0.0.1","url":"/api/stripe/checkout","request_id":"326c5cb191c1639c","session_id":"cs_test_mock_6840550575fcc","total_amount":2999,"product":"Email Assistent Plus","line_items_count":1} 
[2025-06-04T16:15:33.605383+02:00] app.INFO: Using mock Stripe session for development (invalid/missing API key) {"ip":"127.0.0.1","url":"/api/stripe/checkout","request_id":"9bdcf93263165f38"} 
[2025-06-04T16:15:33.605821+02:00] app.INFO: Mock checkout session created {"ip":"127.0.0.1","url":"/api/stripe/checkout","request_id":"9bdcf93263165f38","session_id":"cs_test_mock_6840550593e6c","total_amount":2999,"product":"Email Assistent Plus","line_items_count":1} 
[2025-06-04T16:15:34.005415+02:00] app.INFO: Using mock Stripe session for development (invalid/missing API key) {"ip":"127.0.0.1","url":"/api/stripe/checkout","request_id":"49873c9634706088"} 
[2025-06-04T16:15:34.005980+02:00] app.INFO: Mock checkout session created {"ip":"127.0.0.1","url":"/api/stripe/checkout","request_id":"49873c9634706088","session_id":"cs_test_mock_6840550601743","total_amount":2999,"product":"SlimmerMetAI Product","line_items_count":1} 
[2025-06-04T16:32:45.302219+02:00] app.INFO: Using mock Stripe session for development (invalid/missing API key) {"ip":"127.0.0.1","url":"/api/stripe/checkout","request_id":"854c35df042d1433"} 
[2025-06-04T16:32:45.303455+02:00] app.INFO: Mock checkout session created {"ip":"127.0.0.1","url":"/api/stripe/checkout","request_id":"854c35df042d1433","session_id":"cs_test_mock_6840590d4a142","total_amount":2999,"product":"Email Assistent Plus","line_items_count":1} 
[2025-06-04T16:35:00.351379+02:00] app.INFO: Geen geldige Stripe API key - using mock mode for development {"ip":"127.0.0.1","url":"/api/stripe/config","request_id":"92d8626180cee683"} 
[2025-06-04T16:35:08.678765+02:00] app.INFO: Geen geldige Stripe API key - using mock mode for development {"ip":"127.0.0.1","url":"/api/stripe/checkout","request_id":"31a9ee0471efcfce"} 
[2025-06-04T16:35:08.679262+02:00] app.INFO: Using mock Stripe session for development (no valid API key or local env) {"ip":"127.0.0.1","url":"/api/stripe/checkout","request_id":"31a9ee0471efcfce"} 
[2025-06-04T16:35:08.679325+02:00] app.INFO: Mock checkout session created {"ip":"127.0.0.1","url":"/api/stripe/checkout","request_id":"31a9ee0471efcfce","session_id":"cs_test_mock_6840599ca5d91","total_amount":2999,"product":"Email Assistent Plus","line_items_count":1,"mock_mode":true} 
[2025-06-04T16:39:51.052445+02:00] app.INFO: Geen geldige Stripe API key - using mock mode for development {"ip":"127.0.0.1","url":"/api/stripe/config","request_id":"d63c9012fc33503f"} 
[2025-06-04T16:39:53.696321+02:00] app.INFO: Geen geldige Stripe API key - using mock mode for development {"ip":"127.0.0.1","url":"/api/stripe/checkout","request_id":"ca75beded0120a3a"} 
[2025-06-04T16:39:53.696813+02:00] app.INFO: Using mock Stripe session for development (no valid API key or local env) {"ip":"127.0.0.1","url":"/api/stripe/checkout","request_id":"ca75beded0120a3a"} 
[2025-06-04T16:39:53.696884+02:00] app.INFO: Mock checkout session created {"ip":"127.0.0.1","url":"/api/stripe/checkout","request_id":"ca75beded0120a3a","session_id":"cs_test_mock_68405ab9aa228","total_amount":6998,"product":"Email Assistent Plus","line_items_count":2,"mock_mode":true} 
[2025-06-04T16:44:28.508757+02:00] app.ERROR: Unhandled exception {"ip":"127.0.0.1","url":"/api/auth/google.php","request_id":"fdbc1fb9be214f0f","exception":"[object] (Dotenv\\Exception\\InvalidFileException(code: 0): Failed to parse dotenv file. Encountered an invalid name at [S\u0000T\u0000R\u0000I\u0000P\u0000E\u0000_\u0000P\u0000U\u0000B\u0000L\u0000I\u0000C\u0000_\u0000K\u0000E\u0000Y]. at C:\\Users\\julia.DPIMEDIA\\AIdoc\\slimmermetai-site\\vendor\\vlucas\\phpdotenv\\src\\Parser\\Parser.php:30)"} 
[2025-06-04T16:44:41.755403+02:00] app.ERROR: Unhandled exception {"ip":"127.0.0.1","url":"/api/auth/google.php","request_id":"5d98abea800f57a4","exception":"[object] (Dotenv\\Exception\\InvalidFileException(code: 0): Failed to parse dotenv file. Encountered an invalid name at [S\u0000T\u0000R\u0000I\u0000P\u0000E\u0000_\u0000P\u0000U\u0000B\u0000L\u0000I\u0000C\u0000_\u0000K\u0000E\u0000Y]. at C:\\Users\\julia.DPIMEDIA\\AIdoc\\slimmermetai-site\\vendor\\vlucas\\phpdotenv\\src\\Parser\\Parser.php:30)"} 
[2025-06-04T16:44:46.036406+02:00] app.ERROR: Unhandled exception {"ip":"127.0.0.1","url":"/api/auth/google.php","request_id":"93ead1e3dca6f5ee","exception":"[object] (Dotenv\\Exception\\InvalidFileException(code: 0): Failed to parse dotenv file. Encountered an invalid name at [S\u0000T\u0000R\u0000I\u0000P\u0000E\u0000_\u0000P\u0000U\u0000B\u0000L\u0000I\u0000C\u0000_\u0000K\u0000E\u0000Y]. at C:\\Users\\julia.DPIMEDIA\\AIdoc\\slimmermetai-site\\vendor\\vlucas\\phpdotenv\\src\\Parser\\Parser.php:30)"} 
[2025-06-04T16:44:53.522332+02:00] app.ERROR: Unhandled exception {"ip":"127.0.0.1","url":"/api/auth/google.php?redirect=/dashboard","request_id":"194a9373ed966b0e","exception":"[object] (Dotenv\\Exception\\InvalidFileException(code: 0): Failed to parse dotenv file. Encountered an invalid name at [S\u0000T\u0000R\u0000I\u0000P\u0000E\u0000_\u0000P\u0000U\u0000B\u0000L\u0000I\u0000C\u0000_\u0000K\u0000E\u0000Y]. at C:\\Users\\julia.DPIMEDIA\\AIdoc\\slimmermetai-site\\vendor\\vlucas\\phpdotenv\\src\\Parser\\Parser.php:30)"} 
[2025-06-04T16:45:29.823932+02:00] app.ERROR: Unhandled exception {"ip":"127.0.0.1","url":"/api/auth/google.php","request_id":"5a8ef2c3cd4d8cda","exception":"[object] (Dotenv\\Exception\\InvalidFileException(code: 0): Failed to parse dotenv file. Encountered an invalid name at [S\u0000T\u0000R\u0000I\u0000P\u0000E\u0000_\u0000P\u0000U\u0000B\u0000L\u0000I\u0000C\u0000_\u0000K\u0000E\u0000Y]. at C:\\Users\\julia.DPIMEDIA\\AIdoc\\slimmermetai-site\\vendor\\vlucas\\phpdotenv\\src\\Parser\\Parser.php:30)"} 
[2025-06-04T16:48:32.265737+02:00] app.ERROR: Constant GOOGLE_CLIENT_ID already defined {"ip":"127.0.0.1","url":"/api/auth/google.php","request_id":"6b57f77e37246cb4","file":"C:\\Users\\julia.DPIMEDIA\\AIdoc\\slimmermetai-site\\api\\auth\\google.php","line":29,"type":"WARNING"} 
[2025-06-04T16:48:46.123638+02:00] app.ERROR: Constant GOOGLE_CLIENT_ID already defined {"ip":"127.0.0.1","url":"/api/auth/google.php","request_id":"98b96a3713acbbea","file":"C:\\Users\\julia.DPIMEDIA\\AIdoc\\slimmermetai-site\\api\\auth\\google.php","line":29,"type":"WARNING"} 
[2025-06-04T16:50:15.475303+02:00] app.ERROR: Constant GOOGLE_CLIENT_ID already defined {"ip":"127.0.0.1","url":"/api/auth/google.php","request_id":"8e767f2a464e3629","file":"C:\\Users\\julia.DPIMEDIA\\AIdoc\\slimmermetai-site\\api\\auth\\google.php","line":29,"type":"WARNING"} 
[2025-06-04T16:51:03.648981+02:00] app.ERROR: session_set_cookie_params(): Session cookie parameters cannot be changed after headers have already been sent {"ip":"CLI","url":"N/A","request_id":"4482541f2a0da6d8","file":"C:\\Users\\julia.DPIMEDIA\\AIdoc\\slimmermetai-site\\bootstrap.php","line":85,"type":"WARNING"} 
[2025-06-04T16:51:03.650816+02:00] app.ERROR: session_name(): Session name cannot be changed after headers have already been sent {"ip":"CLI","url":"N/A","request_id":"4482541f2a0da6d8","file":"C:\\Users\\julia.DPIMEDIA\\AIdoc\\slimmermetai-site\\bootstrap.php","line":87,"type":"WARNING"} 
[2025-06-04T16:51:03.650951+02:00] app.ERROR: session_start(): Session cannot be started after headers have already been sent {"ip":"CLI","url":"N/A","request_id":"4482541f2a0da6d8","file":"C:\\Users\\julia.DPIMEDIA\\AIdoc\\slimmermetai-site\\bootstrap.php","line":88,"type":"WARNING"} 
[2025-06-04T16:51:03.653242+02:00] app.ERROR: session_start(): Session cannot be started after headers have already been sent {"ip":"CLI","url":"N/A","request_id":"4482541f2a0da6d8","file":"C:\\Users\\julia.DPIMEDIA\\AIdoc\\slimmermetai-site\\src\\Infrastructure\\Security\\CsrfProtection.php","line":19,"type":"WARNING"} 
[2025-06-04T16:52:12.712623+02:00] app.ERROR: Constant GOOGLE_CLIENT_ID already defined {"ip":"127.0.0.1","url":"/api/auth/google.php","request_id":"09c7bee59d6dbb2d","file":"C:\\Users\\julia.DPIMEDIA\\AIdoc\\slimmermetai-site\\api\\auth\\google.php","line":34,"type":"WARNING"} 
[2025-06-04T16:52:38.250494+02:00] app.ERROR: Constant GOOGLE_CLIENT_ID already defined {"ip":"127.0.0.1","url":"/api/auth/google.php","request_id":"5d7f144057dde39d","file":"C:\\Users\\julia.DPIMEDIA\\AIdoc\\slimmermetai-site\\api\\auth\\google.php","line":34,"type":"WARNING"} 
[2025-06-04T16:53:23.202182+02:00] app.ERROR: Constant GOOGLE_CLIENT_ID already defined {"ip":"127.0.0.1","url":"/api/auth/google.php","request_id":"4affdef4ae82c59c","file":"C:\\Users\\julia.DPIMEDIA\\AIdoc\\slimmermetai-site\\api\\auth\\google.php","line":34,"type":"WARNING"} 
[2025-06-04T16:53:23.205808+02:00] app.ERROR: Undefined variable $authUrl {"ip":"127.0.0.1","url":"/api/auth/google.php","request_id":"4affdef4ae82c59c","file":"C:\\Users\\julia.DPIMEDIA\\AIdoc\\slimmermetai-site\\api\\auth\\google.php","line":84,"type":"WARNING"} 
[2025-06-04T16:53:33.460967+02:00] app.ERROR: Constant GOOGLE_CLIENT_ID already defined {"ip":"127.0.0.1","url":"/api/auth/google.php","request_id":"b80ba3857fdd9e0e","file":"C:\\Users\\julia.DPIMEDIA\\AIdoc\\slimmermetai-site\\api\\auth\\google.php","line":34,"type":"WARNING"} 
[2025-06-04T16:53:33.461688+02:00] app.ERROR: Undefined variable $authUrl {"ip":"127.0.0.1","url":"/api/auth/google.php","request_id":"b80ba3857fdd9e0e","file":"C:\\Users\\julia.DPIMEDIA\\AIdoc\\slimmermetai-site\\api\\auth\\google.php","line":84,"type":"WARNING"} 
[2025-06-04T16:54:53.935739+02:00] app.ERROR: Constant GOOGLE_CLIENT_ID already defined {"ip":"127.0.0.1","url":"/api/auth/google.php","request_id":"3aa8f448c1d644e2","file":"C:\\Users\\julia.DPIMEDIA\\AIdoc\\slimmermetai-site\\api\\auth\\google.php","line":34,"type":"WARNING"} 
[2025-06-04T16:54:53.945196+02:00] app.ERROR: Undefined variable $authUrl {"ip":"127.0.0.1","url":"/api/auth/google.php","request_id":"3aa8f448c1d644e2","file":"C:\\Users\\julia.DPIMEDIA\\AIdoc\\slimmermetai-site\\api\\auth\\google.php","line":84,"type":"WARNING"} 
[2025-06-04T16:55:05.104705+02:00] app.ERROR: Constant GOOGLE_CLIENT_ID already defined {"ip":"127.0.0.1","url":"/api/auth/google.php","request_id":"a6eeaad586982f8f","file":"C:\\Users\\julia.DPIMEDIA\\AIdoc\\slimmermetai-site\\api\\auth\\google.php","line":34,"type":"WARNING"} 
[2025-06-04T16:55:05.106572+02:00] app.ERROR: Undefined variable $authUrl {"ip":"127.0.0.1","url":"/api/auth/google.php","request_id":"a6eeaad586982f8f","file":"C:\\Users\\julia.DPIMEDIA\\AIdoc\\slimmermetai-site\\api\\auth\\google.php","line":84,"type":"WARNING"} 
[2025-06-04T16:55:59.834518+02:00] app.ERROR: Constant GOOGLE_CLIENT_ID already defined {"ip":"127.0.0.1","url":"/api/auth/google.php","request_id":"712d0581b344ff49","file":"C:\\Users\\julia.DPIMEDIA\\AIdoc\\slimmermetai-site\\api\\auth\\google.php","line":34,"type":"WARNING"} 
[2025-06-04T16:55:59.840671+02:00] app.ERROR: Undefined variable $authUrl {"ip":"127.0.0.1","url":"/api/auth/google.php","request_id":"712d0581b344ff49","file":"C:\\Users\\julia.DPIMEDIA\\AIdoc\\slimmermetai-site\\api\\auth\\google.php","line":88,"type":"WARNING"} 
[2025-06-04T16:56:45.064987+02:00] app.ERROR: Constant GOOGLE_CLIENT_ID already defined {"ip":"127.0.0.1","url":"/api/auth/google.php","request_id":"e5376760644e1e68","file":"C:\\Users\\julia.DPIMEDIA\\AIdoc\\slimmermetai-site\\api\\auth\\google.php","line":34,"type":"WARNING"} 
[2025-06-04T16:56:59.906954+02:00] app.ERROR: Constant GOOGLE_CLIENT_ID already defined {"ip":"127.0.0.1","url":"/api/auth/google.php","request_id":"ae5fa9e343023c30","file":"C:\\Users\\julia.DPIMEDIA\\AIdoc\\slimmermetai-site\\api\\auth\\google.php","line":34,"type":"WARNING"} 
[2025-06-04T16:58:20.327239+02:00] app.ERROR: Constant GOOGLE_CLIENT_ID already defined {"ip":"127.0.0.1","url":"/api/auth/google.php?redirect=/dashboard","request_id":"4713f56573e50639","file":"C:\\Users\\julia.DPIMEDIA\\AIdoc\\slimmermetai-site\\api\\auth\\google.php","line":34,"type":"WARNING"} 
[2025-06-04T17:00:22.029527+02:00] app.ERROR: Constant GOOGLE_CLIENT_ID already defined {"ip":"127.0.0.1","url":"/api/auth/google.php","request_id":"5b9e698fbb2d1f0e","file":"C:\\Users\\julia.DPIMEDIA\\AIdoc\\slimmermetai-site\\api\\auth\\google.php","line":34,"type":"WARNING"} 
[2025-06-04T17:01:21.271436+02:00] app.ERROR: Constant GOOGLE_CLIENT_ID already defined {"ip":"127.0.0.1","url":"/api/auth/google.php","request_id":"107984581ea5218b","file":"C:\\Users\\julia.DPIMEDIA\\AIdoc\\slimmermetai-site\\api\\auth\\google.php","line":34,"type":"WARNING"} 
[2025-06-04T17:03:48.863972+02:00] app.ERROR: Constant GOOGLE_CLIENT_ID already defined {"ip":"127.0.0.1","url":"/api/auth/google.php?redirect=/dashboard","request_id":"22fada0a78da5356","file":"C:\\Users\\julia.DPIMEDIA\\AIdoc\\slimmermetai-site\\api\\auth\\google.php","line":34,"type":"WARNING"} 
