[2025-06-09T18:17:31.143397+02:00] app.ERROR: Database connectie mislukt {"ip":"::1","url":"/login","request_id":"e67c4b30891b2d28","error":"SQLSTATE[HY000] [1045] Access denied for user 'root'@'localhost' (using password: NO)"} 
[2025-06-09T18:17:31.473864+02:00] app.ERROR: Database connectie mislukt {"ip":"::1","url":"/login","request_id":"cf848e7447bbff16","error":"SQLSTATE[HY000] [1045] Access denied for user 'root'@'localhost' (using password: NO)"} 
[2025-06-09T18:17:31.671281+02:00] app.ERROR: Database connectie mislukt {"ip":"::1","url":"/login","request_id":"ddaec5081151ac5d","error":"SQLSTATE[HY000] [1045] Access denied for user 'root'@'localhost' (using password: NO)"} 
[2025-06-09T18:17:31.850141+02:00] app.ERROR: Database connectie mislukt {"ip":"::1","url":"/login","request_id":"cbec1d1671eccccb","error":"SQLSTATE[HY000] [1045] Access denied for user 'root'@'localhost' (using password: NO)"} 
[2025-06-09T21:15:33.295175+02:00] app.ERROR: Stripe API error {"ip":"CLI","url":"N/A","request_id":"25bcf43671a7355a","error":"[object] (Exception(code: 0): Stripe API error at C:\\Users\\julia.DPIMEDIA\\AIdoc\\slimmermetai-site\\tests\\Unit\\StripeControllerTest.php:58)"} 
[2025-06-09T21:15:33.303193+02:00] app.ERROR: Session not found {"ip":"CLI","url":"N/A","request_id":"25bcf43671a7355a","error":"[object] (Exception(code: 0): Session not found at C:\\Users\\julia.DPIMEDIA\\AIdoc\\slimmermetai-site\\tests\\Unit\\StripeControllerTest.php:91)"} 
[2025-06-09T21:15:33.653908+02:00] app.ERROR: Stripe API error {"ip":"CLI","url":"N/A","request_id":"25bcf43671a7355a","error":"[object] (Exception(code: 0): Stripe API error at C:\\Users\\julia.DPIMEDIA\\AIdoc\\slimmermetai-site\\tests\\Feature\\StripeControllerTest.php:54)"} 
[2025-06-09T21:15:33.866812+02:00] app.ERROR: Undefined array key "email" {"ip":"CLI","url":"N/A","request_id":"25bcf43671a7355a","file":"C:\\Users\\julia.DPIMEDIA\\AIdoc\\slimmermetai-site\\tests\\Fixtures\\MockDatabase.php","line":37,"type":"WARNING"} 
[2025-06-09T21:15:33.867454+02:00] app.ERROR: Undefined array key "email" {"ip":"CLI","url":"N/A","request_id":"25bcf43671a7355a","file":"C:\\Users\\julia.DPIMEDIA\\AIdoc\\slimmermetai-site\\tests\\Fixtures\\MockDatabase.php","line":37,"type":"WARNING"} 
[2025-06-09T21:18:04.329547+02:00] app.ERROR: Stripe API error {"ip":"CLI","url":"N/A","request_id":"94f5c0c3e7e38a99","error":"[object] (Exception(code: 0): Stripe API error at C:\\Users\\julia.DPIMEDIA\\AIdoc\\slimmermetai-site\\tests\\Unit\\StripeControllerTest.php:58)"} 
[2025-06-09T21:18:04.335680+02:00] app.ERROR: Session not found {"ip":"CLI","url":"N/A","request_id":"94f5c0c3e7e38a99","error":"[object] (Exception(code: 0): Session not found at C:\\Users\\julia.DPIMEDIA\\AIdoc\\slimmermetai-site\\tests\\Unit\\StripeControllerTest.php:91)"} 
[2025-06-09T21:18:04.474712+02:00] app.ERROR: Stripe API error {"ip":"CLI","url":"N/A","request_id":"94f5c0c3e7e38a99","error":"[object] (Exception(code: 0): Stripe API error at C:\\Users\\julia.DPIMEDIA\\AIdoc\\slimmermetai-site\\tests\\Feature\\StripeControllerTest.php:54)"} 
[2025-06-09T21:18:04.596168+02:00] app.ERROR: Undefined array key "email" {"ip":"CLI","url":"N/A","request_id":"94f5c0c3e7e38a99","file":"C:\\Users\\julia.DPIMEDIA\\AIdoc\\slimmermetai-site\\tests\\Fixtures\\MockDatabase.php","line":37,"type":"WARNING"} 
[2025-06-09T21:18:04.596490+02:00] app.ERROR: Undefined array key "email" {"ip":"CLI","url":"N/A","request_id":"94f5c0c3e7e38a99","file":"C:\\Users\\julia.DPIMEDIA\\AIdoc\\slimmermetai-site\\tests\\Fixtures\\MockDatabase.php","line":37,"type":"WARNING"} 
[2025-06-09T21:19:23.972284+02:00] app.ERROR: Stripe API error {"ip":"CLI","url":"N/A","request_id":"b1d5e5b24b566295","error":"[object] (Exception(code: 0): Stripe API error at C:\\Users\\julia.DPIMEDIA\\AIdoc\\slimmermetai-site\\tests\\Unit\\StripeControllerTest.php:58)"} 
[2025-06-09T21:19:23.980910+02:00] app.ERROR: Session not found {"ip":"CLI","url":"N/A","request_id":"b1d5e5b24b566295","error":"[object] (Exception(code: 0): Session not found at C:\\Users\\julia.DPIMEDIA\\AIdoc\\slimmermetai-site\\tests\\Unit\\StripeControllerTest.php:91)"} 
[2025-06-09T21:19:24.175819+02:00] app.ERROR: Stripe API error {"ip":"CLI","url":"N/A","request_id":"b1d5e5b24b566295","error":"[object] (Exception(code: 0): Stripe API error at C:\\Users\\julia.DPIMEDIA\\AIdoc\\slimmermetai-site\\tests\\Feature\\StripeControllerTest.php:54)"} 
[2025-06-09T21:19:24.264282+02:00] app.ERROR: Undefined array key "email" {"ip":"CLI","url":"N/A","request_id":"b1d5e5b24b566295","file":"C:\\Users\\julia.DPIMEDIA\\AIdoc\\slimmermetai-site\\tests\\Fixtures\\MockDatabase.php","line":37,"type":"WARNING"} 
[2025-06-09T21:19:24.264805+02:00] app.ERROR: Undefined array key "email" {"ip":"CLI","url":"N/A","request_id":"b1d5e5b24b566295","file":"C:\\Users\\julia.DPIMEDIA\\AIdoc\\slimmermetai-site\\tests\\Fixtures\\MockDatabase.php","line":37,"type":"WARNING"} 
[2025-06-09T21:23:25.596337+02:00] app.ERROR: Stripe API error {"ip":"CLI","url":"N/A","request_id":"724c38267541143a","error":"[object] (Exception(code: 0): Stripe API error at C:\\Users\\julia.DPIMEDIA\\AIdoc\\slimmermetai-site\\tests\\Unit\\StripeControllerTest.php:58)"} 
[2025-06-09T21:23:25.602231+02:00] app.ERROR: Session not found {"ip":"CLI","url":"N/A","request_id":"724c38267541143a","error":"[object] (Exception(code: 0): Session not found at C:\\Users\\julia.DPIMEDIA\\AIdoc\\slimmermetai-site\\tests\\Unit\\StripeControllerTest.php:91)"} 
[2025-06-09T21:23:26.108185+02:00] app.ERROR: Stripe API error {"ip":"CLI","url":"N/A","request_id":"724c38267541143a","error":"[object] (Exception(code: 0): Stripe API error at C:\\Users\\julia.DPIMEDIA\\AIdoc\\slimmermetai-site\\tests\\Feature\\StripeControllerTest.php:54)"} 
[2025-06-09T21:23:26.274356+02:00] app.ERROR: Undefined array key "email" {"ip":"CLI","url":"N/A","request_id":"724c38267541143a","file":"C:\\Users\\julia.DPIMEDIA\\AIdoc\\slimmermetai-site\\tests\\Fixtures\\MockDatabase.php","line":37,"type":"WARNING"} 
[2025-06-09T21:23:26.274794+02:00] app.ERROR: Undefined array key "email" {"ip":"CLI","url":"N/A","request_id":"724c38267541143a","file":"C:\\Users\\julia.DPIMEDIA\\AIdoc\\slimmermetai-site\\tests\\Fixtures\\MockDatabase.php","line":37,"type":"WARNING"} 
[2025-06-09T21:23:32.651515+02:00] app.ERROR: file_put_contents(C:\Users\julia.DPIMEDIA\AIdoc\slimmermetai-site\coverage/html\Http/Controller/AccountPageController.php.html): Failed to open stream: Permission denied {"ip":"CLI","url":"N/A","request_id":"724c38267541143a","file":"C:\\Users\\julia.DPIMEDIA\\AIdoc\\slimmermetai-site\\vendor\\phpunit\\php-text-template\\src\\Template.php","line":98,"type":"WARNING"} 
[2025-06-09T21:24:25.052800+02:00] app.ERROR: Stripe API error {"ip":"CLI","url":"N/A","request_id":"15607bd922f1092e","error":"[object] (Exception(code: 0): Stripe API error at C:\\Users\\julia.DPIMEDIA\\AIdoc\\slimmermetai-site\\tests\\Unit\\StripeControllerTest.php:58)"} 
[2025-06-09T21:24:25.062463+02:00] app.ERROR: Session not found {"ip":"CLI","url":"N/A","request_id":"15607bd922f1092e","error":"[object] (Exception(code: 0): Session not found at C:\\Users\\julia.DPIMEDIA\\AIdoc\\slimmermetai-site\\tests\\Unit\\StripeControllerTest.php:91)"} 
[2025-06-09T21:24:25.650979+02:00] app.ERROR: Stripe API error {"ip":"CLI","url":"N/A","request_id":"15607bd922f1092e","error":"[object] (Exception(code: 0): Stripe API error at C:\\Users\\julia.DPIMEDIA\\AIdoc\\slimmermetai-site\\tests\\Feature\\StripeControllerTest.php:54)"} 
[2025-06-09T21:24:25.744414+02:00] app.ERROR: Undefined array key "email" {"ip":"CLI","url":"N/A","request_id":"15607bd922f1092e","file":"C:\\Users\\julia.DPIMEDIA\\AIdoc\\slimmermetai-site\\tests\\Fixtures\\MockDatabase.php","line":37,"type":"WARNING"} 
[2025-06-09T21:24:25.744760+02:00] app.ERROR: Undefined array key "email" {"ip":"CLI","url":"N/A","request_id":"15607bd922f1092e","file":"C:\\Users\\julia.DPIMEDIA\\AIdoc\\slimmermetai-site\\tests\\Fixtures\\MockDatabase.php","line":37,"type":"WARNING"} 
[2025-06-09T21:26:35.873740+02:00] app.ERROR: Stripe API error {"ip":"CLI","url":"N/A","request_id":"dca0c77ac7efb72c","error":"[object] (Exception(code: 0): Stripe API error at C:\\Users\\julia.DPIMEDIA\\AIdoc\\slimmermetai-site\\tests\\Unit\\StripeControllerTest.php:58)"} 
[2025-06-09T21:26:35.880341+02:00] app.ERROR: Session not found {"ip":"CLI","url":"N/A","request_id":"dca0c77ac7efb72c","error":"[object] (Exception(code: 0): Session not found at C:\\Users\\julia.DPIMEDIA\\AIdoc\\slimmermetai-site\\tests\\Unit\\StripeControllerTest.php:91)"} 
[2025-06-09T21:26:36.353552+02:00] app.ERROR: Stripe API error {"ip":"CLI","url":"N/A","request_id":"dca0c77ac7efb72c","error":"[object] (Exception(code: 0): Stripe API error at C:\\Users\\julia.DPIMEDIA\\AIdoc\\slimmermetai-site\\tests\\Feature\\StripeControllerTest.php:54)"} 
[2025-06-09T21:26:36.442511+02:00] app.ERROR: Undefined array key "email" {"ip":"CLI","url":"N/A","request_id":"dca0c77ac7efb72c","file":"C:\\Users\\julia.DPIMEDIA\\AIdoc\\slimmermetai-site\\tests\\Fixtures\\MockDatabase.php","line":37,"type":"WARNING"} 
[2025-06-09T21:26:36.442837+02:00] app.ERROR: Undefined array key "email" {"ip":"CLI","url":"N/A","request_id":"dca0c77ac7efb72c","file":"C:\\Users\\julia.DPIMEDIA\\AIdoc\\slimmermetai-site\\tests\\Fixtures\\MockDatabase.php","line":37,"type":"WARNING"} 
