[2025-06-06T09:11:23.920751+02:00] app.ERROR: Database connectie mislukt {"ip":"::1","url":"/api","request_id":"4fd3e31e23e7b0ec","error":"SQLSTATE[HY000] [1045] Access denied for user 'root'@'localhost' (using password: NO)"} 
[2025-06-06T09:11:23.924303+02:00] app.ERROR: Databaseverbinding mislukt {"ip":"::1","url":"/api","request_id":"4fd3e31e23e7b0ec","error":"SQLSTATE[HY000] [1045] Access denied for user 'root'@'localhost' (using password: NO)"} 
[2025-06-06T09:34:30.133357+02:00] app.ERROR: Database connectie mislukt {"ip":"CLI","url":"N/A","request_id":"5a3ca37523acb709","error":"SQLSTATE[HY000] [1045] Access denied for user 'root'@'localhost' (using password: NO)"} 
[2025-06-06T09:34:30.139099+02:00] app.ERROR: Database connectie mislukt {"ip":"CLI","url":"N/A","request_id":"5a3ca37523acb709","error":"SQLSTATE[HY000] [1045] Access denied for user 'root'@'localhost' (using password: NO)"} 
[2025-06-06T09:34:30.364108+02:00] app.ERROR: Database connectie mislukt {"ip":"CLI","url":"N/A","request_id":"5a3ca37523acb709","error":"SQLSTATE[HY000] [1045] Access denied for user 'root'@'localhost' (using password: NO)"} 
[2025-06-06T09:35:19.032315+02:00] app.ERROR: Database connectie mislukt {"ip":"CLI","url":"N/A","request_id":"2527a597274833c0","error":"SQLSTATE[HY000] [1045] Access denied for user 'root'@'localhost' (using password: NO)"} 
[2025-06-06T09:35:19.039143+02:00] app.ERROR: Database connectie mislukt {"ip":"CLI","url":"N/A","request_id":"2527a597274833c0","error":"SQLSTATE[HY000] [1045] Access denied for user 'root'@'localhost' (using password: NO)"} 
[2025-06-06T09:35:48.347623+02:00] app.ERROR: Database connectie mislukt {"ip":"CLI","url":"N/A","request_id":"e6e5387c317fe271","error":"SQLSTATE[HY000] [1045] Access denied for user 'root'@'localhost' (using password: NO)"} 
[2025-06-06T14:26:06.459324+02:00] app.ERROR: Database connectie mislukt {"ip":"::1","url":"/","request_id":"5736880ae138d2f8","error":"SQLSTATE[HY000] [1045] Access denied for user 'root'@'localhost' (using password: NO)"} 
[2025-06-06T14:27:03.925637+02:00] app.ERROR: Database connectie mislukt {"ip":"::1","url":"/","request_id":"49e1a537041e5a79","error":"SQLSTATE[HY000] [1045] Access denied for user 'root'@'localhost' (using password: NO)"} 
[2025-06-06T14:27:10.402880+02:00] app.ERROR: Cannot register two routes matching "/api/user/progress" for method "OPTIONS" {"ip":"::1","url":"/","request_id":"2327ddb8bdcedae9","file":"C:\\Users\\julia.DPIMEDIA\\AIdoc\\slimmermetai-site\\vendor\\nikic\\fast-route\\src\\DataGenerator\\RegexBasedAbstract.php","line":86,"trace":"#0 C:\\Users\\julia.DPIMEDIA\\AIdoc\\slimmermetai-site\\vendor\\nikic\\fast-route\\src\\DataGenerator\\RegexBasedAbstract.php(30): FastRoute\\DataGenerator\\RegexBasedAbstract->addStaticRoute('OPTIONS', Array, Array)
#1 C:\\Users\\julia.DPIMEDIA\\AIdoc\\slimmermetai-site\\vendor\\nikic\\fast-route\\src\\RouteCollector.php(44): FastRoute\\DataGenerator\\RegexBasedAbstract->addRoute('OPTIONS', Array, Array)
#2 C:\\Users\\julia.DPIMEDIA\\AIdoc\\slimmermetai-site\\public_html\\index.php(247): FastRoute\\RouteCollector->addRoute(Array, '/api/user/progr...', Array)
#3 C:\\Users\\julia.DPIMEDIA\\AIdoc\\slimmermetai-site\\vendor\\nikic\\fast-route\\src\\functions.php(25): {closure}(Object(FastRoute\\RouteCollector))
#4 C:\\Users\\julia.DPIMEDIA\\AIdoc\\slimmermetai-site\\public_html\\index.php(297): FastRoute\\simpleDispatcher(Object(Closure))
#5 C:\\Users\\julia.DPIMEDIA\\AIdoc\\slimmermetai-site\\router.php(48): require('C:\\\\Users\\\\julia....')
#6 {main}"} 
[2025-06-06T14:28:30.864505+02:00] app.ERROR: Database connectie mislukt {"ip":"::1","url":"/e-learning","request_id":"8c36063557ec6301","error":"SQLSTATE[HY000] [1045] Access denied for user 'root'@'localhost' (using password: NO)"} 
[2025-06-06T14:28:37.462973+02:00] app.ERROR: Database connectie mislukt {"ip":"::1","url":"/login","request_id":"ae281ddc3dcd6cc8","error":"SQLSTATE[HY000] [1045] Access denied for user 'root'@'localhost' (using password: NO)"} 
[2025-06-06T14:28:42.865333+02:00] app.ERROR: Database connectie mislukt {"ip":"::1","url":"/e-learning/course-ai-basics","request_id":"a235f513e09ced09","error":"SQLSTATE[HY000] [1045] Access denied for user 'root'@'localhost' (using password: NO)"} 
[2025-06-06T14:28:48.601948+02:00] app.ERROR: Database connectie mislukt {"ip":"::1","url":"/api/session","request_id":"289e1e02a19b3c57","error":"SQLSTATE[HY000] [1045] Access denied for user 'root'@'localhost' (using password: NO)"} 
[2025-06-06T14:29:54.998145+02:00] app.ERROR: Database connectie mislukt {"ip":"::1","url":"/login","request_id":"e436889b460e53d5","error":"SQLSTATE[HY000] [1045] Access denied for user 'root'@'localhost' (using password: NO)"} 
[2025-06-06T14:29:55.182599+02:00] app.ERROR: Database connectie mislukt {"ip":"::1","url":"/login","request_id":"2b5572608110dc70","error":"SQLSTATE[HY000] [1045] Access denied for user 'root'@'localhost' (using password: NO)"} 
[2025-06-06T14:39:40.832801+02:00] app.ERROR: Database connectie mislukt {"ip":"::1","url":"/","request_id":"dc88ec9a472f2113","error":"SQLSTATE[HY000] [1045] Access denied for user 'root'@'localhost' (using password: NO)"} 
[2025-06-06T14:39:43.348993+02:00] app.ERROR: Database connectie mislukt {"ip":"::1","url":"/api/auth/google.php","request_id":"7d337f55953c15ab","error":"SQLSTATE[HY000] [1045] Access denied for user 'root'@'localhost' (using password: NO)"} 
[2025-06-06T14:39:49.630348+02:00] app.ERROR: Database connectie mislukt {"ip":"::1","url":"/login","request_id":"d9b8475fa3eff814","error":"SQLSTATE[HY000] [1045] Access denied for user 'root'@'localhost' (using password: NO)"} 
[2025-06-06T14:39:55.333982+02:00] app.ERROR: Database connectie mislukt {"ip":"::1","url":"/login","request_id":"d2f7651af9881485","error":"SQLSTATE[HY000] [1045] Access denied for user 'root'@'localhost' (using password: NO)"} 
[2025-06-06T14:40:24.701773+02:00] app.ERROR: Database connectie mislukt {"ip":"::1","url":"/api/stripe/config","request_id":"007b3bfefed8aad6","error":"SQLSTATE[HY000] [1045] Access denied for user 'root'@'localhost' (using password: NO)"} 
[2025-06-06T14:40:30.983103+02:00] app.ERROR: Database connectie mislukt {"ip":"::1","url":"/login","request_id":"0119a77033912209","error":"SQLSTATE[HY000] [1045] Access denied for user 'root'@'localhost' (using password: NO)"} 
[2025-06-06T14:41:02.362335+02:00] app.ERROR: session_set_cookie_params(): Session cookie parameters cannot be changed after headers have already been sent {"ip":"CLI","url":"N/A","request_id":"b112d51c8a219adf","file":"C:\\Users\\julia.DPIMEDIA\\AIdoc\\slimmermetai-site\\bootstrap.php","line":195,"type":"WARNING"} 
[2025-06-06T14:41:02.362731+02:00] app.ERROR: session_name(): Session name cannot be changed after headers have already been sent {"ip":"CLI","url":"N/A","request_id":"b112d51c8a219adf","file":"C:\\Users\\julia.DPIMEDIA\\AIdoc\\slimmermetai-site\\bootstrap.php","line":197,"type":"WARNING"} 
[2025-06-06T14:41:02.362779+02:00] app.ERROR: session_start(): Session cannot be started after headers have already been sent {"ip":"CLI","url":"N/A","request_id":"b112d51c8a219adf","file":"C:\\Users\\julia.DPIMEDIA\\AIdoc\\slimmermetai-site\\bootstrap.php","line":198,"type":"WARNING"} 
[2025-06-06T14:41:02.363162+02:00] app.ERROR: session_start(): Session cannot be started after headers have already been sent {"ip":"CLI","url":"N/A","request_id":"b112d51c8a219adf","file":"C:\\Users\\julia.DPIMEDIA\\AIdoc\\slimmermetai-site\\src\\Infrastructure\\Security\\CsrfProtection.php","line":26,"type":"WARNING"} 
[2025-06-06T14:52:17.920694+02:00] app.ERROR: str_repeat(): Argument #2 ($times) must be greater than or equal to 0 {"ip":"CLI","url":"N/A","request_id":"ca33a3f78ac25ba9","file":"C:\\Users\\julia.DPIMEDIA\\AIdoc\\slimmermetai-site\\scripts\\generate-architecture-docs.php","line":297,"trace":"#0 C:\\Users\\julia.DPIMEDIA\\AIdoc\\slimmermetai-site\\scripts\\generate-architecture-docs.php(297): str_repeat('\\xE2\\x96\\x91', -37)
#1 C:\\Users\\julia.DPIMEDIA\\AIdoc\\slimmermetai-site\\scripts\\generate-architecture-docs.php(171): ArchitectureDocumentationGenerator->generateMigrationStatus()
#2 C:\\Users\\julia.DPIMEDIA\\AIdoc\\slimmermetai-site\\scripts\\generate-architecture-docs.php(32): ArchitectureDocumentationGenerator->generateDocumentation()
#3 C:\\Users\\julia.DPIMEDIA\\AIdoc\\slimmermetai-site\\scripts\\generate-architecture-docs.php(353): ArchitectureDocumentationGenerator->run()
#4 {main}"} 
[2025-06-06T14:55:26.158669+02:00] app.ERROR: strict_types declaration must be the very first statement in the script {"ip":"CLI","url":"N/A","request_id":"718ce77f856f9bce","file":"C:\\Users\\julia.DPIMEDIA\\AIdoc\\slimmermetai-site\\src\\Infrastructure\\Database\\Database.php","line":3,"type":"FATAL"} 
[2025-06-06T14:58:20.707558+02:00] app.ERROR: str_repeat(): Argument #2 ($times) must be greater than or equal to 0 {"ip":"CLI","url":"N/A","request_id":"57dfbf2fd565e42b","file":"C:\\Users\\julia.DPIMEDIA\\AIdoc\\slimmermetai-site\\scripts\\generate-architecture-docs.php","line":297,"trace":"#0 C:\\Users\\julia.DPIMEDIA\\AIdoc\\slimmermetai-site\\scripts\\generate-architecture-docs.php(297): str_repeat('\\xE2\\x96\\x91', -37)
#1 C:\\Users\\julia.DPIMEDIA\\AIdoc\\slimmermetai-site\\scripts\\generate-architecture-docs.php(171): ArchitectureDocumentationGenerator->generateMigrationStatus()
#2 C:\\Users\\julia.DPIMEDIA\\AIdoc\\slimmermetai-site\\scripts\\generate-architecture-docs.php(32): ArchitectureDocumentationGenerator->generateDocumentation()
#3 C:\\Users\\julia.DPIMEDIA\\AIdoc\\slimmermetai-site\\scripts\\generate-architecture-docs.php(353): ArchitectureDocumentationGenerator->run()
#4 {main}"} 
[2025-06-06T15:08:05.906181+02:00] app.ERROR: str_repeat(): Argument #2 ($times) must be greater than or equal to 0 {"ip":"CLI","url":"N/A","request_id":"33178ca5b3664958","file":"C:\\Users\\julia.DPIMEDIA\\AIdoc\\slimmermetai-site\\scripts\\generate-architecture-docs.php","line":297,"trace":"#0 C:\\Users\\julia.DPIMEDIA\\AIdoc\\slimmermetai-site\\scripts\\generate-architecture-docs.php(297): str_repeat('\\xE2\\x96\\x91', -37)
#1 C:\\Users\\julia.DPIMEDIA\\AIdoc\\slimmermetai-site\\scripts\\generate-architecture-docs.php(171): ArchitectureDocumentationGenerator->generateMigrationStatus()
#2 C:\\Users\\julia.DPIMEDIA\\AIdoc\\slimmermetai-site\\scripts\\generate-architecture-docs.php(32): ArchitectureDocumentationGenerator->generateDocumentation()
#3 C:\\Users\\julia.DPIMEDIA\\AIdoc\\slimmermetai-site\\scripts\\generate-architecture-docs.php(353): ArchitectureDocumentationGenerator->run()
#4 {main}"} 
[2025-06-06T15:09:13.497640+02:00] app.ERROR: str_repeat(): Argument #2 ($times) must be greater than or equal to 0 {"ip":"CLI","url":"N/A","request_id":"60fe905e90a44028","file":"C:\\Users\\julia.DPIMEDIA\\AIdoc\\slimmermetai-site\\scripts\\generate-architecture-docs.php","line":297,"trace":"#0 C:\\Users\\julia.DPIMEDIA\\AIdoc\\slimmermetai-site\\scripts\\generate-architecture-docs.php(297): str_repeat('\\xE2\\x96\\x91', -37)
#1 C:\\Users\\julia.DPIMEDIA\\AIdoc\\slimmermetai-site\\scripts\\generate-architecture-docs.php(171): ArchitectureDocumentationGenerator->generateMigrationStatus()
#2 C:\\Users\\julia.DPIMEDIA\\AIdoc\\slimmermetai-site\\scripts\\generate-architecture-docs.php(32): ArchitectureDocumentationGenerator->generateDocumentation()
#3 C:\\Users\\julia.DPIMEDIA\\AIdoc\\slimmermetai-site\\scripts\\generate-architecture-docs.php(353): ArchitectureDocumentationGenerator->run()
#4 {main}"} 
[2025-06-06T15:11:05.054790+02:00] app.ERROR: str_repeat(): Argument #2 ($times) must be greater than or equal to 0 {"ip":"CLI","url":"N/A","request_id":"ad0aa490effa8684","file":"C:\\Users\\julia.DPIMEDIA\\AIdoc\\slimmermetai-site\\scripts\\generate-architecture-docs.php","line":297,"trace":"#0 C:\\Users\\julia.DPIMEDIA\\AIdoc\\slimmermetai-site\\scripts\\generate-architecture-docs.php(297): str_repeat('\\xE2\\x96\\x91', -37)
#1 C:\\Users\\julia.DPIMEDIA\\AIdoc\\slimmermetai-site\\scripts\\generate-architecture-docs.php(171): ArchitectureDocumentationGenerator->generateMigrationStatus()
#2 C:\\Users\\julia.DPIMEDIA\\AIdoc\\slimmermetai-site\\scripts\\generate-architecture-docs.php(32): ArchitectureDocumentationGenerator->generateDocumentation()
#3 C:\\Users\\julia.DPIMEDIA\\AIdoc\\slimmermetai-site\\scripts\\generate-architecture-docs.php(353): ArchitectureDocumentationGenerator->run()
#4 {main}"} 
[2025-06-06T15:11:59.143243+02:00] app.ERROR: Database connectie mislukt {"ip":"::1","url":"/login","request_id":"f88b0a66a6d590fb","error":"SQLSTATE[HY000] [1045] Access denied for user 'root'@'localhost' (using password: NO)"} 
[2025-06-06T15:11:59.365281+02:00] app.ERROR: Database connectie mislukt {"ip":"::1","url":"/login","request_id":"69141ee406ef5afd","error":"SQLSTATE[HY000] [1045] Access denied for user 'root'@'localhost' (using password: NO)"} 
[2025-06-06T15:11:59.470781+02:00] app.ERROR: Database connectie mislukt {"ip":"::1","url":"/winkelwagen","request_id":"5cde02c0c4bb3129","error":"SQLSTATE[HY000] [1045] Access denied for user 'root'@'localhost' (using password: NO)"} 
[2025-06-06T15:11:59.578913+02:00] app.ERROR: Database connectie mislukt {"ip":"::1","url":"/login","request_id":"1a564f102a0b7674","error":"SQLSTATE[HY000] [1045] Access denied for user 'root'@'localhost' (using password: NO)"} 
[2025-06-06T15:11:59.673871+02:00] app.ERROR: Database connectie mislukt {"ip":"::1","url":"/dashboard","request_id":"f78ba07fb6efd0bb","error":"SQLSTATE[HY000] [1045] Access denied for user 'root'@'localhost' (using password: NO)"} 
[2025-06-06T15:12:09.084697+02:00] app.ERROR: Database connectie mislukt {"ip":"::1","url":"/login","request_id":"c58873ed34f02542","error":"SQLSTATE[HY000] [1045] Access denied for user 'root'@'localhost' (using password: NO)"} 
[2025-06-06T15:12:09.315860+02:00] app.ERROR: Database connectie mislukt {"ip":"::1","url":"/login","request_id":"6b6d5dfd2e7630ed","error":"SQLSTATE[HY000] [1045] Access denied for user 'root'@'localhost' (using password: NO)"} 
[2025-06-06T15:12:09.438467+02:00] app.ERROR: Database connectie mislukt {"ip":"::1","url":"/winkelwagen","request_id":"b885587182a63186","error":"SQLSTATE[HY000] [1045] Access denied for user 'root'@'localhost' (using password: NO)"} 
[2025-06-06T15:12:09.545811+02:00] app.ERROR: Database connectie mislukt {"ip":"::1","url":"/login","request_id":"56f381394a867fd9","error":"SQLSTATE[HY000] [1045] Access denied for user 'root'@'localhost' (using password: NO)"} 
[2025-06-06T15:12:26.458138+02:00] app.ERROR: Database connectie mislukt {"ip":"::1","url":"/login","request_id":"a4cfb7d35300694c","error":"SQLSTATE[HY000] [1045] Access denied for user 'root'@'localhost' (using password: NO)"} 
[2025-06-06T15:12:26.758954+02:00] app.ERROR: Database connectie mislukt {"ip":"::1","url":"/login","request_id":"7422aa081c45cfc9","error":"SQLSTATE[HY000] [1045] Access denied for user 'root'@'localhost' (using password: NO)"} 
[2025-06-06T15:12:30.030007+02:00] app.ERROR: Database connectie mislukt {"ip":"::1","url":"/login","request_id":"ed9e5979d0e6926a","error":"SQLSTATE[HY000] [1045] Access denied for user 'root'@'localhost' (using password: NO)"} 
[2025-06-06T15:12:30.306207+02:00] app.ERROR: Database connectie mislukt {"ip":"::1","url":"/login","request_id":"68fc9279a3fa0937","error":"SQLSTATE[HY000] [1045] Access denied for user 'root'@'localhost' (using password: NO)"} 
[2025-06-06T15:12:38.306447+02:00] app.ERROR: Database connectie mislukt {"ip":"::1","url":"/login","request_id":"19e4075607b2fc0c","error":"SQLSTATE[HY000] [1045] Access denied for user 'root'@'localhost' (using password: NO)"} 
[2025-06-06T15:12:38.554727+02:00] app.ERROR: Database connectie mislukt {"ip":"::1","url":"/login","request_id":"f44791203cedfd19","error":"SQLSTATE[HY000] [1045] Access denied for user 'root'@'localhost' (using password: NO)"} 
[2025-06-06T15:12:40.871518+02:00] app.ERROR: Database connectie mislukt {"ip":"::1","url":"/login","request_id":"f46727478cfb14f4","error":"SQLSTATE[HY000] [1045] Access denied for user 'root'@'localhost' (using password: NO)"} 
[2025-06-06T15:12:41.131986+02:00] app.ERROR: Database connectie mislukt {"ip":"::1","url":"/login","request_id":"8d8868881e5e4056","error":"SQLSTATE[HY000] [1045] Access denied for user 'root'@'localhost' (using password: NO)"} 
[2025-06-06T15:12:48.121498+02:00] app.ERROR: Database connectie mislukt {"ip":"::1","url":"/login","request_id":"9bac81e151ef4e05","error":"SQLSTATE[HY000] [1045] Access denied for user 'root'@'localhost' (using password: NO)"} 
[2025-06-06T15:12:48.350510+02:00] app.ERROR: Database connectie mislukt {"ip":"::1","url":"/login","request_id":"6598d066324b6849","error":"SQLSTATE[HY000] [1045] Access denied for user 'root'@'localhost' (using password: NO)"} 
[2025-06-06T15:12:50.759151+02:00] app.ERROR: Database connectie mislukt {"ip":"::1","url":"/login","request_id":"c876a2c3204f92e3","error":"SQLSTATE[HY000] [1045] Access denied for user 'root'@'localhost' (using password: NO)"} 
[2025-06-06T15:12:50.977522+02:00] app.ERROR: Database connectie mislukt {"ip":"::1","url":"/login","request_id":"be7473e1ec6b97dc","error":"SQLSTATE[HY000] [1045] Access denied for user 'root'@'localhost' (using password: NO)"} 
[2025-06-06T15:12:58.095548+02:00] app.ERROR: Database connectie mislukt {"ip":"::1","url":"/login","request_id":"c0788c45e59ba016","error":"SQLSTATE[HY000] [1045] Access denied for user 'root'@'localhost' (using password: NO)"} 
[2025-06-06T15:12:58.340034+02:00] app.ERROR: Database connectie mislukt {"ip":"::1","url":"/login","request_id":"1f200efee61e327b","error":"SQLSTATE[HY000] [1045] Access denied for user 'root'@'localhost' (using password: NO)"} 
[2025-06-06T15:13:00.609829+02:00] app.ERROR: Database connectie mislukt {"ip":"::1","url":"/login","request_id":"e0d534bde333e438","error":"SQLSTATE[HY000] [1045] Access denied for user 'root'@'localhost' (using password: NO)"} 
[2025-06-06T15:13:00.883983+02:00] app.ERROR: Database connectie mislukt {"ip":"::1","url":"/login","request_id":"9599658d358655fa","error":"SQLSTATE[HY000] [1045] Access denied for user 'root'@'localhost' (using password: NO)"} 
[2025-06-06T15:35:56.809905+02:00] app.ERROR: Database connectie mislukt {"ip":"::1","url":"/sse","request_id":"73ca015a2c08d7c1","error":"SQLSTATE[HY000] [1045] Access denied for user 'root'@'localhost' (using password: NO)"} 
[2025-06-06T15:35:58.381269+02:00] app.ERROR: Database connectie mislukt {"ip":"::1","url":"/login","request_id":"6c6d82aa4253aba6","error":"SQLSTATE[HY000] [1045] Access denied for user 'root'@'localhost' (using password: NO)"} 
